#
# There is insufficient memory for the Java Runtime Environment to continue.
# Native memory allocation (malloc) failed to allocate 75216 bytes for Chunk::new
# Possible reasons:
#   The system is out of physical RAM or swap space
#   The process is running with CompressedOops enabled, and the Java Heap may be blocking the growth of the native heap
# Possible solutions:
#   Reduce memory load on the system
#   Increase physical memory or swap space
#   Check if swap backing store is full
#   Decrease Java heap size (-Xmx/-Xms)
#   Decrease number of Java threads
#   Decrease Java thread stack sizes (-Xss)
#   Set larger code cache with -XX:ReservedCodeCacheSize=
#   JVM is running with Unscaled Compressed Oops mode in which the Java heap is
#     placed in the first 4GB address space. The Java Heap base address is the
#     maximum limit for the native heap growth. Please use -XX:HeapBaseMinAddress
#     to set the Java Heap base and to place the Java Heap above 4GB virtual address.
# This output file may be truncated or incomplete.
#
#  Out of Memory Error (./src/hotspot/share/memory/arena.cpp:197), pid=1528, tid=9080
#
# JRE version: OpenJDK Runtime Environment (11.0.8+10) (build 11.0.8+10-b944.6842174)
# Java VM: OpenJDK 64-Bit Server VM (11.0.8+10-b944.6842174, mixed mode, tiered, compressed oops, g1 gc, windows-amd64)
# No core dump will be written. Minidumps are not enabled by default on client versions of Windows
#

---------------  S U M M A R Y ------------

Command Line: --add-opens=java.base/java.util=ALL-UNNAMED --add-opens=java.base/java.lang=ALL-UNNAMED --add-opens=java.base/java.lang.invoke=ALL-UNNAMED --add-opens=java.prefs/java.util.prefs=ALL-UNNAMED -Xmx2048m -Dfile.encoding=UTF-8 -Duser.country=KR -Duser.language=ko -Duser.variant org.gradle.launcher.daemon.bootstrap.GradleDaemon 6.7.1

Host: 11th Gen Intel(R) Core(TM) i5-1135G7 @ 2.40GHz, 8 cores, 7G,  Windows 10 , 64 bit Build 19041 (10.0.19041.1151)
Time: Mon Aug 16 12:22:50 2021 대한민국 표준시 elapsed time: 12 seconds (0d 0h 0m 12s)

---------------  T H R E A D  ---------------

Current thread (0x0000015463d24800):  JavaThread "C2 CompilerThread2" daemon [_thread_in_native, id=9080, stack(0x00000038c4300000,0x00000038c4400000)]


Current CompileTask:
C2:  12179 4763       4       org.objectweb.asm.ByteVector::putUTF8 (144 bytes)

Stack: [0x00000038c4300000,0x00000038c4400000]
Native frames: (J=compiled Java code, j=interpreted, Vv=VM code, C=native code)
V  [jvm.dll+0x5de50a]
V  [jvm.dll+0x7122f5]
V  [jvm.dll+0x71384d]
V  [jvm.dll+0x713f03]
V  [jvm.dll+0x23e728]
V  [jvm.dll+0xb899c]
V  [jvm.dll+0xb8e9c]
V  [jvm.dll+0x35024d]
V  [jvm.dll+0x193cbc]
V  [jvm.dll+0x1f780e]
V  [jvm.dll+0x1f68d4]
V  [jvm.dll+0x17f32c]
V  [jvm.dll+0x205047]
V  [jvm.dll+0x203891]
V  [jvm.dll+0x6dad3f]
V  [jvm.dll+0x6d3895]
V  [jvm.dll+0x5dd4a6]
C  [ucrtbase.dll+0x21bb2]
C  [KERNEL32.DLL+0x17034]
C  [ntdll.dll+0x52651]


---------------  P R O C E S S  ---------------

Threads class SMR info:
_java_thread_list=0x0000015466e4e280, length=137, elements={
0x00000154464ca800, 0x0000015462770000, 0x0000015462779000, 0x0000015463096000,
0x000001546278d000, 0x000001546278f800, 0x000001546279e800, 0x00000154627ac000,
0x00000154631f6800, 0x00000154631fb800, 0x0000015465265800, 0x0000015463472800,
0x0000015465809000, 0x0000015464a59800, 0x0000015463f1c800, 0x000001546504d000,
0x0000015464f8d000, 0x0000015464c0e000, 0x0000015465242800, 0x0000015465243800,
0x00000154650e4800, 0x00000154650e5000, 0x00000154650e6000, 0x00000154650e3000,
0x00000154650e7000, 0x00000154650e3800, 0x00000154650e7800, 0x00000154650e8800,
0x00000154672a7800, 0x00000154672a8800, 0x00000154672a3800, 0x00000154672a5000,
0x00000154672aa000, 0x00000154672ab000, 0x00000154672ab800, 0x00000154672a6000,
0x00000154672ac800, 0x00000154672a7000, 0x00000154672ad800, 0x00000154672b2800,
0x00000154672b0800, 0x00000154672b0000, 0x00000154672b1800, 0x00000154672ae000,
0x00000154672af000, 0x0000015465717800, 0x0000015465714800, 0x000001546571b000,
0x0000015465718800, 0x0000015465715000, 0x000001546571b800, 0x0000015465719800,
0x000001546571a000, 0x0000015465716000, 0x000001546571c800, 0x0000015465717000,
0x0000015465722000, 0x0000015465721800, 0x0000015465723000, 0x000001546571e000,
0x000001546571d800, 0x000001546571f000, 0x0000015465720000, 0x0000015465720800,
0x0000015466cf2000, 0x0000015466cf3800, 0x0000015466cf2800, 0x0000015466cf4800,
0x0000015466cf5000, 0x0000015466cf6000, 0x0000015466cf0000, 0x0000015466cf6800,
0x0000015466cf1000, 0x0000015466cf8800, 0x0000015466cfd800, 0x0000015466cf7800,
0x0000015466cfb000, 0x0000015466cfe000, 0x0000015466cff000, 0x0000015466cf9000,
0x0000015466cfa000, 0x0000015466cfb800, 0x0000015466cfc800, 0x00000154678f9800,
0x00000154678fa800, 0x00000154678f6800, 0x00000154678f4800, 0x00000154678f7000,
0x00000154678f5800, 0x00000154678fb800, 0x00000154678fd000, 0x00000154678fc000,
0x00000154678fd800, 0x00000154678f8000, 0x00000154678fe800, 0x00000154678f9000,
0x00000154678ff800, 0x0000015467901000, 0x0000015467902800, 0x0000015467900000,
0x0000015467902000, 0x0000015467903800, 0x000001546564c000, 0x000001546564a800,
0x0000015465647000, 0x0000015465648000, 0x0000015465649000, 0x000001546564b800,
0x000001546564f800, 0x000001546564d000, 0x000001546564d800, 0x000001546564e800,
0x0000015465649800, 0x0000015465652000, 0x0000015465655000, 0x0000015465650000,
0x0000015465651000, 0x0000015465652800, 0x0000015465653800, 0x0000015465654800,
0x0000015465656000, 0x00000154652bc800, 0x00000154652ba000, 0x00000154652b9800,
0x00000154652bb000, 0x00000154652bc000, 0x00000154652bd800, 0x00000154652b7800,
0x00000154652be800, 0x00000154652b8800, 0x00000154652c1800, 0x00000154652c5000,
0x00000154652c0000, 0x00000154652c2800, 0x00000154652bf000, 0x0000015469ce7000,
0x0000015463d24800
}

Java Threads: ( => current thread )
  0x00000154464ca800 JavaThread "main" [_thread_blocked, id=10224, stack(0x00000038baa00000,0x00000038bab00000)]
  0x0000015462770000 JavaThread "Reference Handler" daemon [_thread_blocked, id=4940, stack(0x00000038bb100000,0x00000038bb200000)]
  0x0000015462779000 JavaThread "Finalizer" daemon [_thread_blocked, id=2600, stack(0x00000038bb200000,0x00000038bb300000)]
  0x0000015463096000 JavaThread "Signal Dispatcher" daemon [_thread_blocked, id=12868, stack(0x00000038bb300000,0x00000038bb400000)]
  0x000001546278d000 JavaThread "Attach Listener" daemon [_thread_blocked, id=15868, stack(0x00000038bb400000,0x00000038bb500000)]
  0x000001546278f800 JavaThread "C2 CompilerThread0" daemon [_thread_in_native, id=13196, stack(0x00000038bb500000,0x00000038bb600000)]
  0x000001546279e800 JavaThread "C1 CompilerThread0" daemon [_thread_blocked, id=8200, stack(0x00000038bb600000,0x00000038bb700000)]
  0x00000154627ac000 JavaThread "Sweeper thread" daemon [_thread_blocked, id=13460, stack(0x00000038bb700000,0x00000038bb800000)]
  0x00000154631f6800 JavaThread "Common-Cleaner" daemon [_thread_blocked, id=11804, stack(0x00000038bb800000,0x00000038bb900000)]
  0x00000154631fb800 JavaThread "Service Thread" daemon [_thread_blocked, id=17004, stack(0x00000038bb900000,0x00000038bba00000)]
  0x0000015465265800 JavaThread "Daemon health stats" [_thread_blocked, id=6476, stack(0x00000038bbe00000,0x00000038bbf00000)]
  0x0000015463472800 JavaThread "Incoming local TCP Connector on port 50066" [_thread_in_native, id=1116, stack(0x00000038bbf00000,0x00000038bc000000)]
  0x0000015465809000 JavaThread "Daemon periodic checks" [_thread_blocked, id=1960, stack(0x00000038bc000000,0x00000038bc100000)]
  0x0000015464a59800 JavaThread "Daemon" [_thread_blocked, id=17244, stack(0x00000038bc100000,0x00000038bc200000)]
  0x0000015463f1c800 JavaThread "Handler for socket connection from /127.0.0.1:50066 to /127.0.0.1:50067" [_thread_in_native, id=1028, stack(0x00000038bc200000,0x00000038bc300000)]
  0x000001546504d000 JavaThread "Cancel handler" [_thread_blocked, id=14920, stack(0x00000038bc300000,0x00000038bc400000)]
  0x0000015464f8d000 JavaThread "Daemon worker" [_thread_in_vm, id=14064, stack(0x00000038bc400000,0x00000038bc500000)]
  0x0000015464c0e000 JavaThread "Asynchronous log dispatcher for DefaultDaemonConnection: socket connection from /127.0.0.1:50066 to /127.0.0.1:50067" [_thread_blocked, id=9596, stack(0x00000038bc500000,0x00000038bc600000)]
  0x0000015465242800 JavaThread "Stdin handler" [_thread_blocked, id=10260, stack(0x00000038bc600000,0x00000038bc700000)]
  0x0000015465243800 JavaThread "Thread-8" [_thread_blocked, id=4024, stack(0x00000038bc700000,0x00000038bc800000)]
  0x00000154650e4800 JavaThread "Cache worker for file hash cache (C:\Users\ksm\.gradle\caches\6.7.1\fileHashes)" [_thread_blocked, id=14232, stack(0x00000038bce00000,0x00000038bcf00000)]
  0x00000154650e5000 JavaThread "File lock request listener" [_thread_in_native, id=14776, stack(0x00000038bcf00000,0x00000038bd000000)]
  0x00000154650e6000 JavaThread "Cache worker for journal cache (C:\Users\ksm\.gradle\caches\journal-1)" [_thread_blocked, id=5492, stack(0x00000038bd100000,0x00000038bd200000)]
  0x00000154650e3000 JavaThread "Cache worker for file hash cache (D:\ad\DaelimMap\.gradle\6.7.1\fileHashes)" [_thread_blocked, id=1684, stack(0x00000038bd400000,0x00000038bd500000)]
  0x00000154650e7000 JavaThread "Cache worker for checksums cache (D:\ad\DaelimMap\.gradle\checksums)" [_thread_blocked, id=13260, stack(0x00000038bd500000,0x00000038bd600000)]
  0x00000154650e3800 JavaThread "Cache worker for cache directory md-supplier (C:\Users\ksm\.gradle\caches\6.7.1\md-supplier)" [_thread_blocked, id=5236, stack(0x00000038bd600000,0x00000038bd700000)]
  0x00000154650e7800 JavaThread "Cache worker for cache directory md-rule (C:\Users\ksm\.gradle\caches\6.7.1\md-rule)" [_thread_blocked, id=16956, stack(0x00000038bd700000,0x00000038bd800000)]
  0x00000154650e8800 JavaThread "Cache worker for execution history cache (C:\Users\ksm\.gradle\caches\6.7.1\executionHistory)" [_thread_blocked, id=10304, stack(0x00000038bd800000,0x00000038bd900000)]
  0x00000154672a7800 JavaThread "jar transforms" [_thread_blocked, id=9944, stack(0x00000038bd900000,0x00000038bda00000)]
  0x00000154672a8800 JavaThread "Cache worker for file content cache (C:\Users\ksm\.gradle\caches\6.7.1\fileContent)" [_thread_blocked, id=16668, stack(0x00000038bda00000,0x00000038bdb00000)]
  0x00000154672a3800 JavaThread "Cache worker for Build Output Cleanup Cache (D:\ad\DaelimMap\.gradle\buildOutputCleanup)" [_thread_blocked, id=16804, stack(0x00000038bdb00000,0x00000038bdc00000)]
  0x00000154672a5000 JavaThread "Build operations" [_thread_blocked, id=11592, stack(0x00000038bdc00000,0x00000038bdd00000)]
  0x00000154672aa000 JavaThread "Build operations Thread 2" [_thread_blocked, id=10356, stack(0x00000038bdd00000,0x00000038bde00000)]
  0x00000154672ab000 JavaThread "Build operations Thread 3" [_thread_blocked, id=10712, stack(0x00000038bde00000,0x00000038bdf00000)]
  0x00000154672ab800 JavaThread "Build operations Thread 4" [_thread_blocked, id=13988, stack(0x00000038bdf00000,0x00000038be000000)]
  0x00000154672a6000 JavaThread "Build operations Thread 5" [_thread_blocked, id=10556, stack(0x00000038be000000,0x00000038be100000)]
  0x00000154672ac800 JavaThread "Build operations Thread 6" [_thread_blocked, id=14128, stack(0x00000038be100000,0x00000038be200000)]
  0x00000154672a7000 JavaThread "Build operations Thread 7" [_thread_blocked, id=15260, stack(0x00000038be200000,0x00000038be300000)]
  0x00000154672ad800 JavaThread "Build operations Thread 8" [_thread_blocked, id=10460, stack(0x00000038be300000,0x00000038be400000)]
  0x00000154672b2800 JavaThread "jar transforms Thread 2" [_thread_blocked, id=8092, stack(0x00000038be400000,0x00000038be500000)]
  0x00000154672b0800 JavaThread "jar transforms Thread 3" [_thread_blocked, id=5324, stack(0x00000038be500000,0x00000038be600000)]
  0x00000154672b0000 JavaThread "jar transforms Thread 4" [_thread_blocked, id=16444, stack(0x00000038be600000,0x00000038be700000)]
  0x00000154672b1800 JavaThread "jar transforms Thread 5" [_thread_blocked, id=17384, stack(0x00000038be700000,0x00000038be800000)]
  0x00000154672ae000 JavaThread "jar transforms Thread 6" [_thread_blocked, id=14832, stack(0x00000038be800000,0x00000038be900000)]
  0x00000154672af000 JavaThread "jar transforms Thread 7" [_thread_blocked, id=7436, stack(0x00000038be900000,0x00000038bea00000)]
  0x0000015465717800 JavaThread "jar transforms Thread 8" [_thread_blocked, id=11000, stack(0x00000038bd200000,0x00000038bd300000)]
  0x0000015465714800 JavaThread "jar transforms Thread 9" [_thread_blocked, id=8960, stack(0x00000038bd300000,0x00000038bd400000)]
  0x000001546571b000 JavaThread "jar transforms Thread 10" [_thread_blocked, id=17284, stack(0x00000038bea00000,0x00000038beb00000)]
  0x0000015465718800 JavaThread "jar transforms Thread 11" [_thread_blocked, id=13200, stack(0x00000038beb00000,0x00000038bec00000)]
  0x0000015465715000 JavaThread "jar transforms Thread 12" [_thread_blocked, id=11960, stack(0x00000038bec00000,0x00000038bed00000)]
  0x000001546571b800 JavaThread "jar transforms Thread 13" [_thread_blocked, id=14332, stack(0x00000038bed00000,0x00000038bee00000)]
  0x0000015465719800 JavaThread "jar transforms Thread 14" [_thread_blocked, id=15480, stack(0x00000038bee00000,0x00000038bef00000)]
  0x000001546571a000 JavaThread "jar transforms Thread 15" [_thread_blocked, id=17180, stack(0x00000038bef00000,0x00000038bf000000)]
  0x0000015465716000 JavaThread "jar transforms Thread 16" [_thread_blocked, id=10860, stack(0x00000038bf000000,0x00000038bf100000)]
  0x000001546571c800 JavaThread "jar transforms Thread 17" [_thread_blocked, id=12636, stack(0x00000038bf100000,0x00000038bf200000)]
  0x0000015465717000 JavaThread "jar transforms Thread 18" [_thread_blocked, id=9268, stack(0x00000038bf200000,0x00000038bf300000)]
  0x0000015465722000 JavaThread "jar transforms Thread 19" [_thread_blocked, id=5416, stack(0x00000038bf300000,0x00000038bf400000)]
  0x0000015465721800 JavaThread "jar transforms Thread 20" [_thread_blocked, id=1424, stack(0x00000038bf400000,0x00000038bf500000)]
  0x0000015465723000 JavaThread "jar transforms Thread 21" [_thread_blocked, id=1696, stack(0x00000038bf500000,0x00000038bf600000)]
  0x000001546571e000 JavaThread "jar transforms Thread 22" [_thread_blocked, id=12720, stack(0x00000038bf600000,0x00000038bf700000)]
  0x000001546571d800 JavaThread "jar transforms Thread 23" [_thread_blocked, id=9932, stack(0x00000038bf700000,0x00000038bf800000)]
  0x000001546571f000 JavaThread "jar transforms Thread 24" [_thread_blocked, id=14572, stack(0x00000038bf800000,0x00000038bf900000)]
  0x0000015465720000 JavaThread "jar transforms Thread 25" [_thread_blocked, id=6384, stack(0x00000038bf900000,0x00000038bfa00000)]
  0x0000015465720800 JavaThread "jar transforms Thread 26" [_thread_blocked, id=12440, stack(0x00000038bfa00000,0x00000038bfb00000)]
  0x0000015466cf2000 JavaThread "jar transforms Thread 27" [_thread_blocked, id=6620, stack(0x00000038bfb00000,0x00000038bfc00000)]
  0x0000015466cf3800 JavaThread "jar transforms Thread 28" [_thread_blocked, id=16696, stack(0x00000038bfc00000,0x00000038bfd00000)]
  0x0000015466cf2800 JavaThread "jar transforms Thread 29" [_thread_blocked, id=10480, stack(0x00000038bfd00000,0x00000038bfe00000)]
  0x0000015466cf4800 JavaThread "jar transforms Thread 30" [_thread_blocked, id=10764, stack(0x00000038bfe00000,0x00000038bff00000)]
  0x0000015466cf5000 JavaThread "jar transforms Thread 31" [_thread_blocked, id=4192, stack(0x00000038bff00000,0x00000038c0000000)]
  0x0000015466cf6000 JavaThread "jar transforms Thread 32" [_thread_blocked, id=2824, stack(0x00000038c0000000,0x00000038c0100000)]
  0x0000015466cf0000 JavaThread "jar transforms Thread 33" [_thread_blocked, id=9688, stack(0x00000038c0100000,0x00000038c0200000)]
  0x0000015466cf6800 JavaThread "jar transforms Thread 34" [_thread_blocked, id=9168, stack(0x00000038c0200000,0x00000038c0300000)]
  0x0000015466cf1000 JavaThread "jar transforms Thread 35" [_thread_blocked, id=6532, stack(0x00000038c0300000,0x00000038c0400000)]
  0x0000015466cf8800 JavaThread "jar transforms Thread 36" [_thread_blocked, id=5732, stack(0x00000038c0400000,0x00000038c0500000)]
  0x0000015466cfd800 JavaThread "jar transforms Thread 37" [_thread_blocked, id=8788, stack(0x00000038c0500000,0x00000038c0600000)]
  0x0000015466cf7800 JavaThread "jar transforms Thread 38" [_thread_blocked, id=13796, stack(0x00000038c0600000,0x00000038c0700000)]
  0x0000015466cfb000 JavaThread "jar transforms Thread 39" [_thread_blocked, id=13768, stack(0x00000038c0700000,0x00000038c0800000)]
  0x0000015466cfe000 JavaThread "jar transforms Thread 40" [_thread_blocked, id=16580, stack(0x00000038c0800000,0x00000038c0900000)]
  0x0000015466cff000 JavaThread "jar transforms Thread 41" [_thread_blocked, id=3360, stack(0x00000038c0900000,0x00000038c0a00000)]
  0x0000015466cf9000 JavaThread "jar transforms Thread 42" [_thread_blocked, id=5528, stack(0x00000038c0a00000,0x00000038c0b00000)]
  0x0000015466cfa000 JavaThread "jar transforms Thread 43" [_thread_blocked, id=12676, stack(0x00000038c0b00000,0x00000038c0c00000)]
  0x0000015466cfb800 JavaThread "jar transforms Thread 44" [_thread_blocked, id=7948, stack(0x00000038c0c00000,0x00000038c0d00000)]
  0x0000015466cfc800 JavaThread "jar transforms Thread 45" [_thread_blocked, id=10068, stack(0x00000038c0d00000,0x00000038c0e00000)]
  0x00000154678f9800 JavaThread "jar transforms Thread 46" [_thread_blocked, id=15288, stack(0x00000038c0e00000,0x00000038c0f00000)]
  0x00000154678fa800 JavaThread "jar transforms Thread 47" [_thread_blocked, id=8032, stack(0x00000038c0f00000,0x00000038c1000000)]
  0x00000154678f6800 JavaThread "jar transforms Thread 48" [_thread_blocked, id=9228, stack(0x00000038c1000000,0x00000038c1100000)]
  0x00000154678f4800 JavaThread "jar transforms Thread 49" [_thread_blocked, id=6020, stack(0x00000038c1100000,0x00000038c1200000)]
  0x00000154678f7000 JavaThread "jar transforms Thread 50" [_thread_blocked, id=14020, stack(0x00000038c1200000,0x00000038c1300000)]
  0x00000154678f5800 JavaThread "jar transforms Thread 51" [_thread_blocked, id=16028, stack(0x00000038c1300000,0x00000038c1400000)]
  0x00000154678fb800 JavaThread "jar transforms Thread 52" [_thread_blocked, id=2256, stack(0x00000038c1400000,0x00000038c1500000)]
  0x00000154678fd000 JavaThread "jar transforms Thread 53" [_thread_blocked, id=13960, stack(0x00000038c1500000,0x00000038c1600000)]
  0x00000154678fc000 JavaThread "jar transforms Thread 54" [_thread_blocked, id=2480, stack(0x00000038c1600000,0x00000038c1700000)]
  0x00000154678fd800 JavaThread "jar transforms Thread 55" [_thread_blocked, id=8360, stack(0x00000038c1700000,0x00000038c1800000)]
  0x00000154678f8000 JavaThread "jar transforms Thread 56" [_thread_blocked, id=12964, stack(0x00000038c1800000,0x00000038c1900000)]
  0x00000154678fe800 JavaThread "jar transforms Thread 57" [_thread_blocked, id=14520, stack(0x00000038c1900000,0x00000038c1a00000)]
  0x00000154678f9000 JavaThread "jar transforms Thread 58" [_thread_blocked, id=17228, stack(0x00000038c1a00000,0x00000038c1b00000)]
  0x00000154678ff800 JavaThread "jar transforms Thread 59" [_thread_blocked, id=1580, stack(0x00000038c1b00000,0x00000038c1c00000)]
  0x0000015467901000 JavaThread "jar transforms Thread 60" [_thread_blocked, id=2644, stack(0x00000038c1c00000,0x00000038c1d00000)]
  0x0000015467902800 JavaThread "jar transforms Thread 61" [_thread_blocked, id=8724, stack(0x00000038c1d00000,0x00000038c1e00000)]
  0x0000015467900000 JavaThread "jar transforms Thread 62" [_thread_blocked, id=16520, stack(0x00000038c1e00000,0x00000038c1f00000)]
  0x0000015467902000 JavaThread "jar transforms Thread 63" [_thread_blocked, id=1004, stack(0x00000038c1f00000,0x00000038c2000000)]
  0x0000015467903800 JavaThread "jar transforms Thread 64" [_thread_blocked, id=10904, stack(0x00000038c2000000,0x00000038c2100000)]
  0x000001546564c000 JavaThread "jar transforms Thread 65" [_thread_blocked, id=9972, stack(0x00000038c2100000,0x00000038c2200000)]
  0x000001546564a800 JavaThread "jar transforms Thread 66" [_thread_blocked, id=8992, stack(0x00000038c2200000,0x00000038c2300000)]
  0x0000015465647000 JavaThread "jar transforms Thread 67" [_thread_blocked, id=10520, stack(0x00000038c2300000,0x00000038c2400000)]
  0x0000015465648000 JavaThread "jar transforms Thread 68" [_thread_blocked, id=1752, stack(0x00000038c2400000,0x00000038c2500000)]
  0x0000015465649000 JavaThread "jar transforms Thread 69" [_thread_blocked, id=17316, stack(0x00000038c2500000,0x00000038c2600000)]
  0x000001546564b800 JavaThread "jar transforms Thread 70" [_thread_blocked, id=16980, stack(0x00000038c2600000,0x00000038c2700000)]
  0x000001546564f800 JavaThread "jar transforms Thread 71" [_thread_blocked, id=10852, stack(0x00000038c2700000,0x00000038c2800000)]
  0x000001546564d000 JavaThread "jar transforms Thread 72" [_thread_blocked, id=12408, stack(0x00000038c2800000,0x00000038c2900000)]
  0x000001546564d800 JavaThread "jar transforms Thread 73" [_thread_blocked, id=13596, stack(0x00000038c2900000,0x00000038c2a00000)]
  0x000001546564e800 JavaThread "jar transforms Thread 74" [_thread_blocked, id=7440, stack(0x00000038c2a00000,0x00000038c2b00000)]
  0x0000015465649800 JavaThread "jar transforms Thread 75" [_thread_blocked, id=15756, stack(0x00000038c2b00000,0x00000038c2c00000)]
  0x0000015465652000 JavaThread "jar transforms Thread 76" [_thread_blocked, id=15744, stack(0x00000038c2c00000,0x00000038c2d00000)]
  0x0000015465655000 JavaThread "jar transforms Thread 77" [_thread_blocked, id=15752, stack(0x00000038c2d00000,0x00000038c2e00000)]
  0x0000015465650000 JavaThread "jar transforms Thread 78" [_thread_blocked, id=16160, stack(0x00000038c2e00000,0x00000038c2f00000)]
  0x0000015465651000 JavaThread "jar transforms Thread 79" [_thread_blocked, id=16148, stack(0x00000038c2f00000,0x00000038c3000000)]
  0x0000015465652800 JavaThread "jar transforms Thread 80" [_thread_blocked, id=12972, stack(0x00000038c3000000,0x00000038c3100000)]
  0x0000015465653800 JavaThread "jar transforms Thread 81" [_thread_blocked, id=13452, stack(0x00000038c3100000,0x00000038c3200000)]
  0x0000015465654800 JavaThread "jar transforms Thread 82" [_thread_blocked, id=14148, stack(0x00000038c3200000,0x00000038c3300000)]
  0x0000015465656000 JavaThread "jar transforms Thread 83" [_thread_blocked, id=16132, stack(0x00000038c3300000,0x00000038c3400000)]
  0x00000154652bc800 JavaThread "jar transforms Thread 84" [_thread_blocked, id=7068, stack(0x00000038c3400000,0x00000038c3500000)]
  0x00000154652ba000 JavaThread "jar transforms Thread 85" [_thread_blocked, id=5876, stack(0x00000038c3500000,0x00000038c3600000)]
  0x00000154652b9800 JavaThread "jar transforms Thread 86" [_thread_blocked, id=5476, stack(0x00000038c3600000,0x00000038c3700000)]
  0x00000154652bb000 JavaThread "jar transforms Thread 87" [_thread_blocked, id=15276, stack(0x00000038c3700000,0x00000038c3800000)]
  0x00000154652bc000 JavaThread "jar transforms Thread 88" [_thread_blocked, id=8792, stack(0x00000038c3800000,0x00000038c3900000)]
  0x00000154652bd800 JavaThread "jar transforms Thread 89" [_thread_blocked, id=3088, stack(0x00000038c3900000,0x00000038c3a00000)]
  0x00000154652b7800 JavaThread "jar transforms Thread 90" [_thread_blocked, id=16264, stack(0x00000038c3a00000,0x00000038c3b00000)]
  0x00000154652be800 JavaThread "jar transforms Thread 91" [_thread_blocked, id=8712, stack(0x00000038c3b00000,0x00000038c3c00000)]
  0x00000154652b8800 JavaThread "jar transforms Thread 92" [_thread_blocked, id=4184, stack(0x00000038c3c00000,0x00000038c3d00000)]
  0x00000154652c1800 JavaThread "jar transforms Thread 93" [_thread_blocked, id=15880, stack(0x00000038c3d00000,0x00000038c3e00000)]
  0x00000154652c5000 JavaThread "jar transforms Thread 94" [_thread_blocked, id=2108, stack(0x00000038c3e00000,0x00000038c3f00000)]
  0x00000154652c0000 JavaThread "jar transforms Thread 95" [_thread_blocked, id=11424, stack(0x00000038c3f00000,0x00000038c4000000)]
  0x00000154652c2800 JavaThread "jar transforms Thread 96" [_thread_blocked, id=12560, stack(0x00000038c4000000,0x00000038c4100000)]
  0x00000154652bf000 JavaThread "jar transforms Thread 97" [_thread_blocked, id=12612, stack(0x00000038c4100000,0x00000038c4200000)]
  0x0000015469ce7000 JavaThread "C2 CompilerThread1" daemon [_thread_in_native, id=12552, stack(0x00000038c4200000,0x00000038c4300000)]
=>0x0000015463d24800 JavaThread "C2 CompilerThread2" daemon [_thread_in_native, id=9080, stack(0x00000038c4300000,0x00000038c4400000)]

Other Threads:
  0x000001546276e000 VMThread "VM Thread" [stack: 0x00000038bb000000,0x00000038bb100000] [id=15792]
  0x00000154631fd800 WatcherThread [stack: 0x00000038bba00000,0x00000038bbb00000] [id=8652]
  0x00000154464e1000 GCTaskThread "GC Thread#0" [stack: 0x00000038bab00000,0x00000038bac00000] [id=2352]
  0x0000015464132000 GCTaskThread "GC Thread#1" [stack: 0x00000038bbc00000,0x00000038bbd00000] [id=15380]
  0x00000154649d9000 GCTaskThread "GC Thread#2" [stack: 0x00000038bc800000,0x00000038bc900000] [id=11436]
  0x0000015464788800 GCTaskThread "GC Thread#3" [stack: 0x00000038bc900000,0x00000038bca00000] [id=15736]
  0x0000015464260000 GCTaskThread "GC Thread#4" [stack: 0x00000038bca00000,0x00000038bcb00000] [id=3028]
  0x000001546445f000 GCTaskThread "GC Thread#5" [stack: 0x00000038bcb00000,0x00000038bcc00000] [id=12836]
  0x00000154647d9800 GCTaskThread "GC Thread#6" [stack: 0x00000038bcc00000,0x00000038bcd00000] [id=2812]
  0x00000154656f2000 GCTaskThread "GC Thread#7" [stack: 0x00000038bcd00000,0x00000038bce00000] [id=16412]
  0x0000015446511800 ConcurrentGCThread "G1 Main Marker" [stack: 0x00000038bac00000,0x00000038bad00000] [id=1016]
  0x0000015446514000 ConcurrentGCThread "G1 Conc#0" [stack: 0x00000038bad00000,0x00000038bae00000] [id=14952]
  0x0000015465225800 ConcurrentGCThread "G1 Conc#1" [stack: 0x00000038bd000000,0x00000038bd100000] [id=7312]
  0x00000154465a8800 ConcurrentGCThread "G1 Refine#0" [stack: 0x00000038bae00000,0x00000038baf00000] [id=15004]
  0x00000154625c0800 ConcurrentGCThread "G1 Young RemSet Sampling" [stack: 0x00000038baf00000,0x00000038bb000000] [id=17028]

Threads with active compile tasks:
C2 CompilerThread0  12206 4773       4       jdk.internal.loader.URLClassPath$JarLoader$2::getManifest (26 bytes)
C2 CompilerThread1  12206 4762       4       org.gradle.internal.service.DefaultServiceRegistry$OwnServices::getService (309 bytes)
C2 CompilerThread2  12206 4763       4       org.objectweb.asm.ByteVector::putUTF8 (144 bytes)

VM state:not at safepoint (normal execution)

VM Mutex/Monitor currently owned by a thread:  ([mutex/lock_event])
[0x00000154464c69b0] CompiledIC_lock - owner thread: 0x00000154627ac000

Heap address: 0x0000000080000000, size: 2048 MB, Compressed Oops mode: 32-bit
Narrow klass base: 0x0000000000000000, Narrow klass shift: 3
Compressed class space size: 1073741824 Address: 0x0000000100000000

Heap:
 garbage-first heap   total 126976K, used 40275K [0x0000000080000000, 0x0000000100000000)
  region size 1024K, 12 young (12288K), 9 survivors (9216K)
 Metaspace       used 51578K, capacity 52807K, committed 52864K, reserved 1095680K
  class space    used 6588K, capacity 7009K, committed 7040K, reserved 1048576K
Heap Regions: E=young(eden), S=young(survivor), O=old, HS=humongous(starts), HC=humongous(continues), CS=collection set, F=free, A=archive, TAMS=top-at-mark-start (previous, next)
|   0|0x0000000080000000, 0x0000000080100000, 0x0000000080100000|100%| O|  |TAMS 0x0000000080100000, 0x0000000080000000| Untracked 
|   1|0x0000000080100000, 0x0000000080200000, 0x0000000080200000|100%| O|  |TAMS 0x0000000080200000, 0x0000000080100000| Untracked 
|   2|0x0000000080200000, 0x0000000080300000, 0x0000000080300000|100%| O|  |TAMS 0x0000000080300000, 0x0000000080200000| Untracked 
|   3|0x0000000080300000, 0x0000000080400000, 0x0000000080400000|100%|HS|  |TAMS 0x0000000080400000, 0x0000000080300000| Complete 
|   4|0x0000000080400000, 0x0000000080500000, 0x0000000080500000|100%|HC|  |TAMS 0x0000000080500000, 0x0000000080400000| Complete 
|   5|0x0000000080500000, 0x0000000080600000, 0x0000000080600000|100%|HC|  |TAMS 0x0000000080600000, 0x0000000080500000| Complete 
|   6|0x0000000080600000, 0x0000000080700000, 0x0000000080700000|100%| O|  |TAMS 0x0000000080700000, 0x0000000080600000| Untracked 
|   7|0x0000000080700000, 0x0000000080800000, 0x0000000080800000|100%| O|  |TAMS 0x0000000080800000, 0x0000000080700000| Untracked 
|   8|0x0000000080800000, 0x0000000080900000, 0x0000000080900000|100%| O|  |TAMS 0x0000000080900000, 0x0000000080800000| Untracked 
|   9|0x0000000080900000, 0x0000000080a00000, 0x0000000080a00000|100%| O|  |TAMS 0x0000000080a00000, 0x0000000080900000| Untracked 
|  10|0x0000000080a00000, 0x0000000080b00000, 0x0000000080b00000|100%| O|  |TAMS 0x0000000080b00000, 0x0000000080a00000| Untracked 
|  11|0x0000000080b00000, 0x0000000080c00000, 0x0000000080c00000|100%| O|  |TAMS 0x0000000080c00000, 0x0000000080b00000| Untracked 
|  12|0x0000000080c00000, 0x0000000080d00000, 0x0000000080d00000|100%| O|  |TAMS 0x0000000080d00000, 0x0000000080c00000| Untracked 
|  13|0x0000000080d00000, 0x0000000080e00000, 0x0000000080e00000|100%| O|  |TAMS 0x0000000080e00000, 0x0000000080d00000| Untracked 
|  14|0x0000000080e00000, 0x0000000080f00000, 0x0000000080f00000|100%| O|  |TAMS 0x0000000080f00000, 0x0000000080e00000| Untracked 
|  15|0x0000000080f00000, 0x0000000081000000, 0x0000000081000000|100%| O|  |TAMS 0x0000000080f69400, 0x0000000080f00000| Untracked 
|  16|0x0000000081000000, 0x0000000081100000, 0x0000000081100000|100%| O|  |TAMS 0x0000000081000000, 0x0000000081000000| Untracked 
|  17|0x0000000081100000, 0x0000000081200000, 0x0000000081200000|100%| O|  |TAMS 0x0000000081100000, 0x0000000081100000| Untracked 
|  18|0x0000000081200000, 0x0000000081300000, 0x0000000081300000|100%| O|  |TAMS 0x0000000081200000, 0x0000000081200000| Untracked 
|  19|0x0000000081300000, 0x0000000081400000, 0x0000000081400000|100%|HS|  |TAMS 0x0000000081300000, 0x0000000081300000| Complete 
|  20|0x0000000081400000, 0x0000000081500000, 0x0000000081500000|100%| O|  |TAMS 0x0000000081400000, 0x0000000081400000| Untracked 
|  21|0x0000000081500000, 0x0000000081600000, 0x0000000081600000|100%| O|  |TAMS 0x0000000081500000, 0x0000000081500000| Untracked 
|  22|0x0000000081600000, 0x0000000081700000, 0x0000000081700000|100%|HS|  |TAMS 0x0000000081600000, 0x0000000081600000| Complete 
|  23|0x0000000081700000, 0x0000000081800000, 0x0000000081800000|100%|HC|  |TAMS 0x0000000081700000, 0x0000000081700000| Complete 
|  24|0x0000000081800000, 0x0000000081900000, 0x0000000081900000|100%| O|  |TAMS 0x0000000081800000, 0x0000000081800000| Untracked 
|  25|0x0000000081900000, 0x0000000081a00000, 0x0000000081a00000|100%| O|  |TAMS 0x0000000081900000, 0x0000000081900000| Untracked 
|  26|0x0000000081a00000, 0x0000000081b00000, 0x0000000081b00000|100%| O|  |TAMS 0x0000000081a00000, 0x0000000081a00000| Untracked 
|  27|0x0000000081b00000, 0x0000000081c00000, 0x0000000081c00000|100%| O|  |TAMS 0x0000000081b00000, 0x0000000081b00000| Untracked 
|  28|0x0000000081c00000, 0x0000000081c54e08, 0x0000000081d00000| 33%| O|  |TAMS 0x0000000081c00000, 0x0000000081c00000| Untracked 
|  29|0x0000000081d00000, 0x0000000081d00000, 0x0000000081e00000|  0%| F|  |TAMS 0x0000000081d00000, 0x0000000081d00000| Untracked 
|  30|0x0000000081e00000, 0x0000000081e00000, 0x0000000081f00000|  0%| F|  |TAMS 0x0000000081e00000, 0x0000000081e00000| Untracked 
|  31|0x0000000081f00000, 0x0000000081f00000, 0x0000000082000000|  0%| F|  |TAMS 0x0000000081f00000, 0x0000000081f00000| Untracked 
|  32|0x0000000082000000, 0x0000000082000000, 0x0000000082100000|  0%| F|  |TAMS 0x0000000082000000, 0x0000000082000000| Untracked 
|  33|0x0000000082100000, 0x0000000082100000, 0x0000000082200000|  0%| F|  |TAMS 0x0000000082100000, 0x0000000082100000| Untracked 
|  34|0x0000000082200000, 0x0000000082200000, 0x0000000082300000|  0%| F|  |TAMS 0x0000000082200000, 0x0000000082200000| Untracked 
|  35|0x0000000082300000, 0x0000000082300000, 0x0000000082400000|  0%| F|  |TAMS 0x0000000082300000, 0x0000000082300000| Untracked 
|  36|0x0000000082400000, 0x0000000082400000, 0x0000000082500000|  0%| F|  |TAMS 0x0000000082400000, 0x0000000082400000| Untracked 
|  37|0x0000000082500000, 0x0000000082500000, 0x0000000082600000|  0%| F|  |TAMS 0x0000000082500000, 0x0000000082500000| Untracked 
|  38|0x0000000082600000, 0x0000000082600000, 0x0000000082700000|  0%| F|  |TAMS 0x0000000082600000, 0x0000000082600000| Untracked 
|  39|0x0000000082700000, 0x0000000082700000, 0x0000000082800000|  0%| F|  |TAMS 0x0000000082700000, 0x0000000082700000| Untracked 
|  40|0x0000000082800000, 0x0000000082800000, 0x0000000082900000|  0%| F|  |TAMS 0x0000000082800000, 0x0000000082800000| Untracked 
|  41|0x0000000082900000, 0x0000000082900000, 0x0000000082a00000|  0%| F|  |TAMS 0x0000000082900000, 0x0000000082900000| Untracked 
|  42|0x0000000082a00000, 0x0000000082a00000, 0x0000000082b00000|  0%| F|  |TAMS 0x0000000082a00000, 0x0000000082a00000| Untracked 
|  43|0x0000000082b00000, 0x0000000082b00000, 0x0000000082c00000|  0%| F|  |TAMS 0x0000000082b00000, 0x0000000082b00000| Untracked 
|  44|0x0000000082c00000, 0x0000000082c00000, 0x0000000082d00000|  0%| F|  |TAMS 0x0000000082c00000, 0x0000000082c00000| Untracked 
|  45|0x0000000082d00000, 0x0000000082d00000, 0x0000000082e00000|  0%| F|  |TAMS 0x0000000082d00000, 0x0000000082d00000| Untracked 
|  46|0x0000000082e00000, 0x0000000082e00000, 0x0000000082f00000|  0%| F|  |TAMS 0x0000000082e00000, 0x0000000082e00000| Untracked 
|  47|0x0000000082f00000, 0x0000000082f00000, 0x0000000083000000|  0%| F|  |TAMS 0x0000000082f00000, 0x0000000082f00000| Untracked 
|  48|0x0000000083000000, 0x0000000083000000, 0x0000000083100000|  0%| F|  |TAMS 0x0000000083000000, 0x0000000083000000| Untracked 
|  49|0x0000000083100000, 0x0000000083200000, 0x0000000083200000|100%| S|CS|TAMS 0x0000000083100000, 0x0000000083100000| Complete 
|  50|0x0000000083200000, 0x0000000083300000, 0x0000000083300000|100%| S|CS|TAMS 0x0000000083200000, 0x0000000083200000| Complete 
|  51|0x0000000083300000, 0x0000000083400000, 0x0000000083400000|100%| S|CS|TAMS 0x0000000083300000, 0x0000000083300000| Complete 
|  52|0x0000000083400000, 0x0000000083400000, 0x0000000083500000|  0%| F|  |TAMS 0x0000000083400000, 0x0000000083400000| Untracked 
|  53|0x0000000083500000, 0x0000000083600000, 0x0000000083600000|100%| S|CS|TAMS 0x0000000083500000, 0x0000000083500000| Complete 
|  54|0x0000000083600000, 0x0000000083700000, 0x0000000083700000|100%| S|CS|TAMS 0x0000000083600000, 0x0000000083600000| Complete 
|  55|0x0000000083700000, 0x0000000083800000, 0x0000000083800000|100%| S|CS|TAMS 0x0000000083700000, 0x0000000083700000| Complete 
|  56|0x0000000083800000, 0x0000000083900000, 0x0000000083900000|100%| S|CS|TAMS 0x0000000083800000, 0x0000000083800000| Complete 
|  57|0x0000000083900000, 0x0000000083a00000, 0x0000000083a00000|100%| S|CS|TAMS 0x0000000083900000, 0x0000000083900000| Complete 
|  58|0x0000000083a00000, 0x0000000083b00000, 0x0000000083b00000|100%| S|CS|TAMS 0x0000000083a00000, 0x0000000083a00000| Complete 
|  59|0x0000000083b00000, 0x0000000083b00000, 0x0000000083c00000|  0%| F|  |TAMS 0x0000000083b00000, 0x0000000083b00000| Untracked 
|  60|0x0000000083c00000, 0x0000000083c00000, 0x0000000083d00000|  0%| F|  |TAMS 0x0000000083c00000, 0x0000000083c00000| Untracked 
|  61|0x0000000083d00000, 0x0000000083d00000, 0x0000000083e00000|  0%| F|  |TAMS 0x0000000083d00000, 0x0000000083d00000| Untracked 
|  62|0x0000000083e00000, 0x0000000083e00000, 0x0000000083f00000|  0%| F|  |TAMS 0x0000000083e00000, 0x0000000083e00000| Untracked 
|  63|0x0000000083f00000, 0x0000000083f00000, 0x0000000084000000|  0%| F|  |TAMS 0x0000000083f00000, 0x0000000083f00000| Untracked 
|  64|0x0000000084000000, 0x0000000084000000, 0x0000000084100000|  0%| F|  |TAMS 0x0000000084000000, 0x0000000084000000| Untracked 
|  65|0x0000000084100000, 0x0000000084100000, 0x0000000084200000|  0%| F|  |TAMS 0x0000000084100000, 0x0000000084100000| Untracked 
|  66|0x0000000084200000, 0x0000000084200000, 0x0000000084300000|  0%| F|  |TAMS 0x0000000084200000, 0x0000000084200000| Untracked 
|  67|0x0000000084300000, 0x0000000084300000, 0x0000000084400000|  0%| F|  |TAMS 0x0000000084300000, 0x0000000084300000| Untracked 
|  68|0x0000000084400000, 0x0000000084400000, 0x0000000084500000|  0%| F|  |TAMS 0x0000000084400000, 0x0000000084400000| Untracked 
|  69|0x0000000084500000, 0x0000000084500000, 0x0000000084600000|  0%| F|  |TAMS 0x0000000084500000, 0x0000000084500000| Untracked 
|  70|0x0000000084600000, 0x0000000084600000, 0x0000000084700000|  0%| F|  |TAMS 0x0000000084600000, 0x0000000084600000| Untracked 
|  71|0x0000000084700000, 0x0000000084700000, 0x0000000084800000|  0%| F|  |TAMS 0x0000000084700000, 0x0000000084700000| Untracked 
|  72|0x0000000084800000, 0x0000000084800000, 0x0000000084900000|  0%| F|  |TAMS 0x0000000084800000, 0x0000000084800000| Untracked 
|  73|0x0000000084900000, 0x0000000084900000, 0x0000000084a00000|  0%| F|  |TAMS 0x0000000084900000, 0x0000000084900000| Untracked 
|  74|0x0000000084a00000, 0x0000000084a00000, 0x0000000084b00000|  0%| F|  |TAMS 0x0000000084a00000, 0x0000000084a00000| Untracked 
|  75|0x0000000084b00000, 0x0000000084b00000, 0x0000000084c00000|  0%| F|  |TAMS 0x0000000084b00000, 0x0000000084b00000| Untracked 
|  76|0x0000000084c00000, 0x0000000084c00000, 0x0000000084d00000|  0%| F|  |TAMS 0x0000000084c00000, 0x0000000084c00000| Untracked 
|  77|0x0000000084d00000, 0x0000000084d00000, 0x0000000084e00000|  0%| F|  |TAMS 0x0000000084d00000, 0x0000000084d00000| Untracked 
|  78|0x0000000084e00000, 0x0000000084e00000, 0x0000000084f00000|  0%| F|  |TAMS 0x0000000084e00000, 0x0000000084e00000| Untracked 
|  79|0x0000000084f00000, 0x0000000084f00000, 0x0000000085000000|  0%| F|  |TAMS 0x0000000084f00000, 0x0000000084f00000| Untracked 
|  80|0x0000000085000000, 0x0000000085000000, 0x0000000085100000|  0%| F|  |TAMS 0x0000000085000000, 0x0000000085000000| Untracked 
|  81|0x0000000085100000, 0x0000000085100000, 0x0000000085200000|  0%| F|  |TAMS 0x0000000085100000, 0x0000000085100000| Untracked 
|  82|0x0000000085200000, 0x0000000085200000, 0x0000000085300000|  0%| F|  |TAMS 0x0000000085200000, 0x0000000085200000| Untracked 
|  83|0x0000000085300000, 0x0000000085300000, 0x0000000085400000|  0%| F|  |TAMS 0x0000000085300000, 0x0000000085300000| Untracked 
|  84|0x0000000085400000, 0x0000000085400000, 0x0000000085500000|  0%| F|  |TAMS 0x0000000085400000, 0x0000000085400000| Untracked 
|  85|0x0000000085500000, 0x0000000085500000, 0x0000000085600000|  0%| F|  |TAMS 0x0000000085500000, 0x0000000085500000| Untracked 
|  86|0x0000000085600000, 0x0000000085600000, 0x0000000085700000|  0%| F|  |TAMS 0x0000000085600000, 0x0000000085600000| Untracked 
|  87|0x0000000085700000, 0x0000000085700000, 0x0000000085800000|  0%| F|  |TAMS 0x0000000085700000, 0x0000000085700000| Untracked 
|  88|0x0000000085800000, 0x0000000085800000, 0x0000000085900000|  0%| F|  |TAMS 0x0000000085800000, 0x0000000085800000| Untracked 
|  89|0x0000000085900000, 0x0000000085900000, 0x0000000085a00000|  0%| F|  |TAMS 0x0000000085900000, 0x0000000085900000| Untracked 
|  90|0x0000000085a00000, 0x0000000085a00000, 0x0000000085b00000|  0%| F|  |TAMS 0x0000000085a00000, 0x0000000085a00000| Untracked 
|  91|0x0000000085b00000, 0x0000000085b00000, 0x0000000085c00000|  0%| F|  |TAMS 0x0000000085b00000, 0x0000000085b00000| Untracked 
|  92|0x0000000085c00000, 0x0000000085c00000, 0x0000000085d00000|  0%| F|  |TAMS 0x0000000085c00000, 0x0000000085c00000| Untracked 
|  93|0x0000000085d00000, 0x0000000085d00000, 0x0000000085e00000|  0%| F|  |TAMS 0x0000000085d00000, 0x0000000085d00000| Untracked 
|  94|0x0000000085e00000, 0x0000000085e00000, 0x0000000085f00000|  0%| F|  |TAMS 0x0000000085e00000, 0x0000000085e00000| Untracked 
|  95|0x0000000085f00000, 0x0000000085f00000, 0x0000000086000000|  0%| F|  |TAMS 0x0000000085f00000, 0x0000000085f00000| Untracked 
|  96|0x0000000086000000, 0x0000000086000000, 0x0000000086100000|  0%| F|  |TAMS 0x0000000086000000, 0x0000000086000000| Untracked 
|  97|0x0000000086100000, 0x0000000086100000, 0x0000000086200000|  0%| F|  |TAMS 0x0000000086100000, 0x0000000086100000| Untracked 
|  98|0x0000000086200000, 0x0000000086200000, 0x0000000086300000|  0%| F|  |TAMS 0x0000000086200000, 0x0000000086200000| Untracked 
|  99|0x0000000086300000, 0x0000000086300000, 0x0000000086400000|  0%| F|  |TAMS 0x0000000086300000, 0x0000000086300000| Untracked 
| 100|0x0000000086400000, 0x0000000086400000, 0x0000000086500000|  0%| F|  |TAMS 0x0000000086400000, 0x0000000086400000| Untracked 
| 101|0x0000000086500000, 0x0000000086500000, 0x0000000086600000|  0%| F|  |TAMS 0x0000000086500000, 0x0000000086500000| Untracked 
| 102|0x0000000086600000, 0x0000000086600000, 0x0000000086700000|  0%| F|  |TAMS 0x0000000086600000, 0x0000000086600000| Untracked 
| 103|0x0000000086700000, 0x0000000086700000, 0x0000000086800000|  0%| F|  |TAMS 0x0000000086700000, 0x0000000086700000| Untracked 
| 104|0x0000000086800000, 0x0000000086800000, 0x0000000086900000|  0%| F|  |TAMS 0x0000000086800000, 0x0000000086800000| Untracked 
| 105|0x0000000086900000, 0x0000000086900000, 0x0000000086a00000|  0%| F|  |TAMS 0x0000000086900000, 0x0000000086900000| Untracked 
| 106|0x0000000086a00000, 0x0000000086a00000, 0x0000000086b00000|  0%| F|  |TAMS 0x0000000086a00000, 0x0000000086a00000| Untracked 
| 107|0x0000000086b00000, 0x0000000086b00000, 0x0000000086c00000|  0%| F|  |TAMS 0x0000000086b00000, 0x0000000086b00000| Untracked 
| 108|0x0000000086c00000, 0x0000000086c00000, 0x0000000086d00000|  0%| F|  |TAMS 0x0000000086c00000, 0x0000000086c00000| Untracked 
| 109|0x0000000086d00000, 0x0000000086d00000, 0x0000000086e00000|  0%| F|  |TAMS 0x0000000086d00000, 0x0000000086d00000| Untracked 
| 110|0x0000000086e00000, 0x0000000086e00000, 0x0000000086f00000|  0%| F|  |TAMS 0x0000000086e00000, 0x0000000086e00000| Untracked 
| 111|0x0000000086f00000, 0x0000000086f00000, 0x0000000087000000|  0%| F|  |TAMS 0x0000000086f00000, 0x0000000086f00000| Untracked 
| 112|0x0000000087000000, 0x0000000087000000, 0x0000000087100000|  0%| F|  |TAMS 0x0000000087000000, 0x0000000087000000| Untracked 
| 113|0x0000000087100000, 0x0000000087100000, 0x0000000087200000|  0%| F|  |TAMS 0x0000000087100000, 0x0000000087100000| Untracked 
| 114|0x0000000087200000, 0x0000000087200000, 0x0000000087300000|  0%| F|  |TAMS 0x0000000087200000, 0x0000000087200000| Untracked 
| 115|0x0000000087300000, 0x0000000087300000, 0x0000000087400000|  0%| F|  |TAMS 0x0000000087300000, 0x0000000087300000| Untracked 
| 116|0x0000000087400000, 0x0000000087400000, 0x0000000087500000|  0%| F|  |TAMS 0x0000000087400000, 0x0000000087400000| Untracked 
| 117|0x0000000087500000, 0x0000000087500000, 0x0000000087600000|  0%| F|  |TAMS 0x0000000087500000, 0x0000000087500000| Untracked 
| 118|0x0000000087600000, 0x0000000087600000, 0x0000000087700000|  0%| F|  |TAMS 0x0000000087600000, 0x0000000087600000| Untracked 
| 119|0x0000000087700000, 0x0000000087700000, 0x0000000087800000|  0%| F|  |TAMS 0x0000000087700000, 0x0000000087700000| Untracked 
| 120|0x0000000087800000, 0x0000000087800000, 0x0000000087900000|  0%| F|  |TAMS 0x0000000087800000, 0x0000000087800000| Untracked 
| 121|0x0000000087900000, 0x0000000087980800, 0x0000000087a00000| 50%| E|  |TAMS 0x0000000087900000, 0x0000000087900000| Complete 
| 122|0x0000000087a00000, 0x0000000087b00000, 0x0000000087b00000|100%| E|CS|TAMS 0x0000000087a00000, 0x0000000087a00000| Complete 
| 123|0x0000000087b00000, 0x0000000087c00000, 0x0000000087c00000|100%| E|CS|TAMS 0x0000000087b00000, 0x0000000087b00000| Complete 

Card table byte_map: [0x000001545b4a0000,0x000001545b8a0000] _byte_map_base: 0x000001545b0a0000

Marking Bits (Prev, Next): (CMBitMap*) 0x0000015446508be8, (CMBitMap*) 0x0000015446508c20
 Prev Bits: [0x000001545bca0000, 0x000001545dca0000)
 Next Bits: [0x000001545dca0000, 0x000001545fca0000)

Polling page: 0x00000154465b0000

Metaspace:

Usage:
  Non-class:     44.72 MB capacity,    43.95 MB ( 98%) used,   674.39 KB (  1%) free+waste,   114.94 KB ( <1%) overhead. 
      Class:      6.84 MB capacity,     6.44 MB ( 94%) used,   361.62 KB (  5%) free+waste,    55.06 KB ( <1%) overhead. 
       Both:     51.57 MB capacity,    50.39 MB ( 98%) used,     1.01 MB (  2%) free+waste,   170.00 KB ( <1%) overhead. 

Virtual space:
  Non-class space:       46.00 MB reserved,      44.75 MB ( 97%) committed 
      Class space:        1.00 GB reserved,       6.88 MB ( <1%) committed 
             Both:        1.04 GB reserved,      51.63 MB (  5%) committed 

Chunk freelists:
   Non-Class:  26.00 KB
       Class:  0 bytes
        Both:  26.00 KB

MaxMetaspaceSize: 17179869184.00 GB
CompressedClassSpaceSize: 1.00 GB

CodeHeap 'non-profiled nmethods': size=120000Kb used=2491Kb max_used=2510Kb free=117508Kb
 bounds [0x0000015453110000, 0x0000015453390000, 0x000001545a640000]
CodeHeap 'profiled nmethods': size=120000Kb used=9345Kb max_used=9405Kb free=110654Kb
 bounds [0x000001544bbe0000, 0x000001544c520000, 0x0000015453110000]
CodeHeap 'non-nmethods': size=5760Kb used=2225Kb max_used=2250Kb free=3534Kb
 bounds [0x000001544b640000, 0x000001544b8b0000, 0x000001544bbe0000]
 total_blobs=5318 nmethods=4536 adapters=693
 compilation: enabled
              stopped_count=0, restarted_count=0
 full_count=0

Compilation events (20 events):
Event: 12.149 Thread 0x000001546279e800 nmethod 4754 0x000001544c4fd190 code [0x000001544c4fd340, 0x000001544c4fd4b8]
Event: 12.149 Thread 0x000001546279e800 4753       3       com.google.common.collect.RegularImmutableMap::makeImmutable (44 bytes)
Event: 12.150 Thread 0x000001546279e800 nmethod 4753 0x000001544c4fd590 code [0x000001544c4fd7a0, 0x000001544c4fdfd8]
Event: 12.150 Thread 0x000001546279e800 4755       3       com.google.common.collect.ImmutableMapEntry::<init> (12 bytes)
Event: 12.150 Thread 0x000001546279e800 nmethod 4755 0x000001544c4fe210 code [0x000001544c4fe3e0, 0x000001544c4fe6e8]
Event: 12.150 Thread 0x000001546279e800 4756       3       com.google.common.collect.ImmutableEntry::<init> (15 bytes)
Event: 12.150 Thread 0x000001546279e800 nmethod 4756 0x000001544c4fe810 code [0x000001544c4fe9e0, 0x000001544c4fec58]
Event: 12.150 Thread 0x000001546279e800 4759       3       com.google.common.collect.RegularImmutableList::get (7 bytes)
Event: 12.150 Thread 0x000001546279e800 nmethod 4759 0x000001544c4fed90 code [0x000001544c4fef40, 0x000001544c4ff078]
Event: 12.150 Thread 0x000001546279e800 4757       3       com.google.common.collect.AbstractMapEntry::<init> (5 bytes)
Event: 12.150 Thread 0x000001546279e800 nmethod 4757 0x000001544c4ff190 code [0x000001544c4ff340, 0x000001544c4ff498]
Event: 12.150 Thread 0x000001546279e800 4752       3       com.google.common.primitives.Ints::compare (20 bytes)
Event: 12.150 Thread 0x000001546279e800 nmethod 4752 0x000001544c4ff590 code [0x000001544c4ff740, 0x000001544c4ff8d8]
Event: 12.150 Thread 0x000001546279e800 4761       3       org.gradle.internal.service.DefaultServiceRegistry::isSatisfiedBy (61 bytes)
Event: 12.150 Thread 0x0000015469ce7000 4762       4       org.gradle.internal.service.DefaultServiceRegistry$OwnServices::getService (309 bytes)
Event: 12.151 Thread 0x000001546279e800 nmethod 4761 0x000001544c4ff990 code [0x000001544c4ffbc0, 0x000001544c500538]
Event: 12.156 Thread 0x0000015463d24800 4763       4       org.objectweb.asm.ByteVector::putUTF8 (144 bytes)
Event: 12.160 Thread 0x000001546279e800 4765       3       java.lang.invoke.InnerClassLambdaMetafactory::generateFactory (136 bytes)
Event: 12.161 Thread 0x000001546279e800 nmethod 4765 0x000001544c500710 code [0x000001544c500a00, 0x000001544c501728]
Event: 12.162 Thread 0x000001546279e800 4766       3       sun.reflect.generics.repository.GenericDeclRepository::<init> (7 bytes)

GC Heap History (14 events):
Event: 1.003 GC heap before
{Heap before GC invocations=0 (full 0):
 garbage-first heap   total 126976K, used 29696K [0x0000000080000000, 0x0000000100000000)
  region size 1024K, 24 young (24576K), 0 survivors (0K)
 Metaspace       used 10424K, capacity 10723K, committed 11008K, reserved 1058816K
  class space    used 1096K, capacity 1193K, committed 1280K, reserved 1048576K
}
Event: 1.009 GC heap after
{Heap after GC invocations=1 (full 0):
 garbage-first heap   total 126976K, used 9207K [0x0000000080000000, 0x0000000100000000)
  region size 1024K, 3 young (3072K), 3 survivors (3072K)
 Metaspace       used 10424K, capacity 10723K, committed 11008K, reserved 1058816K
  class space    used 1096K, capacity 1193K, committed 1280K, reserved 1048576K
}
Event: 2.520 GC heap before
{Heap before GC invocations=1 (full 0):
 garbage-first heap   total 126976K, used 80887K [0x0000000080000000, 0x0000000100000000)
  region size 1024K, 74 young (75776K), 3 survivors (3072K)
 Metaspace       used 18889K, capacity 19458K, committed 19712K, reserved 1067008K
  class space    used 2282K, capacity 2458K, committed 2560K, reserved 1048576K
}
Event: 2.526 GC heap after
{Heap after GC invocations=2 (full 0):
 garbage-first heap   total 126976K, used 15936K [0x0000000080000000, 0x0000000100000000)
  region size 1024K, 10 young (10240K), 10 survivors (10240K)
 Metaspace       used 18889K, capacity 19458K, committed 19712K, reserved 1067008K
  class space    used 2282K, capacity 2458K, committed 2560K, reserved 1048576K
}
Event: 2.670 GC heap before
{Heap before GC invocations=2 (full 0):
 garbage-first heap   total 126976K, used 28224K [0x0000000080000000, 0x0000000100000000)
  region size 1024K, 23 young (23552K), 10 survivors (10240K)
 Metaspace       used 20590K, capacity 21099K, committed 21248K, reserved 1067008K
  class space    used 2526K, capacity 2712K, committed 2816K, reserved 1048576K
}
Event: 2.674 GC heap after
{Heap after GC invocations=3 (full 0):
 garbage-first heap   total 126976K, used 16502K [0x0000000080000000, 0x0000000100000000)
  region size 1024K, 1 young (1024K), 1 survivors (1024K)
 Metaspace       used 20590K, capacity 21099K, committed 21248K, reserved 1067008K
  class space    used 2526K, capacity 2712K, committed 2816K, reserved 1048576K
}
Event: 3.207 GC heap before
{Heap before GC invocations=4 (full 0):
 garbage-first heap   total 126976K, used 67702K [0x0000000080000000, 0x0000000100000000)
  region size 1024K, 51 young (52224K), 1 survivors (1024K)
 Metaspace       used 26301K, capacity 26953K, committed 27008K, reserved 1073152K
  class space    used 3446K, capacity 3666K, committed 3712K, reserved 1048576K
}
Event: 3.210 GC heap after
{Heap after GC invocations=5 (full 0):
 garbage-first heap   total 126976K, used 18238K [0x0000000080000000, 0x0000000100000000)
  region size 1024K, 3 young (3072K), 3 survivors (3072K)
 Metaspace       used 26301K, capacity 26953K, committed 27008K, reserved 1073152K
  class space    used 3446K, capacity 3666K, committed 3712K, reserved 1048576K
}
Event: 3.943 GC heap before
{Heap before GC invocations=5 (full 0):
 garbage-first heap   total 126976K, used 65342K [0x0000000080000000, 0x0000000100000000)
  region size 1024K, 50 young (51200K), 3 survivors (3072K)
 Metaspace       used 35027K, capacity 35775K, committed 35840K, reserved 1081344K
  class space    used 4556K, capacity 4822K, committed 4864K, reserved 1048576K
}
Event: 3.950 GC heap after
{Heap after GC invocations=6 (full 0):
 garbage-first heap   total 126976K, used 21390K [0x0000000080000000, 0x0000000100000000)
  region size 1024K, 6 young (6144K), 6 survivors (6144K)
 Metaspace       used 35027K, capacity 35775K, committed 35840K, reserved 1081344K
  class space    used 4556K, capacity 4822K, committed 4864K, reserved 1048576K
}
Event: 4.725 GC heap before
{Heap before GC invocations=7 (full 0):
 garbage-first heap   total 126976K, used 83854K [0x0000000080000000, 0x0000000100000000)
  region size 1024K, 64 young (65536K), 6 survivors (6144K)
 Metaspace       used 40851K, capacity 41778K, committed 41984K, reserved 1085440K
  class space    used 5225K, capacity 5536K, committed 5632K, reserved 1048576K
}
Event: 4.731 GC heap after
{Heap after GC invocations=8 (full 0):
 garbage-first heap   total 126976K, used 24961K [0x0000000080000000, 0x0000000100000000)
  region size 1024K, 7 young (7168K), 7 survivors (7168K)
 Metaspace       used 40851K, capacity 41778K, committed 41984K, reserved 1085440K
  class space    used 5225K, capacity 5536K, committed 5632K, reserved 1048576K
}
Event: 11.362 GC heap before
{Heap before GC invocations=8 (full 0):
 garbage-first heap   total 126976K, used 85377K [0x0000000080000000, 0x0000000100000000)
  region size 1024K, 66 young (67584K), 7 survivors (7168K)
 Metaspace       used 44310K, capacity 45384K, committed 45568K, reserved 1089536K
  class space    used 5675K, capacity 6058K, committed 6144K, reserved 1048576K
}
Event: 11.367 GC heap after
{Heap after GC invocations=9 (full 0):
 garbage-first heap   total 126976K, used 27490K [0x0000000080000000, 0x0000000100000000)
  region size 1024K, 6 young (6144K), 6 survivors (6144K)
 Metaspace       used 44310K, capacity 45384K, committed 45568K, reserved 1089536K
  class space    used 5675K, capacity 6058K, committed 6144K, reserved 1048576K
}

Deoptimization events (20 events):
Event: 12.020 Thread 0x0000015464f8d000 DEOPT PACKING pc=0x000001544c446562 sp=0x00000038bc4f31e0
Event: 12.020 Thread 0x0000015464f8d000 DEOPT UNPACKING pc=0x000001544b668ade sp=0x00000038bc4f2670 mode 0
Event: 12.109 Thread 0x0000015464f8d000 DEOPT PACKING pc=0x000001544be65a17 sp=0x00000038bc4f6f60
Event: 12.109 Thread 0x0000015464f8d000 DEOPT UNPACKING pc=0x000001544b668ade sp=0x00000038bc4f64e8 mode 0
Event: 12.111 Thread 0x0000015464f8d000 DEOPT PACKING pc=0x000001544be65a17 sp=0x00000038bc4f7140
Event: 12.111 Thread 0x0000015464f8d000 DEOPT UNPACKING pc=0x000001544b668ade sp=0x00000038bc4f66c8 mode 0
Event: 12.113 Thread 0x0000015464f8d000 DEOPT PACKING pc=0x000001544be65a17 sp=0x00000038bc4f6f40
Event: 12.113 Thread 0x0000015464f8d000 DEOPT UNPACKING pc=0x000001544b668ade sp=0x00000038bc4f64c8 mode 0
Event: 12.114 Thread 0x0000015464f8d000 DEOPT PACKING pc=0x000001544be65a17 sp=0x00000038bc4f6f40
Event: 12.114 Thread 0x0000015464f8d000 DEOPT UNPACKING pc=0x000001544b668ade sp=0x00000038bc4f64c8 mode 0
Event: 12.115 Thread 0x0000015464f8d000 DEOPT PACKING pc=0x000001544be65a17 sp=0x00000038bc4f7130
Event: 12.115 Thread 0x0000015464f8d000 DEOPT UNPACKING pc=0x000001544b668ade sp=0x00000038bc4f66b8 mode 0
Event: 12.117 Thread 0x0000015464f8d000 DEOPT PACKING pc=0x000001544be65a17 sp=0x00000038bc4f6f50
Event: 12.117 Thread 0x0000015464f8d000 DEOPT UNPACKING pc=0x000001544b668ade sp=0x00000038bc4f64d8 mode 0
Event: 12.118 Thread 0x0000015464f8d000 DEOPT PACKING pc=0x000001544be65a17 sp=0x00000038bc4f6f50
Event: 12.118 Thread 0x0000015464f8d000 DEOPT UNPACKING pc=0x000001544b668ade sp=0x00000038bc4f64d8 mode 0
Event: 12.119 Thread 0x0000015464f8d000 DEOPT PACKING pc=0x000001544be65a17 sp=0x00000038bc4f6f50
Event: 12.119 Thread 0x0000015464f8d000 DEOPT UNPACKING pc=0x000001544b668ade sp=0x00000038bc4f64d8 mode 0
Event: 12.120 Thread 0x0000015464f8d000 DEOPT PACKING pc=0x000001544be65a17 sp=0x00000038bc4f6f50
Event: 12.120 Thread 0x0000015464f8d000 DEOPT UNPACKING pc=0x000001544b668ade sp=0x00000038bc4f64d8 mode 0

Classes redefined (0 events):
No events

Internal exceptions (20 events):
Event: 11.584 Thread 0x0000015465243800 Exception <a 'java/lang/NoSuchMethodError'{0x0000000087bf9e78}: <clinit>> (0x0000000087bf9e78) thrown at [./src/hotspot/share/prims/jni.cpp, line 1362]
Event: 11.586 Thread 0x0000015465243800 Exception <a 'java/lang/NoSuchMethodError'{0x0000000086b9e170}: <clinit>> (0x0000000086b9e170) thrown at [./src/hotspot/share/prims/jni.cpp, line 1362]
Event: 11.586 Thread 0x0000015465243800 Exception <a 'java/lang/NoSuchMethodError'{0x0000000086b9f4c8}: <clinit>> (0x0000000086b9f4c8) thrown at [./src/hotspot/share/prims/jni.cpp, line 1362]
Event: 11.586 Thread 0x0000015465243800 Exception <a 'java/lang/NoSuchMethodError'{0x0000000086ba07d0}: <clinit>> (0x0000000086ba07d0) thrown at [./src/hotspot/share/prims/jni.cpp, line 1362]
Event: 11.587 Thread 0x0000015465243800 Exception <a 'java/lang/NoSuchMethodError'{0x0000000086ba17f0}: <clinit>> (0x0000000086ba17f0) thrown at [./src/hotspot/share/prims/jni.cpp, line 1362]
Event: 11.587 Thread 0x0000015465243800 Exception <a 'java/lang/NoSuchMethodError'{0x0000000086bab680}: <clinit>> (0x0000000086bab680) thrown at [./src/hotspot/share/prims/jni.cpp, line 1362]
Event: 11.588 Thread 0x0000015465243800 Exception <a 'java/lang/NoSuchMethodError'{0x0000000086bb5ae8}: <clinit>> (0x0000000086bb5ae8) thrown at [./src/hotspot/share/prims/jni.cpp, line 1362]
Event: 11.589 Thread 0x0000015465243800 Exception <a 'java/lang/NoSuchMethodError'{0x0000000086be0600}: <clinit>> (0x0000000086be0600) thrown at [./src/hotspot/share/prims/jni.cpp, line 1362]
Event: 11.618 Thread 0x0000015464f8d000 Exception <a 'java/lang/ClassNotFoundException'{0x0000000086a04048}: build_2lpvtvzsyo5ilbov6a6xsccrrBeanInfo> (0x0000000086a04048) thrown at [./src/hotspot/share/classfile/systemDictionary.cpp, line 231]
Event: 11.618 Thread 0x0000015464f8d000 Exception <a 'java/lang/ClassNotFoundException'{0x0000000086a0ce50}: build_2lpvtvzsyo5ilbov6a6xsccrrCustomizer> (0x0000000086a0ce50) thrown at [./src/hotspot/share/classfile/systemDictionary.cpp, line 231]
Event: 11.624 Thread 0x0000015464f8d000 Exception <a 'java/lang/ClassNotFoundException'{0x0000000086a7bc20}: org/gradle/plugin/use/internal/PluginRequestCollector$PluginDependenciesSpecImplBeanInfo> (0x0000000086a7bc20) thrown at [./src/hotspot/share/classfile/systemDictionary.cpp, line 231]
Event: 11.625 Thread 0x0000015464f8d000 Exception <a 'java/lang/ClassNotFoundException'{0x0000000086aa1c08}: org/gradle/plugin/use/internal/PluginRequestCollector$PluginDependenciesSpecImplCustomizer> (0x0000000086aa1c08) thrown at [./src/hotspot/share/classfile/systemDictionary.cpp, line 231]
Event: 11.630 Thread 0x0000015464f8d000 Exception <a 'java/lang/NoSuchMethodError'{0x00000000869138b0}: 'void java.lang.invoke.DirectMethodHandle$Holder.invokeInterface(java.lang.Object, java.lang.Object)'> (0x00000000869138b0) thrown at [./src/hotspot/share/interpreter/linkResolver.cpp, line 773]
Event: 11.650 Thread 0x0000015464f8d000 Exception <a 'java/lang/ClassNotFoundException'{0x00000000868d1030}: org/gradle/api/internal/plugins/DefaultObjectConfigurationActionBeanInfo> (0x00000000868d1030) thrown at [./src/hotspot/share/classfile/systemDictionary.cpp, line 231]
Event: 11.651 Thread 0x0000015464f8d000 Exception <a 'java/lang/ClassNotFoundException'{0x00000000868fce50}: org/gradle/api/internal/plugins/DefaultObjectConfigurationActionCustomizer> (0x00000000868fce50) thrown at [./src/hotspot/share/classfile/systemDictionary.cpp, line 231]
Event: 11.764 Thread 0x0000015464f8d000 Exception <a 'java/lang/NoSuchMethodError'{0x0000000085fc50c0}: 'java.lang.Object java.lang.invoke.DirectMethodHandle$Holder.invokeStatic(java.lang.Object, java.lang.Object, java.lang.Object, java.lang.Object, int)'> (0x0000000085fc50c0) thrown at [./src/hotspot/share/interpreter/linkResolver.cpp, line 773]
Event: 11.764 Thread 0x0000015464f8d000 Exception <a 'java/lang/NoSuchMethodError'{0x0000000085fc9ab8}: 'java.lang.Object java.lang.invoke.DirectMethodHandle$Holder.invokeSpecial(java.lang.Object, java.lang.Object, java.lang.Object, java.lang.Object, java.lang.Object, int)'> (0x0000000085fc9ab8) thrown at [./src/hotspot/share/interpreter/linkResolver.cpp, line 773]
Event: 11.765 Thread 0x0000015464f8d000 Exception <a 'java/lang/NoSuchMethodError'{0x0000000085fce0f8}: 'java.lang.Object java.lang.invoke.Invokers$Holder.linkToTargetMethod(java.lang.Object, java.lang.Object, java.lang.Object, int, java.lang.Object)'> (0x0000000085fce0f8) thrown at [./src/hotspot/share/interpreter/linkResolver.cpp, line 773]
Event: 12.014 Thread 0x0000015464f8d000 Exception <a 'java/lang/NoSuchMethodError'{0x0000000084b56ce0}: 'java.lang.Object java.lang.invoke.DirectMethodHandle$Holder.invokeSpecial(java.lang.Object, java.lang.Object, int, int, java.lang.Object, java.lang.Object, java.lang.Object)'> (0x0000000084b56ce0) thrown at [./src/hotspot/share/interpreter/linkResolver.cpp, line 773]
Event: 12.014 Thread 0x0000015464f8d000 Exception <a 'java/lang/NoSuchMethodError'{0x0000000084b5b260}: 'java.lang.Object java.lang.invoke.DelegatingMethodHandle$Holder.reinvoke_L(java.lang.Object, int, int, java.lang.Object, java.lang.Object, java.lang.Object)'> (0x0000000084b5b260) thrown at [./src/hotspot/share/interpreter/linkResolver.cpp, line 773]

Events (20 events):
Event: 12.154 loading class org/gradle/internal/typeconversion/MapKey
Event: 12.154 loading class org/gradle/internal/typeconversion/MapKey done
Event: 12.158 loading class org/gradle/api/internal/artifacts/dependencies/DefaultDependencyArtifact
Event: 12.158 loading class org/gradle/api/internal/artifacts/dependencies/DefaultDependencyArtifact done
Event: 12.159 loading class org/gradle/api/artifacts/ConfigurationContainer
Event: 12.159 loading class org/gradle/api/artifacts/ConfigurationContainer done
Event: 12.159 loading class org/gradle/api/internal/artifacts/configurations/DetachedConfigurationsProvider
Event: 12.159 loading class org/gradle/api/internal/artifacts/configurations/DetachedConfigurationsProvider done
Event: 12.160 loading class org/gradle/api/internal/artifacts/dependencies/AbstractExternalModuleDependency
Event: 12.160 loading class org/gradle/api/internal/artifacts/dependencies/AbstractExternalModuleDependency done
Event: 12.160 loading class org/gradle/api/artifacts/ExternalModuleDependency
Event: 12.160 loading class org/gradle/api/artifacts/ExternalModuleDependency done
Event: 12.160 loading class org/gradle/api/internal/artifacts/dependencies/AbstractExternalModuleDependency
Event: 12.160 loading class org/gradle/api/internal/artifacts/dependencies/AbstractExternalModuleDependency done
Event: 12.160 loading class com/android/build/gradle/internal/res/Aapt2FromMaven$Companion$Aapt2Extractor
Event: 12.160 loading class com/android/build/gradle/internal/res/Aapt2FromMaven$Companion$Aapt2Extractor done
Event: 12.161 loading class org/gradle/api/artifacts/transform/TransformAction
Event: 12.161 loading class org/gradle/api/artifacts/transform/TransformAction done
Event: 12.161 loading class com/android/build/gradle/internal/res/Aapt2FromMaven$Companion$create$1
Event: 12.161 loading class com/android/build/gradle/internal/res/Aapt2FromMaven$Companion$create$1 done


Dynamic libraries:
0x00007ff6d74f0000 - 0x00007ff6d74fa000 	C:\Program Files\Android\Android Studio1\jre\bin\java.exe
0x00007fff6cf70000 - 0x00007fff6d165000 	C:\Windows\SYSTEM32\ntdll.dll
0x00007fff6c4f0000 - 0x00007fff6c5ad000 	C:\Windows\System32\KERNEL32.DLL
0x00007fff6a870000 - 0x00007fff6ab39000 	C:\Windows\System32\KERNELBASE.dll
0x00007fff6ab40000 - 0x00007fff6ac40000 	C:\Windows\System32\ucrtbase.dll
0x00007fff5fa00000 - 0x00007fff5fa19000 	C:\Program Files\Android\Android Studio1\jre\bin\jli.dll
0x00007fff5f9e0000 - 0x00007fff5f9f7000 	C:\Program Files\Android\Android Studio1\jre\bin\VCRUNTIME140.dll
0x00007fff6c030000 - 0x00007fff6c1d0000 	C:\Windows\System32\USER32.dll
0x00007fff6ad30000 - 0x00007fff6ad52000 	C:\Windows\System32\win32u.dll
0x00007fff6c000000 - 0x00007fff6c02a000 	C:\Windows\System32\GDI32.dll
0x00007fff6aec0000 - 0x00007fff6afcb000 	C:\Windows\System32\gdi32full.dll
0x00007fff6ac40000 - 0x00007fff6acdd000 	C:\Windows\System32\msvcp_win.dll
0x00007fff4ffa0000 - 0x00007fff5023a000 	C:\Windows\WinSxS\amd64_microsoft.windows.common-controls_6595b64144ccf1df_6.0.19041.1110_none_60b5254171f9507e\COMCTL32.dll
0x00007fff6c5b0000 - 0x00007fff6c64e000 	C:\Windows\System32\msvcrt.dll
0x00007fff6bb30000 - 0x00007fff6bb60000 	C:\Windows\System32\IMM32.DLL
0x00007ffef7a10000 - 0x00007ffef7aad000 	C:\Program Files\Android\Android Studio1\jre\bin\msvcp140.dll
0x00007fff04440000 - 0x00007fff04efc000 	C:\Program Files\Android\Android Studio1\jre\bin\server\jvm.dll
0x00007fff6c1d0000 - 0x00007fff6c27c000 	C:\Windows\System32\ADVAPI32.dll
0x00007fff6b050000 - 0x00007fff6b0eb000 	C:\Windows\System32\sechost.dll
0x00007fff6c650000 - 0x00007fff6c77a000 	C:\Windows\System32\RPCRT4.dll
0x00007fff6bb20000 - 0x00007fff6bb28000 	C:\Windows\System32\PSAPI.DLL
0x00007fff51660000 - 0x00007fff51669000 	C:\Windows\SYSTEM32\WSOCK32.dll
0x00007fff5d790000 - 0x00007fff5d79a000 	C:\Windows\SYSTEM32\VERSION.dll
0x00007fff6bec0000 - 0x00007fff6bf2b000 	C:\Windows\System32\WS2_32.dll
0x00007fff61dd0000 - 0x00007fff61df7000 	C:\Windows\SYSTEM32\WINMM.dll
0x00007fff68f30000 - 0x00007fff68f42000 	C:\Windows\SYSTEM32\kernel.appcore.dll
0x00007fff5fc70000 - 0x00007fff5fc81000 	C:\Program Files\Android\Android Studio1\jre\bin\verify.dll
0x00007fff68c20000 - 0x00007fff68e04000 	C:\Windows\SYSTEM32\DBGHELP.DLL
0x00007fff61da0000 - 0x00007fff61dcc000 	C:\Windows\SYSTEM32\dbgcore.DLL
0x00007fff6a7e0000 - 0x00007fff6a863000 	C:\Windows\System32\bcryptPrimitives.dll
0x00007fff5fc40000 - 0x00007fff5fc69000 	C:\Program Files\Android\Android Studio1\jre\bin\java.dll
0x00007fff621a0000 - 0x00007fff621ab000 	C:\Program Files\Android\Android Studio1\jre\bin\jimage.dll
0x00007fff5fb10000 - 0x00007fff5fb28000 	C:\Program Files\Android\Android Studio1\jre\bin\zip.dll
0x00007fff6b3e0000 - 0x00007fff6bb1f000 	C:\Windows\System32\SHELL32.dll
0x00007fff683d0000 - 0x00007fff68b60000 	C:\Windows\SYSTEM32\windows.storage.dll
0x00007fff6bb60000 - 0x00007fff6beb5000 	C:\Windows\System32\combase.dll
0x00007fff6a100000 - 0x00007fff6a12c000 	C:\Windows\SYSTEM32\Wldp.dll
0x00007fff6c860000 - 0x00007fff6c90e000 	C:\Windows\System32\SHCORE.dll
0x00007fff6b2f0000 - 0x00007fff6b345000 	C:\Windows\System32\shlwapi.dll
0x00007fff6a5e0000 - 0x00007fff6a5ff000 	C:\Windows\SYSTEM32\profapi.dll
0x00007fff5faf0000 - 0x00007fff5fb0a000 	C:\Program Files\Android\Android Studio1\jre\bin\net.dll
0x00007fff60df0000 - 0x00007fff60ef8000 	C:\Windows\SYSTEM32\WINHTTP.dll
0x00007fff69e60000 - 0x00007fff69eca000 	C:\Windows\system32\mswsock.dll
0x00007fff5fad0000 - 0x00007fff5fae4000 	C:\Program Files\Android\Android Studio1\jre\bin\nio.dll
0x00007fff3f1b0000 - 0x00007fff3f1d7000 	C:\Users\ksm\.gradle\native\fdc75f09e3144964f2cf3f50f0aa648679c211496f362492102eb8c894070792\windows-amd64\native-platform.dll
0x00007fff16a40000 - 0x00007fff16bd6000 	C:\Users\ksm\.gradle\native\12488b8bf47d2d4c9fbf2f6322a914ad602e24e48041cd04a747c6da556b65c4\windows-amd64\native-platform-file-events.dll
0x00007fff60600000 - 0x00007fff6060a000 	C:\Program Files\Android\Android Studio1\jre\bin\management.dll
0x00007fff5fac0000 - 0x00007fff5facc000 	C:\Program Files\Android\Android Studio1\jre\bin\management_ext.dll
0x00007fff6a050000 - 0x00007fff6a068000 	C:\Windows\SYSTEM32\CRYPTSP.dll
0x00007fff69770000 - 0x00007fff697a4000 	C:\Windows\system32\rsaenh.dll
0x00007fff6a7b0000 - 0x00007fff6a7d7000 	C:\Windows\System32\bcrypt.dll
0x00007fff6a560000 - 0x00007fff6a58e000 	C:\Windows\SYSTEM32\USERENV.dll
0x00007fff6a070000 - 0x00007fff6a07c000 	C:\Windows\SYSTEM32\CRYPTBASE.dll
0x00007fff69b00000 - 0x00007fff69b3b000 	C:\Windows\SYSTEM32\IPHLPAPI.DLL
0x00007fff6ca40000 - 0x00007fff6ca48000 	C:\Windows\System32\NSI.dll
0x00007fff59170000 - 0x00007fff59187000 	C:\Windows\SYSTEM32\dhcpcsvc6.DLL
0x00007fff5e5a0000 - 0x00007fff5e5bd000 	C:\Windows\SYSTEM32\dhcpcsvc.DLL
0x00007fff69b40000 - 0x00007fff69c0c000 	C:\Windows\SYSTEM32\DNSAPI.dll
0x00007fff61c60000 - 0x00007fff61c6b000 	C:\Windows\SYSTEM32\WINNSI.DLL

dbghelp: loaded successfully - version: 4.0.5 - missing functions: none
symbol engine: initialized successfully - sym options: 0x614 - pdb path: .;C:\Program Files\Android\Android Studio1\jre\bin;C:\Windows\SYSTEM32;C:\Windows\WinSxS\amd64_microsoft.windows.common-controls_6595b64144ccf1df_6.0.19041.1110_none_60b5254171f9507e;C:\Program Files\Android\Android Studio1\jre\bin\server;C:\Users\ksm\.gradle\native\fdc75f09e3144964f2cf3f50f0aa648679c211496f362492102eb8c894070792\windows-amd64;C:\Users\ksm\.gradle\native\12488b8bf47d2d4c9fbf2f6322a914ad602e24e48041cd04a747c6da556b65c4\windows-amd64

VM Arguments:
jvm_args: --add-opens=java.base/java.util=ALL-UNNAMED --add-opens=java.base/java.lang=ALL-UNNAMED --add-opens=java.base/java.lang.invoke=ALL-UNNAMED --add-opens=java.prefs/java.util.prefs=ALL-UNNAMED -Xmx2048m -Dfile.encoding=UTF-8 -Duser.country=KR -Duser.language=ko -Duser.variant 
java_command: org.gradle.launcher.daemon.bootstrap.GradleDaemon 6.7.1
java_class_path (initial): C:\Users\ksm\.gradle\wrapper\dists\gradle-6.7.1-bin\bwlcbys1h7rz3272sye1xwiv6\gradle-6.7.1\lib\gradle-launcher-6.7.1.jar
Launcher Type: SUN_STANDARD

[Global flags]
     intx CICompilerCount                          = 4                                         {product} {ergonomic}
     uint ConcGCThreads                            = 2                                         {product} {ergonomic}
     uint G1ConcRefinementThreads                  = 8                                         {product} {ergonomic}
   size_t G1HeapRegionSize                         = 1048576                                   {product} {ergonomic}
    uintx GCDrainStackTargetSize                   = 64                                        {product} {ergonomic}
   size_t InitialHeapSize                          = 130023424                                 {product} {ergonomic}
   size_t MarkStackSize                            = 4194304                                   {product} {ergonomic}
   size_t MaxHeapSize                              = 2147483648                                {product} {command line}
   size_t MaxNewSize                               = 1287651328                                {product} {ergonomic}
   size_t MinHeapDeltaBytes                        = 1048576                                   {product} {ergonomic}
    uintx NonNMethodCodeHeapSize                   = 5836300                                {pd product} {ergonomic}
    uintx NonProfiledCodeHeapSize                  = 122910970                              {pd product} {ergonomic}
    uintx ProfiledCodeHeapSize                     = 122910970                              {pd product} {ergonomic}
    uintx ReservedCodeCacheSize                    = 251658240                              {pd product} {ergonomic}
     bool SegmentedCodeCache                       = true                                      {product} {ergonomic}
     bool UseCompressedClassPointers               = true                                 {lp64_product} {ergonomic}
     bool UseCompressedOops                        = true                                 {lp64_product} {ergonomic}
     bool UseG1GC                                  = true                                      {product} {ergonomic}
     bool UseLargePagesIndividualAllocation        = false                                  {pd product} {ergonomic}

Logging:
Log output configuration:
 #0: stdout all=warning uptime,level,tags
 #1: stderr all=off uptime,level,tags

Environment Variables:
PATH=C:\Program Files\Common Files\Oracle\Java\javapath;C:\Program Files\MySQL\MySQL Workbench 8.0;C:\Program Files\dotnet\;C:\Program Files (x86)\dotnet\;D:\Git\cmd;C:\Users\ksm\AppData\Local\Microsoft\WindowsApps;C:\Users\ksm\.dotnet\tools;C:\Users\ksm\AppData\Local\Android\Sdk\tools;C:\Users\ksm\AppData\Local\Android\Sdk\platform-tools;;C:\Users\ksm\AppData\Local\Programs\Microsoft VS Code\bin;C:\Program Files (x86)\ESTsoft\ALSee\x64
USERNAME=ksm
OS=Windows_NT
PROCESSOR_IDENTIFIER=Intel64 Family 6 Model 140 Stepping 1, GenuineIntel



---------------  S Y S T E M  ---------------

OS: Windows 10 , 64 bit Build 19041 (10.0.19041.1151)
OS uptime: 0 days 17:07 hours

CPU:total 8 (initial active 8) (4 cores per cpu, 2 threads per core) family 6 model 140 stepping 1, cmov, cx8, fxsr, mmx, sse, sse2, sse3, ssse3, sse4.1, sse4.2, popcnt, avx, avx2, aes, clmul, erms, 3dnowpref, lzcnt, ht, tsc, tscinvbit, bmi1, bmi2, adx, evex, sha, fma

Memory: 4k page, system-wide physical 7900M (599M free)
TotalPageFile size 9815M (AvailPageFile size 3M)
current process WorkingSet (physical memory assigned to process): 274M, peak: 276M
current process commit charge ("private bytes"): 334M, peak: 334M

vm_info: OpenJDK 64-Bit Server VM (11.0.8+10-b944.6842174) for windows-amd64 JRE (11.0.8+10-b944.6842174), built on Sep 19 2020 01:11:42 by "builder" with MS VC++ 14.0 (VS2015)

END.
