#
# There is insufficient memory for the Java Runtime Environment to continue.
# Native memory allocation (mmap) failed to map 45088768 bytes for Failed to commit area from 0x000000008d700000 to 0x0000000090200000 of length 45088768.
# Possible reasons:
#   The system is out of physical RAM or swap space
#   The process is running with CompressedOops enabled, and the Java Heap may be blocking the growth of the native heap
# Possible solutions:
#   Reduce memory load on the system
#   Increase physical memory or swap space
#   Check if swap backing store is full
#   Decrease Java heap size (-Xmx/-Xms)
#   Decrease number of Java threads
#   Decrease Java thread stack sizes (-Xss)
#   Set larger code cache with -XX:ReservedCodeCacheSize=
#   JVM is running with Unscaled Compressed Oops mode in which the Java heap is
#     placed in the first 4GB address space. The Java Heap base address is the
#     maximum limit for the native heap growth. Please use -XX:HeapBaseMinAddress
#     to set the Java Heap base and to place the Java Heap above 4GB virtual address.
# This output file may be truncated or incomplete.
#
#  Out of Memory Error (./src/hotspot/os/windows/os_windows.cpp:3303), pid=11504, tid=18580
#
# JRE version: OpenJDK Runtime Environment (11.0.8+10) (build 11.0.8+10-b944.6842174)
# Java VM: OpenJDK 64-Bit Server VM (11.0.8+10-b944.6842174, mixed mode, tiered, compressed oops, g1 gc, windows-amd64)
# No core dump will be written. Minidumps are not enabled by default on client versions of Windows
#

---------------  S U M M A R Y ------------

Command Line: --add-opens=java.base/java.util=ALL-UNNAMED --add-opens=java.base/java.lang=ALL-UNNAMED --add-opens=java.base/java.lang.invoke=ALL-UNNAMED --add-opens=java.prefs/java.util.prefs=ALL-UNNAMED -Xmx2048m -Dfile.encoding=UTF-8 -Duser.country=KR -Duser.language=ko -Duser.variant org.gradle.launcher.daemon.bootstrap.GradleDaemon 6.7.1

Host: 11th Gen Intel(R) Core(TM) i5-1135G7 @ 2.40GHz, 8 cores, 7G,  Windows 10 , 64 bit Build 19041 (10.0.19041.1023)
Time: Wed Aug 11 10:13:59 2021 대한민국 표준시 elapsed time: 97 seconds (0d 0h 1m 37s)

---------------  T H R E A D  ---------------

Current thread (0x000001e9fa5ac800):  VMThread "VM Thread" [stack: 0x0000001ebb800000,0x0000001ebb900000] [id=18580]

Stack: [0x0000001ebb800000,0x0000001ebb900000]
[error occurred during error reporting (printing stack bounds), id 0xc0000005, EXCEPTION_ACCESS_VIOLATION (0xc0000005) at pc=0x000001e980000f67]

Native frames: (J=compiled Java code, j=interpreted, Vv=VM code, C=native code)
V  [jvm.dll+0x5de50a]
V  [jvm.dll+0x7122f5]
V  [jvm.dll+0x71384d]
V  [jvm.dll+0x713e65]
V  [jvm.dll+0x713e1b]
V  [jvm.dll+0x5dd958]
V  [jvm.dll+0x5de0f8]
C  [ntdll.dll+0xa217f]
C  [ntdll.dll+0x51454]
C  [ntdll.dll+0xa0cae]
C  0x000001e980000f67

VM_Operation (0x0000001ebddf9eb0): G1CollectForAllocation, mode: safepoint, requested by thread 0x000001e9fd421000


---------------  P R O C E S S  ---------------

Threads class SMR info:
_java_thread_list=0x000001e994c31940, length=158, elements={
0x000001e9eeb8a800, 0x000001e9fa5b1000, 0x000001e9fa5b2800, 0x000001e9faed6800,
0x000001e9fa5cc000, 0x000001e9fa5cd000, 0x000001e9fa5d0800, 0x000001e9fa5d4800,
0x000001e9fb03f000, 0x000001e9fb048000, 0x000001e9fc6fa000, 0x000001e9fb081000,
0x000001e9fc154800, 0x000001e9fc8e3000, 0x000001e9fc9f0800, 0x000001e9fc7e2800,
0x000001e9fc7e2000, 0x000001e9fc7e3800, 0x000001e9fd419800, 0x000001e9fd41d800,
0x000001e98fb80000, 0x000001e98fb7a000, 0x000001e9fd41c000, 0x000001e9fd41e800,
0x000001e9fd418800, 0x000001e9fd420000, 0x000001e9fd41d000, 0x000001e9fd41f000,
0x000001e9fd41a800, 0x000001e9fd425800, 0x000001e9fd426800, 0x000001e9fd424000,
0x000001e9fd421000, 0x000001e9fd423800, 0x000001e9fd427800, 0x000001e9fd422800,
0x000001e9fd425000, 0x000001e98fb77800, 0x000001e98fb7b000, 0x000001e98fb79800,
0x000001e98fb77000, 0x000001e98fb78800, 0x000001e98fb75000, 0x000001e98fb7c000,
0x000001e98fb76000, 0x000001e98fb7c800, 0x000001e98fb82800, 0x000001e98fb7d800,
0x000001e98fb84000, 0x000001e98fb7e000, 0x000001e98fb7f000, 0x000001e98fb80800,
0x000001e98fb81800, 0x000001e9fc7e6800, 0x000001e9fc7e6000, 0x000001e9fc7e1000,
0x000001e9fc7e4000, 0x000001e9fc7e7800, 0x000001e9fc7e5000, 0x000001e992f5d800,
0x000001e992f59000, 0x000001e992f57800, 0x000001e992f58800, 0x000001e992f5a000,
0x000001e992f5b800, 0x000001e992f5f000, 0x000001e992f60000, 0x000001e992f5c800,
0x000001e992f5b000, 0x000001e992f61800, 0x000001e992f60800, 0x000001e992f63000,
0x000001e992f62000, 0x000001e992f64000, 0x000001e992f5e000, 0x000001e992f66800,
0x000001e992f64800, 0x000001e992f65800, 0x000001e9fefe1000, 0x000001e9fefe3800,
0x000001e9fefe2800, 0x000001e9fefe6000, 0x000001e9fefe5000, 0x000001e9fefe2000,
0x000001e9fefe8800, 0x000001e9fefe9000, 0x000001e9fefe7000, 0x000001e9fefe7800,
0x000001e9fefea000, 0x000001e9fefe4800, 0x000001e9fefeb000, 0x000001e9fefec800,
0x000001e9fefed800, 0x000001e9fefeb800, 0x000001e9fefee000, 0x000001e9fefef000,
0x000001e9feff0000, 0x000001e9fcf8f800, 0x000001e9fcf90800, 0x000001e9fcf92000,
0x000001e9fcf8e800, 0x000001e9fcf91000, 0x000001e9fcf93800, 0x000001e9fcf95000,
0x000001e9fcf97000, 0x000001e9fcf92800, 0x000001e9fcf97800, 0x000001e9fcf99000,
0x000001e9fcf94800, 0x000001e9fcf9b800, 0x000001e9fcf96000, 0x000001e9fcf9a000,
0x000001e9fcf9b000, 0x000001e9fcf98800, 0x000001e9fcf9d800, 0x000001e9fcf9c800,
0x000001e994472000, 0x000001e99446f000, 0x000001e994473000, 0x000001e99446e000,
0x000001e994471800, 0x000001e99446f800, 0x000001e99446d800, 0x000001e994474000,
0x000001e994474800, 0x000001e994470800, 0x000001e994475800, 0x000001e99447b000,
0x000001e99447c000, 0x000001e994476800, 0x000001e994477000, 0x000001e994478800,
0x000001e994478000, 0x000001e994479800, 0x000001e99447a800, 0x000001e9910ba800,
0x000001e9910bc000, 0x000001e9910ba000, 0x000001e9910bb800, 0x000001e9910c1000,
0x000001e9910c2000, 0x000001e9910c0800, 0x000001e9910c2800, 0x000001e9910c3800,
0x000001e9910be000, 0x000001e9910be800, 0x000001e9910c5000, 0x000001e9910c4800,
0x000001e9910c6000, 0x000001e9910c7800, 0x000001e9910c7000, 0x000001e9910c8800,
0x000001e9fd421800, 0x000001e9946f9800, 0x000001e9946fb800, 0x000001e9946fd000,
0x000001e9946f7000, 0x000001e9946fe000
}

Java Threads: ( => current thread )
  0x000001e9eeb8a800 JavaThread "main" [_thread_blocked, id=16024, stack(0x0000001ebb200000,0x0000001ebb300000)]
  0x000001e9fa5b1000 JavaThread "Reference Handler" daemon [_thread_blocked, id=15152, stack(0x0000001ebb900000,0x0000001ebba00000)]
  0x000001e9fa5b2800 JavaThread "Finalizer" daemon [_thread_blocked, id=19376, stack(0x0000001ebba00000,0x0000001ebbb00000)]
  0x000001e9faed6800 JavaThread "Signal Dispatcher" daemon [_thread_blocked, id=908, stack(0x0000001ebbb00000,0x0000001ebbc00000)]
  0x000001e9fa5cc000 JavaThread "Attach Listener" daemon [_thread_blocked, id=15756, stack(0x0000001ebbc00000,0x0000001ebbd00000)]
  0x000001e9fa5cd000 JavaThread "C2 CompilerThread0" daemon [_thread_blocked, id=13976, stack(0x0000001ebbd00000,0x0000001ebbe00000)]
  0x000001e9fa5d0800 JavaThread "C1 CompilerThread0" daemon [_thread_blocked, id=12716, stack(0x0000001ebbe00000,0x0000001ebbf00000)]
  0x000001e9fa5d4800 JavaThread "Sweeper thread" daemon [_thread_blocked, id=6160, stack(0x0000001ebbf00000,0x0000001ebc000000)]
  0x000001e9fb03f000 JavaThread "Common-Cleaner" daemon [_thread_blocked, id=15196, stack(0x0000001ebc000000,0x0000001ebc100000)]
  0x000001e9fb048000 JavaThread "Service Thread" daemon [_thread_blocked, id=1864, stack(0x0000001ebc100000,0x0000001ebc200000)]
  0x000001e9fc6fa000 JavaThread "Daemon health stats" [_thread_blocked, id=11740, stack(0x0000001ebc600000,0x0000001ebc700000)]
  0x000001e9fb081000 JavaThread "Incoming local TCP Connector on port 54658" [_thread_in_native, id=9956, stack(0x0000001ebc700000,0x0000001ebc800000)]
  0x000001e9fc154800 JavaThread "Daemon periodic checks" [_thread_blocked, id=17316, stack(0x0000001ebc800000,0x0000001ebc900000)]
  0x000001e9fc8e3000 JavaThread "Daemon" [_thread_blocked, id=15068, stack(0x0000001ebc900000,0x0000001ebca00000)]
  0x000001e9fc9f0800 JavaThread "Daemon worker" [_thread_blocked, id=3288, stack(0x0000001ebcc00000,0x0000001ebcd00000)]
  0x000001e9fc7e2800 JavaThread "Cache worker for file hash cache (C:\Users\ksm\.gradle\caches\6.7.1\fileHashes)" [_thread_blocked, id=2268, stack(0x0000001ebd700000,0x0000001ebd800000)]
  0x000001e9fc7e2000 JavaThread "File lock request listener" [_thread_in_native, id=8780, stack(0x0000001ebd800000,0x0000001ebd900000)]
  0x000001e9fc7e3800 JavaThread "Cache worker for journal cache (C:\Users\ksm\.gradle\caches\journal-1)" [_thread_blocked, id=13368, stack(0x0000001ebda00000,0x0000001ebdb00000)]
  0x000001e9fd419800 JavaThread "Cache worker for execution history cache (C:\Users\ksm\.gradle\caches\6.7.1\executionHistory)" [_thread_blocked, id=2256, stack(0x0000001ebf400000,0x0000001ebf500000)]
  0x000001e9fd41d800 JavaThread "Cache worker for file content cache (C:\Users\ksm\.gradle\caches\6.7.1\fileContent)" [_thread_blocked, id=1972, stack(0x0000001ebf600000,0x0000001ebf700000)]
  0x000001e98fb80000 JavaThread "Memory manager" [_thread_blocked, id=18060, stack(0x0000001ec4c00000,0x0000001ec4d00000)]
  0x000001e98fb7a000 JavaThread "pool-3-thread-1" [_thread_blocked, id=18716, stack(0x0000001ec4d00000,0x0000001ec4e00000)]
  0x000001e9fd41c000 JavaThread "Handler for socket connection from /127.0.0.1:54658 to /127.0.0.1:60109" [_thread_in_native, id=1280, stack(0x0000001ebaf00000,0x0000001ebb000000)]
  0x000001e9fd41e800 JavaThread "Cancel handler" [_thread_blocked, id=12256, stack(0x0000001ebb000000,0x0000001ebb100000)]
  0x000001e9fd418800 JavaThread "Asynchronous log dispatcher for DefaultDaemonConnection: socket connection from /127.0.0.1:54658 to /127.0.0.1:60109" [_thread_blocked, id=12960, stack(0x0000001ebb100000,0x0000001ebb200000)]
  0x000001e9fd420000 JavaThread "Stdin handler" [_thread_blocked, id=16152, stack(0x0000001ebca00000,0x0000001ebcb00000)]
  0x000001e9fd41d000 JavaThread "Thread-136" [_thread_blocked, id=10840, stack(0x0000001ebcb00000,0x0000001ebcc00000)]
  0x000001e9fd41f000 JavaThread "Cache worker for file hash cache (D:\ad\DaelimMap\.gradle\6.7.1\fileHashes)" [_thread_blocked, id=7328, stack(0x0000001ebcd00000,0x0000001ebce00000)]
  0x000001e9fd41a800 JavaThread "Cache worker for checksums cache (D:\ad\DaelimMap\.gradle\checksums)" [_thread_blocked, id=17156, stack(0x0000001ebce00000,0x0000001ebcf00000)]
  0x000001e9fd425800 JavaThread "Cache worker for cache directory md-supplier (C:\Users\ksm\.gradle\caches\6.7.1\md-supplier)" [_thread_blocked, id=8796, stack(0x0000001ebcf00000,0x0000001ebd000000)]
  0x000001e9fd426800 JavaThread "Cache worker for cache directory md-rule (C:\Users\ksm\.gradle\caches\6.7.1\md-rule)" [_thread_blocked, id=19104, stack(0x0000001ebd000000,0x0000001ebd100000)]
  0x000001e9fd424000 JavaThread "Cache worker for Build Output Cleanup Cache (D:\ad\DaelimMap\.gradle\buildOutputCleanup)" [_thread_blocked, id=19440, stack(0x0000001ebdb00000,0x0000001ebdc00000)]
  0x000001e9fd421000 JavaThread "Build operations" [_thread_blocked, id=3928, stack(0x0000001ebdd00000,0x0000001ebde00000)]
  0x000001e9fd423800 JavaThread "Build operations Thread 2" [_thread_blocked, id=11364, stack(0x0000001ebde00000,0x0000001ebdf00000)]
  0x000001e9fd427800 JavaThread "Build operations Thread 3" [_thread_blocked, id=5400, stack(0x0000001ebdf00000,0x0000001ebe000000)]
  0x000001e9fd422800 JavaThread "Build operations Thread 4" [_thread_blocked, id=15844, stack(0x0000001ebe000000,0x0000001ebe100000)]
  0x000001e9fd425000 JavaThread "Build operations Thread 5" [_thread_blocked, id=8568, stack(0x0000001ebe100000,0x0000001ebe200000)]
  0x000001e98fb77800 JavaThread "Build operations Thread 6" [_thread_blocked, id=9988, stack(0x0000001ebe200000,0x0000001ebe300000)]
  0x000001e98fb7b000 JavaThread "Build operations Thread 7" [_thread_blocked, id=11168, stack(0x0000001ebe300000,0x0000001ebe400000)]
  0x000001e98fb79800 JavaThread "Build operations Thread 8" [_thread_blocked, id=8632, stack(0x0000001ebe400000,0x0000001ebe500000)]
  0x000001e98fb77000 JavaThread "jar transforms Thread 98" [_thread_blocked, id=13608, stack(0x0000001ebe500000,0x0000001ebe600000)]
  0x000001e98fb78800 JavaThread "jar transforms Thread 99" [_thread_blocked, id=17304, stack(0x0000001ebe600000,0x0000001ebe700000)]
  0x000001e98fb75000 JavaThread "jar transforms Thread 100" [_thread_blocked, id=17180, stack(0x0000001ebe700000,0x0000001ebe800000)]
  0x000001e98fb7c000 JavaThread "jar transforms Thread 101" [_thread_blocked, id=1936, stack(0x0000001ebe800000,0x0000001ebe900000)]
  0x000001e98fb76000 JavaThread "jar transforms Thread 102" [_thread_blocked, id=16068, stack(0x0000001ebe900000,0x0000001ebea00000)]
  0x000001e98fb7c800 JavaThread "jar transforms Thread 103" [_thread_blocked, id=9736, stack(0x0000001ebea00000,0x0000001ebeb00000)]
  0x000001e98fb82800 JavaThread "jar transforms Thread 104" [_thread_blocked, id=18920, stack(0x0000001ebeb00000,0x0000001ebec00000)]
  0x000001e98fb7d800 JavaThread "jar transforms Thread 105" [_thread_blocked, id=11344, stack(0x0000001ebec00000,0x0000001ebed00000)]
  0x000001e98fb84000 JavaThread "jar transforms Thread 106" [_thread_blocked, id=1412, stack(0x0000001ebed00000,0x0000001ebee00000)]
  0x000001e98fb7e000 JavaThread "jar transforms Thread 107" [_thread_blocked, id=1980, stack(0x0000001ebee00000,0x0000001ebef00000)]
  0x000001e98fb7f000 JavaThread "jar transforms Thread 108" [_thread_blocked, id=9104, stack(0x0000001ebef00000,0x0000001ebf000000)]
  0x000001e98fb80800 JavaThread "jar transforms Thread 109" [_thread_blocked, id=8652, stack(0x0000001ebf000000,0x0000001ebf100000)]
  0x000001e98fb81800 JavaThread "jar transforms Thread 110" [_thread_blocked, id=12372, stack(0x0000001ebf100000,0x0000001ebf200000)]
  0x000001e9fc7e6800 JavaThread "jar transforms Thread 111" [_thread_blocked, id=7468, stack(0x0000001ebf200000,0x0000001ebf300000)]
  0x000001e9fc7e6000 JavaThread "jar transforms Thread 112" [_thread_blocked, id=8832, stack(0x0000001ebf300000,0x0000001ebf400000)]
  0x000001e9fc7e1000 JavaThread "jar transforms Thread 113" [_thread_blocked, id=9612, stack(0x0000001ebf500000,0x0000001ebf600000)]
  0x000001e9fc7e4000 JavaThread "jar transforms Thread 114" [_thread_blocked, id=5992, stack(0x0000001ebf700000,0x0000001ebf800000)]
  0x000001e9fc7e7800 JavaThread "jar transforms Thread 115" [_thread_blocked, id=16956, stack(0x0000001ebf800000,0x0000001ebf900000)]
  0x000001e9fc7e5000 JavaThread "jar transforms Thread 116" [_thread_blocked, id=14928, stack(0x0000001ebf900000,0x0000001ebfa00000)]
  0x000001e992f5d800 JavaThread "jar transforms Thread 117" [_thread_blocked, id=12284, stack(0x0000001ebfa00000,0x0000001ebfb00000)]
  0x000001e992f59000 JavaThread "jar transforms Thread 118" [_thread_blocked, id=12752, stack(0x0000001ebfb00000,0x0000001ebfc00000)]
  0x000001e992f57800 JavaThread "jar transforms Thread 119" [_thread_blocked, id=11892, stack(0x0000001ebfc00000,0x0000001ebfd00000)]
  0x000001e992f58800 JavaThread "jar transforms Thread 120" [_thread_blocked, id=15372, stack(0x0000001ebfd00000,0x0000001ebfe00000)]
  0x000001e992f5a000 JavaThread "jar transforms Thread 121" [_thread_blocked, id=2132, stack(0x0000001ebfe00000,0x0000001ebff00000)]
  0x000001e992f5b800 JavaThread "jar transforms Thread 122" [_thread_blocked, id=6236, stack(0x0000001ebff00000,0x0000001ec0000000)]
  0x000001e992f5f000 JavaThread "jar transforms Thread 123" [_thread_blocked, id=16388, stack(0x0000001ec0000000,0x0000001ec0100000)]
  0x000001e992f60000 JavaThread "jar transforms Thread 124" [_thread_blocked, id=5672, stack(0x0000001ec0100000,0x0000001ec0200000)]
  0x000001e992f5c800 JavaThread "jar transforms Thread 125" [_thread_blocked, id=10020, stack(0x0000001ec0200000,0x0000001ec0300000)]
  0x000001e992f5b000 JavaThread "jar transforms Thread 126" [_thread_blocked, id=6620, stack(0x0000001ec0300000,0x0000001ec0400000)]
  0x000001e992f61800 JavaThread "jar transforms Thread 127" [_thread_blocked, id=8368, stack(0x0000001ec0400000,0x0000001ec0500000)]
  0x000001e992f60800 JavaThread "jar transforms Thread 128" [_thread_blocked, id=11696, stack(0x0000001ec0500000,0x0000001ec0600000)]
  0x000001e992f63000 JavaThread "jar transforms Thread 129" [_thread_blocked, id=7684, stack(0x0000001ec0600000,0x0000001ec0700000)]
  0x000001e992f62000 JavaThread "jar transforms Thread 130" [_thread_blocked, id=1428, stack(0x0000001ec0700000,0x0000001ec0800000)]
  0x000001e992f64000 JavaThread "jar transforms Thread 131" [_thread_blocked, id=14188, stack(0x0000001ec0800000,0x0000001ec0900000)]
  0x000001e992f5e000 JavaThread "jar transforms Thread 132" [_thread_blocked, id=18836, stack(0x0000001ec0900000,0x0000001ec0a00000)]
  0x000001e992f66800 JavaThread "jar transforms Thread 133" [_thread_blocked, id=12300, stack(0x0000001ec0a00000,0x0000001ec0b00000)]
  0x000001e992f64800 JavaThread "jar transforms Thread 134" [_thread_blocked, id=12712, stack(0x0000001ec0b00000,0x0000001ec0c00000)]
  0x000001e992f65800 JavaThread "jar transforms Thread 135" [_thread_blocked, id=11244, stack(0x0000001ec0c00000,0x0000001ec0d00000)]
  0x000001e9fefe1000 JavaThread "jar transforms Thread 136" [_thread_blocked, id=15796, stack(0x0000001ec0d00000,0x0000001ec0e00000)]
  0x000001e9fefe3800 JavaThread "jar transforms Thread 137" [_thread_blocked, id=6964, stack(0x0000001ec0e00000,0x0000001ec0f00000)]
  0x000001e9fefe2800 JavaThread "jar transforms Thread 138" [_thread_blocked, id=11372, stack(0x0000001ec0f00000,0x0000001ec1000000)]
  0x000001e9fefe6000 JavaThread "jar transforms Thread 139" [_thread_blocked, id=3196, stack(0x0000001ec1000000,0x0000001ec1100000)]
  0x000001e9fefe5000 JavaThread "jar transforms Thread 140" [_thread_blocked, id=6688, stack(0x0000001ec1100000,0x0000001ec1200000)]
  0x000001e9fefe2000 JavaThread "jar transforms Thread 141" [_thread_blocked, id=12804, stack(0x0000001ec1200000,0x0000001ec1300000)]
  0x000001e9fefe8800 JavaThread "jar transforms Thread 142" [_thread_blocked, id=17804, stack(0x0000001ec1300000,0x0000001ec1400000)]
  0x000001e9fefe9000 JavaThread "jar transforms Thread 143" [_thread_blocked, id=16564, stack(0x0000001ec1400000,0x0000001ec1500000)]
  0x000001e9fefe7000 JavaThread "jar transforms Thread 144" [_thread_blocked, id=2108, stack(0x0000001ec1500000,0x0000001ec1600000)]
  0x000001e9fefe7800 JavaThread "jar transforms Thread 145" [_thread_blocked, id=3604, stack(0x0000001ec1600000,0x0000001ec1700000)]
  0x000001e9fefea000 JavaThread "jar transforms Thread 146" [_thread_blocked, id=15192, stack(0x0000001ec1700000,0x0000001ec1800000)]
  0x000001e9fefe4800 JavaThread "jar transforms Thread 147" [_thread_blocked, id=9776, stack(0x0000001ec1800000,0x0000001ec1900000)]
  0x000001e9fefeb000 JavaThread "jar transforms Thread 148" [_thread_blocked, id=6804, stack(0x0000001ec1900000,0x0000001ec1a00000)]
  0x000001e9fefec800 JavaThread "jar transforms Thread 149" [_thread_blocked, id=11660, stack(0x0000001ec1a00000,0x0000001ec1b00000)]
  0x000001e9fefed800 JavaThread "jar transforms Thread 150" [_thread_blocked, id=12856, stack(0x0000001ec1b00000,0x0000001ec1c00000)]
  0x000001e9fefeb800 JavaThread "jar transforms Thread 151" [_thread_blocked, id=8108, stack(0x0000001ec1c00000,0x0000001ec1d00000)]
  0x000001e9fefee000 JavaThread "jar transforms Thread 152" [_thread_blocked, id=10712, stack(0x0000001ec1d00000,0x0000001ec1e00000)]
  0x000001e9fefef000 JavaThread "jar transforms Thread 153" [_thread_blocked, id=4084, stack(0x0000001ec1e00000,0x0000001ec1f00000)]
  0x000001e9feff0000 JavaThread "jar transforms Thread 154" [_thread_blocked, id=1324, stack(0x0000001ec1f00000,0x0000001ec2000000)]
  0x000001e9fcf8f800 JavaThread "jar transforms Thread 155" [_thread_blocked, id=13104, stack(0x0000001ec2000000,0x0000001ec2100000)]
  0x000001e9fcf90800 JavaThread "jar transforms Thread 156" [_thread_blocked, id=3056, stack(0x0000001ec2100000,0x0000001ec2200000)]
  0x000001e9fcf92000 JavaThread "jar transforms Thread 157" [_thread_blocked, id=12172, stack(0x0000001ec2200000,0x0000001ec2300000)]
  0x000001e9fcf8e800 JavaThread "jar transforms Thread 158" [_thread_blocked, id=18624, stack(0x0000001ec2300000,0x0000001ec2400000)]
  0x000001e9fcf91000 JavaThread "jar transforms Thread 159" [_thread_blocked, id=11548, stack(0x0000001ec2400000,0x0000001ec2500000)]
  0x000001e9fcf93800 JavaThread "jar transforms Thread 160" [_thread_blocked, id=15668, stack(0x0000001ec2500000,0x0000001ec2600000)]
  0x000001e9fcf95000 JavaThread "jar transforms Thread 161" [_thread_blocked, id=15576, stack(0x0000001ec2600000,0x0000001ec2700000)]
  0x000001e9fcf97000 JavaThread "jar transforms Thread 162" [_thread_blocked, id=15980, stack(0x0000001ec2700000,0x0000001ec2800000)]
  0x000001e9fcf92800 JavaThread "jar transforms Thread 163" [_thread_blocked, id=12608, stack(0x0000001ec2800000,0x0000001ec2900000)]
  0x000001e9fcf97800 JavaThread "jar transforms Thread 164" [_thread_blocked, id=11820, stack(0x0000001ec2900000,0x0000001ec2a00000)]
  0x000001e9fcf99000 JavaThread "jar transforms Thread 165" [_thread_blocked, id=9504, stack(0x0000001ec2a00000,0x0000001ec2b00000)]
  0x000001e9fcf94800 JavaThread "jar transforms Thread 166" [_thread_blocked, id=6376, stack(0x0000001ec2b00000,0x0000001ec2c00000)]
  0x000001e9fcf9b800 JavaThread "jar transforms Thread 167" [_thread_blocked, id=13504, stack(0x0000001ec2c00000,0x0000001ec2d00000)]
  0x000001e9fcf96000 JavaThread "jar transforms Thread 168" [_thread_blocked, id=15060, stack(0x0000001ec2d00000,0x0000001ec2e00000)]
  0x000001e9fcf9a000 JavaThread "jar transforms Thread 169" [_thread_blocked, id=12680, stack(0x0000001ec2e00000,0x0000001ec2f00000)]
  0x000001e9fcf9b000 JavaThread "jar transforms Thread 170" [_thread_blocked, id=3148, stack(0x0000001ec2f00000,0x0000001ec3000000)]
  0x000001e9fcf98800 JavaThread "jar transforms Thread 171" [_thread_blocked, id=17716, stack(0x0000001ec3000000,0x0000001ec3100000)]
  0x000001e9fcf9d800 JavaThread "jar transforms Thread 172" [_thread_blocked, id=16004, stack(0x0000001ec3100000,0x0000001ec3200000)]
  0x000001e9fcf9c800 JavaThread "jar transforms Thread 173" [_thread_blocked, id=3836, stack(0x0000001ec3200000,0x0000001ec3300000)]
  0x000001e994472000 JavaThread "jar transforms Thread 174" [_thread_blocked, id=15256, stack(0x0000001ec3300000,0x0000001ec3400000)]
  0x000001e99446f000 JavaThread "jar transforms Thread 175" [_thread_blocked, id=13764, stack(0x0000001ec3400000,0x0000001ec3500000)]
  0x000001e994473000 JavaThread "jar transforms Thread 176" [_thread_blocked, id=4212, stack(0x0000001ec3500000,0x0000001ec3600000)]
  0x000001e99446e000 JavaThread "jar transforms Thread 177" [_thread_blocked, id=8344, stack(0x0000001ec3600000,0x0000001ec3700000)]
  0x000001e994471800 JavaThread "jar transforms Thread 178" [_thread_blocked, id=16820, stack(0x0000001ec3700000,0x0000001ec3800000)]
  0x000001e99446f800 JavaThread "jar transforms Thread 179" [_thread_blocked, id=10004, stack(0x0000001ec3800000,0x0000001ec3900000)]
  0x000001e99446d800 JavaThread "jar transforms Thread 180" [_thread_blocked, id=17288, stack(0x0000001ec3900000,0x0000001ec3a00000)]
  0x000001e994474000 JavaThread "jar transforms Thread 181" [_thread_blocked, id=15244, stack(0x0000001ec3a00000,0x0000001ec3b00000)]
  0x000001e994474800 JavaThread "jar transforms Thread 182" [_thread_blocked, id=16000, stack(0x0000001ec3b00000,0x0000001ec3c00000)]
  0x000001e994470800 JavaThread "jar transforms Thread 183" [_thread_blocked, id=1580, stack(0x0000001ec3c00000,0x0000001ec3d00000)]
  0x000001e994475800 JavaThread "jar transforms Thread 184" [_thread_blocked, id=5012, stack(0x0000001ec3d00000,0x0000001ec3e00000)]
  0x000001e99447b000 JavaThread "jar transforms Thread 185" [_thread_blocked, id=3656, stack(0x0000001ec3e00000,0x0000001ec3f00000)]
  0x000001e99447c000 JavaThread "jar transforms Thread 186" [_thread_blocked, id=11176, stack(0x0000001ec3f00000,0x0000001ec4000000)]
  0x000001e994476800 JavaThread "jar transforms Thread 187" [_thread_blocked, id=7892, stack(0x0000001ec4000000,0x0000001ec4100000)]
  0x000001e994477000 JavaThread "jar transforms Thread 188" [_thread_blocked, id=17532, stack(0x0000001ec4100000,0x0000001ec4200000)]
  0x000001e994478800 JavaThread "jar transforms Thread 189" [_thread_blocked, id=11320, stack(0x0000001ec4200000,0x0000001ec4300000)]
  0x000001e994478000 JavaThread "jar transforms Thread 190" [_thread_blocked, id=7632, stack(0x0000001ec4300000,0x0000001ec4400000)]
  0x000001e994479800 JavaThread "jar transforms Thread 191" [_thread_blocked, id=8860, stack(0x0000001ec4400000,0x0000001ec4500000)]
  0x000001e99447a800 JavaThread "jar transforms Thread 192" [_thread_blocked, id=15276, stack(0x0000001ec4500000,0x0000001ec4600000)]
  0x000001e9910ba800 JavaThread "jar transforms Thread 193" [_thread_blocked, id=12676, stack(0x0000001ec4600000,0x0000001ec4700000)]
  0x000001e9910bc000 JavaThread "jar transforms Thread 194" [_thread_blocked, id=19172, stack(0x0000001ec4700000,0x0000001ec4800000)]
  0x000001e9910ba000 JavaThread "build event listener" [_thread_blocked, id=5456, stack(0x0000001ec4900000,0x0000001ec4a00000)]
  0x000001e9910bb800 JavaThread "pool-6-thread-1" [_thread_blocked, id=8584, stack(0x0000001ec4a00000,0x0000001ec4b00000)]
  0x000001e9910c1000 JavaThread "build event listener" [_thread_blocked, id=6868, stack(0x0000001ec4b00000,0x0000001ec4c00000)]
  0x000001e9910c2000 JavaThread "Execution worker for ':'" [_thread_blocked, id=13456, stack(0x0000001ec4f00000,0x0000001ec5000000)]
  0x000001e9910c0800 JavaThread "Execution worker for ':' Thread 2" [_thread_blocked, id=3716, stack(0x0000001ec5000000,0x0000001ec5100000)]
  0x000001e9910c2800 JavaThread "Execution worker for ':' Thread 3" [_thread_blocked, id=4976, stack(0x0000001ec5100000,0x0000001ec5200000)]
  0x000001e9910c3800 JavaThread "Execution worker for ':' Thread 4" [_thread_blocked, id=10960, stack(0x0000001ec5200000,0x0000001ec5300000)]
  0x000001e9910be000 JavaThread "Execution worker for ':' Thread 5" [_thread_blocked, id=16400, stack(0x0000001ec5300000,0x0000001ec5400000)]
  0x000001e9910be800 JavaThread "Execution worker for ':' Thread 6" [_thread_blocked, id=12480, stack(0x0000001ec5400000,0x0000001ec5500000)]
  0x000001e9910c5000 JavaThread "Execution worker for ':' Thread 7" [_thread_blocked, id=14460, stack(0x0000001ec5500000,0x0000001ec5600000)]
  0x000001e9910c4800 JavaThread "Cache worker for execution history cache (D:\ad\DaelimMap\.gradle\6.7.1\executionHistory)" [_thread_blocked, id=8620, stack(0x0000001ec5600000,0x0000001ec5700000)]
  0x000001e9910c6000 JavaThread "WorkerExecutor Queue" [_thread_blocked, id=17820, stack(0x0000001ec5700000,0x0000001ec5800000)]
  0x000001e9910c7800 JavaThread "WorkerExecutor Queue Thread 2" [_thread_blocked, id=3600, stack(0x0000001ec5800000,0x0000001ec5900000)]
  0x000001e9910c7000 JavaThread "WorkerExecutor Queue Thread 3" [_thread_blocked, id=10872, stack(0x0000001ec5900000,0x0000001ec5a00000)]
  0x000001e9910c8800 JavaThread "WorkerExecutor Queue Thread 4" [_thread_blocked, id=3284, stack(0x0000001ec5a00000,0x0000001ec5b00000)]
  0x000001e9fd421800 JavaThread "WorkerExecutor Queue Thread 5" [_thread_blocked, id=11588, stack(0x0000001ec5b00000,0x0000001ec5c00000)]
  0x000001e9946f9800 JavaThread "WorkerExecutor Queue Thread 6" [_thread_blocked, id=2156, stack(0x0000001ec5c00000,0x0000001ec5d00000)]
  0x000001e9946fb800 JavaThread "WorkerExecutor Queue Thread 7" [_thread_blocked, id=9764, stack(0x0000001ec5d00000,0x0000001ec5e00000)]
  0x000001e9946fd000 JavaThread "WorkerExecutor Queue Thread 8" [_thread_blocked, id=17092, stack(0x0000001ec5e00000,0x0000001ec5f00000)]
  0x000001e9946f7000 JavaThread "C2 CompilerThread1" daemon [_thread_blocked, id=12188, stack(0x0000001ebdc00000,0x0000001ebdd00000)]
  0x000001e9946fe000 JavaThread "C2 CompilerThread2" daemon [_thread_blocked, id=3668, stack(0x0000001ec4800000,0x0000001ec4900000)]

Other Threads:
=>0x000001e9fa5ac800 VMThread "VM Thread" [stack: 0x0000001ebb800000,0x0000001ebb900000] [id=18580]
  0x000001e9fb079000 WatcherThread [stack: 0x0000001ebc200000,0x0000001ebc300000] [id=16040]
  0x000001e9eeba2000 GCTaskThread "GC Thread#0" [stack: 0x0000001ebb300000,0x0000001ebb400000] [id=14036]
  0x000001e9fbdfb800 GCTaskThread "GC Thread#1" [stack: 0x0000001ebc500000,0x0000001ebc600000] [id=7524]
  0x000001e9fc7fa000 GCTaskThread "GC Thread#2" [stack: 0x0000001ebd100000,0x0000001ebd200000] [id=12816]
  0x000001e9fc9ef000 GCTaskThread "GC Thread#3" [stack: 0x0000001ebd200000,0x0000001ebd300000] [id=13860]
  0x000001e9fc9ef800 GCTaskThread "GC Thread#4" [stack: 0x0000001ebd300000,0x0000001ebd400000] [id=18696]
  0x000001e9fc797000 GCTaskThread "GC Thread#5" [stack: 0x0000001ebd400000,0x0000001ebd500000] [id=2124]
  0x000001e9fc797800 GCTaskThread "GC Thread#6" [stack: 0x0000001ebd500000,0x0000001ebd600000] [id=12240]
  0x000001e9fc798000 GCTaskThread "GC Thread#7" [stack: 0x0000001ebd600000,0x0000001ebd700000] [id=17424]
  0x000001e9eebd3800 ConcurrentGCThread "G1 Main Marker" [stack: 0x0000001ebb400000,0x0000001ebb500000] [id=7304]
  0x000001e9eebd5000 ConcurrentGCThread "G1 Conc#0" [stack: 0x0000001ebb500000,0x0000001ebb600000] [id=19232]
  0x000001e9fc2c9800 ConcurrentGCThread "G1 Conc#1" [stack: 0x0000001ebd900000,0x0000001ebda00000] [id=13452]
  0x000001e9eec65800 ConcurrentGCThread "G1 Refine#0" [stack: 0x0000001ebb600000,0x0000001ebb700000] [id=16872]
  0x000001e9fa400800 ConcurrentGCThread "G1 Young RemSet Sampling" [stack: 0x0000001ebb700000,0x0000001ebb800000] [id=10968]

Threads with active compile tasks:
C2 CompilerThread0  97921 17958       4       com.android.tools.r8.s.a.a.b.M0::hasNext (217 bytes)
C1 CompilerThread0  97921 18037       3       com.android.tools.r8.C.a.a.f::a (6058 bytes)
C2 CompilerThread1  97921 17914       4       com.android.tools.r8.utils.V::e (290 bytes)
C2 CompilerThread2  97921 17947       4       com.android.tools.r8.graph.Z0::c (177 bytes)

VM state:at safepoint (normal execution)

VM Mutex/Monitor currently owned by a thread:  ([mutex/lock_event])
[0x000001e9eeb85ff0] Threads_lock - owner thread: 0x000001e9fa5ac800
[0x000001e9eeb87550] Heap_lock - owner thread: 0x000001e9fd421000

Heap address: 0x0000000080000000, size: 2048 MB, Compressed Oops mode: 32-bit
Narrow klass base: 0x0000000000000000, Narrow klass shift: 3
Compressed class space size: 1073741824 Address: 0x0000000100000000

Heap:
 garbage-first heap   total 264192K, used 145000K [0x0000000080000000, 0x0000000100000000)
  region size 1024K, 6 young (6144K), 6 survivors (6144K)
 Metaspace       used 129578K, capacity 132784K, committed 132976K, reserved 1165312K
  class space    used 15984K, capacity 17073K, committed 17140K, reserved 1048576K
Heap Regions: E=young(eden), S=young(survivor), O=old, HS=humongous(starts), HC=humongous(continues), CS=collection set, F=free, A=archive, TAMS=top-at-mark-start (previous, next)
|   0|0x0000000080000000, 0x0000000080100000, 0x0000000080100000|100%| O|  |TAMS 0x0000000080100000, 0x0000000080000000| Untracked 
|   1|0x0000000080100000, 0x0000000080200000, 0x0000000080200000|100%| O|  |TAMS 0x0000000080200000, 0x0000000080100000| Untracked 
|   2|0x0000000080200000, 0x0000000080300000, 0x0000000080300000|100%| O|  |TAMS 0x0000000080300000, 0x0000000080200000| Untracked 
|   3|0x0000000080300000, 0x0000000080400000, 0x0000000080400000|100%|HS|  |TAMS 0x0000000080400000, 0x0000000080300000| Complete 
|   4|0x0000000080400000, 0x0000000080500000, 0x0000000080500000|100%|HC|  |TAMS 0x0000000080500000, 0x0000000080400000| Complete 
|   5|0x0000000080500000, 0x0000000080600000, 0x0000000080600000|100%|HC|  |TAMS 0x0000000080600000, 0x0000000080500000| Complete 
|   6|0x0000000080600000, 0x0000000080700000, 0x0000000080700000|100%| O|  |TAMS 0x0000000080700000, 0x0000000080600000| Untracked 
|   7|0x0000000080700000, 0x0000000080800000, 0x0000000080800000|100%| O|  |TAMS 0x0000000080800000, 0x0000000080700000| Untracked 
|   8|0x0000000080800000, 0x0000000080900000, 0x0000000080900000|100%| O|  |TAMS 0x0000000080900000, 0x0000000080800000| Untracked 
|   9|0x0000000080900000, 0x0000000080a00000, 0x0000000080a00000|100%| O|  |TAMS 0x0000000080a00000, 0x0000000080900000| Untracked 
|  10|0x0000000080a00000, 0x0000000080b00000, 0x0000000080b00000|100%| O|  |TAMS 0x0000000080b00000, 0x0000000080a00000| Untracked 
|  11|0x0000000080b00000, 0x0000000080c00000, 0x0000000080c00000|100%| O|  |TAMS 0x0000000080c00000, 0x0000000080b00000| Untracked 
|  12|0x0000000080c00000, 0x0000000080d00000, 0x0000000080d00000|100%| O|  |TAMS 0x0000000080d00000, 0x0000000080c00000| Untracked 
|  13|0x0000000080d00000, 0x0000000080e00000, 0x0000000080e00000|100%| O|  |TAMS 0x0000000080e00000, 0x0000000080d00000| Untracked 
|  14|0x0000000080e00000, 0x0000000080f00000, 0x0000000080f00000|100%| O|  |TAMS 0x0000000080f00000, 0x0000000080e00000| Untracked 
|  15|0x0000000080f00000, 0x0000000081000000, 0x0000000081000000|100%| O|  |TAMS 0x0000000081000000, 0x0000000080f00000| Untracked 
|  16|0x0000000081000000, 0x0000000081100000, 0x0000000081100000|100%|HS|  |TAMS 0x0000000081100000, 0x0000000081000000| Complete 
|  17|0x0000000081100000, 0x0000000081200000, 0x0000000081200000|100%|HC|  |TAMS 0x0000000081200000, 0x0000000081100000| Complete 
|  18|0x0000000081200000, 0x0000000081300000, 0x0000000081300000|100%|HS|  |TAMS 0x0000000081300000, 0x0000000081200000| Complete 
|  19|0x0000000081300000, 0x0000000081400000, 0x0000000081400000|100%|HC|  |TAMS 0x0000000081400000, 0x0000000081300000| Complete 
|  20|0x0000000081400000, 0x0000000081500000, 0x0000000081500000|100%|HC|  |TAMS 0x0000000081500000, 0x0000000081400000| Complete 
|  21|0x0000000081500000, 0x0000000081600000, 0x0000000081600000|100%|HS|  |TAMS 0x0000000081600000, 0x0000000081500000| Complete 
|  22|0x0000000081600000, 0x0000000081700000, 0x0000000081700000|100%|HC|  |TAMS 0x0000000081700000, 0x0000000081600000| Complete 
|  23|0x0000000081700000, 0x0000000081800000, 0x0000000081800000|100%|HC|  |TAMS 0x0000000081800000, 0x0000000081700000| Complete 
|  24|0x0000000081800000, 0x0000000081900000, 0x0000000081900000|100%|HC|  |TAMS 0x0000000081900000, 0x0000000081800000| Complete 
|  25|0x0000000081900000, 0x0000000081a00000, 0x0000000081a00000|100%| O|  |TAMS 0x0000000081a00000, 0x0000000081900000| Untracked 
|  26|0x0000000081a00000, 0x0000000081b00000, 0x0000000081b00000|100%| O|  |TAMS 0x0000000081b00000, 0x0000000081a00000| Untracked 
|  27|0x0000000081b00000, 0x0000000081c00000, 0x0000000081c00000|100%| O|  |TAMS 0x0000000081c00000, 0x0000000081b00000| Untracked 
|  28|0x0000000081c00000, 0x0000000081d00000, 0x0000000081d00000|100%| O|  |TAMS 0x0000000081d00000, 0x0000000081c00000| Untracked 
|  29|0x0000000081d00000, 0x0000000081e00000, 0x0000000081e00000|100%| O|  |TAMS 0x0000000081e00000, 0x0000000081d00000| Untracked 
|  30|0x0000000081e00000, 0x0000000081f00000, 0x0000000081f00000|100%| O|  |TAMS 0x0000000081f00000, 0x0000000081e00000| Untracked 
|  31|0x0000000081f00000, 0x0000000082000000, 0x0000000082000000|100%| O|  |TAMS 0x0000000082000000, 0x0000000081f00000| Untracked 
|  32|0x0000000082000000, 0x0000000082100000, 0x0000000082100000|100%|HS|  |TAMS 0x0000000082100000, 0x0000000082000000| Complete 
|  33|0x0000000082100000, 0x0000000082200000, 0x0000000082200000|100%|HC|  |TAMS 0x0000000082200000, 0x0000000082100000| Complete 
|  34|0x0000000082200000, 0x0000000082300000, 0x0000000082300000|100%|HC|  |TAMS 0x0000000082300000, 0x0000000082200000| Complete 
|  35|0x0000000082300000, 0x0000000082400000, 0x0000000082400000|100%|HC|  |TAMS 0x0000000082400000, 0x0000000082300000| Complete 
|  36|0x0000000082400000, 0x0000000082500000, 0x0000000082500000|100%|HS|  |TAMS 0x0000000082500000, 0x0000000082400000| Complete 
|  37|0x0000000082500000, 0x0000000082600000, 0x0000000082600000|100%|HC|  |TAMS 0x0000000082600000, 0x0000000082500000| Complete 
|  38|0x0000000082600000, 0x0000000082700000, 0x0000000082700000|100%|HC|  |TAMS 0x0000000082700000, 0x0000000082600000| Complete 
|  39|0x0000000082700000, 0x0000000082800000, 0x0000000082800000|100%| O|  |TAMS 0x0000000082800000, 0x0000000082700000| Untracked 
|  40|0x0000000082800000, 0x0000000082900000, 0x0000000082900000|100%| O|  |TAMS 0x0000000082900000, 0x0000000082800000| Untracked 
|  41|0x0000000082900000, 0x0000000082a00000, 0x0000000082a00000|100%| O|  |TAMS 0x0000000082a00000, 0x0000000082900000| Untracked 
|  42|0x0000000082a00000, 0x0000000082b00000, 0x0000000082b00000|100%| O|  |TAMS 0x0000000082b00000, 0x0000000082a00000| Untracked 
|  43|0x0000000082b00000, 0x0000000082c00000, 0x0000000082c00000|100%| O|  |TAMS 0x0000000082c00000, 0x0000000082b00000| Untracked 
|  44|0x0000000082c00000, 0x0000000082d00000, 0x0000000082d00000|100%| O|  |TAMS 0x0000000082d00000, 0x0000000082c00000| Untracked 
|  45|0x0000000082d00000, 0x0000000082e00000, 0x0000000082e00000|100%| O|  |TAMS 0x0000000082e00000, 0x0000000082d00000| Untracked 
|  46|0x0000000082e00000, 0x0000000082f00000, 0x0000000082f00000|100%| O|  |TAMS 0x0000000082f00000, 0x0000000082e00000| Untracked 
|  47|0x0000000082f00000, 0x0000000083000000, 0x0000000083000000|100%|HS|  |TAMS 0x0000000083000000, 0x0000000082f00000| Complete 
|  48|0x0000000083000000, 0x0000000083100000, 0x0000000083100000|100%|HS|  |TAMS 0x0000000083100000, 0x0000000083000000| Complete 
|  49|0x0000000083100000, 0x0000000083200000, 0x0000000083200000|100%|HC|  |TAMS 0x0000000083200000, 0x0000000083100000| Complete 
|  50|0x0000000083200000, 0x0000000083300000, 0x0000000083300000|100%| O|  |TAMS 0x0000000083300000, 0x0000000083200000| Untracked 
|  51|0x0000000083300000, 0x0000000083400000, 0x0000000083400000|100%| O|  |TAMS 0x0000000083400000, 0x0000000083300000| Untracked 
|  52|0x0000000083400000, 0x0000000083500000, 0x0000000083500000|100%| O|  |TAMS 0x0000000083500000, 0x0000000083400000| Untracked 
|  53|0x0000000083500000, 0x0000000083600000, 0x0000000083600000|100%| O|  |TAMS 0x0000000083600000, 0x0000000083500000| Untracked 
|  54|0x0000000083600000, 0x0000000083700000, 0x0000000083700000|100%| O|  |TAMS 0x0000000083700000, 0x0000000083600000| Untracked 
|  55|0x0000000083700000, 0x0000000083800000, 0x0000000083800000|100%| O|  |TAMS 0x0000000083800000, 0x0000000083700000| Untracked 
|  56|0x0000000083800000, 0x0000000083900000, 0x0000000083900000|100%| O|  |TAMS 0x0000000083900000, 0x0000000083800000| Untracked 
|  57|0x0000000083900000, 0x0000000083a00000, 0x0000000083a00000|100%| O|  |TAMS 0x0000000083a00000, 0x0000000083900000| Untracked 
|  58|0x0000000083a00000, 0x0000000083b00000, 0x0000000083b00000|100%| O|  |TAMS 0x0000000083b00000, 0x0000000083a00000| Untracked 
|  59|0x0000000083b00000, 0x0000000083c00000, 0x0000000083c00000|100%| O|  |TAMS 0x0000000083c00000, 0x0000000083b00000| Untracked 
|  60|0x0000000083c00000, 0x0000000083d00000, 0x0000000083d00000|100%| O|  |TAMS 0x0000000083d00000, 0x0000000083c00000| Untracked 
|  61|0x0000000083d00000, 0x0000000083e00000, 0x0000000083e00000|100%| O|  |TAMS 0x0000000083e00000, 0x0000000083d00000| Untracked 
|  62|0x0000000083e00000, 0x0000000083f00000, 0x0000000083f00000|100%| O|  |TAMS 0x0000000083f00000, 0x0000000083e00000| Untracked 
|  63|0x0000000083f00000, 0x0000000084000000, 0x0000000084000000|100%| O|  |TAMS 0x0000000084000000, 0x0000000083f00000| Untracked 
|  64|0x0000000084000000, 0x0000000084100000, 0x0000000084100000|100%| O|  |TAMS 0x0000000084100000, 0x0000000084000000| Untracked 
|  65|0x0000000084100000, 0x0000000084200000, 0x0000000084200000|100%| O|  |TAMS 0x0000000084200000, 0x0000000084100000| Untracked 
|  66|0x0000000084200000, 0x0000000084300000, 0x0000000084300000|100%| O|  |TAMS 0x0000000084300000, 0x0000000084200000| Untracked 
|  67|0x0000000084300000, 0x0000000084400000, 0x0000000084400000|100%| O|  |TAMS 0x0000000084400000, 0x0000000084300000| Untracked 
|  68|0x0000000084400000, 0x0000000084500000, 0x0000000084500000|100%| O|  |TAMS 0x0000000084500000, 0x0000000084400000| Untracked 
|  69|0x0000000084500000, 0x0000000084600000, 0x0000000084600000|100%| O|  |TAMS 0x0000000084600000, 0x0000000084500000| Untracked 
|  70|0x0000000084600000, 0x0000000084700000, 0x0000000084700000|100%| O|  |TAMS 0x0000000084700000, 0x0000000084600000| Untracked 
|  71|0x0000000084700000, 0x0000000084800000, 0x0000000084800000|100%| O|  |TAMS 0x0000000084800000, 0x0000000084700000| Untracked 
|  72|0x0000000084800000, 0x0000000084900000, 0x0000000084900000|100%| O|  |TAMS 0x0000000084900000, 0x0000000084800000| Untracked 
|  73|0x0000000084900000, 0x0000000084a00000, 0x0000000084a00000|100%| O|  |TAMS 0x0000000084a00000, 0x0000000084900000| Untracked 
|  74|0x0000000084a00000, 0x0000000084b00000, 0x0000000084b00000|100%| O|  |TAMS 0x0000000084b00000, 0x0000000084a00000| Untracked 
|  75|0x0000000084b00000, 0x0000000084c00000, 0x0000000084c00000|100%| O|  |TAMS 0x0000000084c00000, 0x0000000084b00000| Untracked 
|  76|0x0000000084c00000, 0x0000000084d00000, 0x0000000084d00000|100%| O|  |TAMS 0x0000000084d00000, 0x0000000084c00000| Untracked 
|  77|0x0000000084d00000, 0x0000000084e00000, 0x0000000084e00000|100%| O|  |TAMS 0x0000000084e00000, 0x0000000084d00000| Untracked 
|  78|0x0000000084e00000, 0x0000000084f00000, 0x0000000084f00000|100%| O|  |TAMS 0x0000000084f00000, 0x0000000084e00000| Untracked 
|  79|0x0000000084f00000, 0x0000000085000000, 0x0000000085000000|100%| O|  |TAMS 0x0000000085000000, 0x0000000084f00000| Untracked 
|  80|0x0000000085000000, 0x0000000085100000, 0x0000000085100000|100%| O|  |TAMS 0x0000000085100000, 0x0000000085000000| Untracked 
|  81|0x0000000085100000, 0x0000000085200000, 0x0000000085200000|100%| O|  |TAMS 0x0000000085200000, 0x0000000085100000| Untracked 
|  82|0x0000000085200000, 0x0000000085300000, 0x0000000085300000|100%| O|  |TAMS 0x0000000085300000, 0x0000000085200000| Untracked 
|  83|0x0000000085300000, 0x0000000085400000, 0x0000000085400000|100%| O|  |TAMS 0x0000000085300000, 0x0000000085300000| Untracked 
|  84|0x0000000085400000, 0x0000000085500000, 0x0000000085500000|100%| O|  |TAMS 0x0000000085500000, 0x0000000085400000| Untracked 
|  85|0x0000000085500000, 0x0000000085600000, 0x0000000085600000|100%| O|  |TAMS 0x0000000085500000, 0x0000000085500000| Untracked 
|  86|0x0000000085600000, 0x0000000085700000, 0x0000000085700000|100%| O|  |TAMS 0x0000000085700000, 0x0000000085600000| Untracked 
|  87|0x0000000085700000, 0x0000000085800000, 0x0000000085800000|100%| O|  |TAMS 0x0000000085700000, 0x0000000085700000| Untracked 
|  88|0x0000000085800000, 0x0000000085900000, 0x0000000085900000|100%| O|  |TAMS 0x0000000085900000, 0x0000000085800000| Untracked 
|  89|0x0000000085900000, 0x0000000085a00000, 0x0000000085a00000|100%| O|  |TAMS 0x0000000085a00000, 0x0000000085900000| Untracked 
|  90|0x0000000085a00000, 0x0000000085b00000, 0x0000000085b00000|100%| O|  |TAMS 0x0000000085b00000, 0x0000000085a00000| Untracked 
|  91|0x0000000085b00000, 0x0000000085c00000, 0x0000000085c00000|100%| O|  |TAMS 0x0000000085b00000, 0x0000000085b00000| Untracked 
|  92|0x0000000085c00000, 0x0000000085d00000, 0x0000000085d00000|100%| O|  |TAMS 0x0000000085d00000, 0x0000000085c00000| Untracked 
|  93|0x0000000085d00000, 0x0000000085e00000, 0x0000000085e00000|100%| O|  |TAMS 0x0000000085e00000, 0x0000000085d00000| Untracked 
|  94|0x0000000085e00000, 0x0000000085f00000, 0x0000000085f00000|100%| O|  |TAMS 0x0000000085f00000, 0x0000000085e00000| Untracked 
|  95|0x0000000085f00000, 0x0000000086000000, 0x0000000086000000|100%| O|  |TAMS 0x0000000086000000, 0x0000000085f00000| Untracked 
|  96|0x0000000086000000, 0x0000000086100000, 0x0000000086100000|100%| O|  |TAMS 0x0000000086100000, 0x0000000086000000| Untracked 
|  97|0x0000000086100000, 0x0000000086200000, 0x0000000086200000|100%| O|  |TAMS 0x0000000086200000, 0x0000000086100000| Untracked 
|  98|0x0000000086200000, 0x0000000086300000, 0x0000000086300000|100%| O|  |TAMS 0x0000000086300000, 0x0000000086200000| Untracked 
|  99|0x0000000086300000, 0x0000000086400000, 0x0000000086400000|100%| O|  |TAMS 0x0000000086400000, 0x0000000086300000| Untracked 
| 100|0x0000000086400000, 0x0000000086500000, 0x0000000086500000|100%|HS|  |TAMS 0x0000000086400000, 0x0000000086400000| Complete 
| 101|0x0000000086500000, 0x0000000086600000, 0x0000000086600000|100%|HC|  |TAMS 0x0000000086500000, 0x0000000086500000| Complete 
| 102|0x0000000086600000, 0x0000000086700000, 0x0000000086700000|100%| O|  |TAMS 0x0000000086600000, 0x0000000086600000| Untracked 
| 103|0x0000000086700000, 0x0000000086800000, 0x0000000086800000|100%| O|  |TAMS 0x0000000086700000, 0x0000000086700000| Untracked 
| 104|0x0000000086800000, 0x0000000086900000, 0x0000000086900000|100%| O|  |TAMS 0x0000000086800000, 0x0000000086800000| Untracked 
| 105|0x0000000086900000, 0x0000000086a00000, 0x0000000086a00000|100%| O|  |TAMS 0x0000000086900000, 0x0000000086900000| Untracked 
| 106|0x0000000086a00000, 0x0000000086b00000, 0x0000000086b00000|100%| O|  |TAMS 0x0000000086a00000, 0x0000000086a00000| Untracked 
| 107|0x0000000086b00000, 0x0000000086c00000, 0x0000000086c00000|100%| O|  |TAMS 0x0000000086b00000, 0x0000000086b00000| Untracked 
| 108|0x0000000086c00000, 0x0000000086d00000, 0x0000000086d00000|100%| O|  |TAMS 0x0000000086c00000, 0x0000000086c00000| Untracked 
| 109|0x0000000086d00000, 0x0000000086e00000, 0x0000000086e00000|100%| O|  |TAMS 0x0000000086d00000, 0x0000000086d00000| Untracked 
| 110|0x0000000086e00000, 0x0000000086f00000, 0x0000000086f00000|100%| O|  |TAMS 0x0000000086e00000, 0x0000000086e00000| Untracked 
| 111|0x0000000086f00000, 0x0000000087000000, 0x0000000087000000|100%| O|  |TAMS 0x0000000086f00000, 0x0000000086f00000| Untracked 
| 112|0x0000000087000000, 0x0000000087100000, 0x0000000087100000|100%| O|  |TAMS 0x0000000087000000, 0x0000000087000000| Untracked 
| 113|0x0000000087100000, 0x0000000087200000, 0x0000000087200000|100%| O|  |TAMS 0x0000000087100000, 0x0000000087100000| Untracked 
| 114|0x0000000087200000, 0x0000000087300000, 0x0000000087300000|100%| O|  |TAMS 0x0000000087200000, 0x0000000087200000| Untracked 
| 115|0x0000000087300000, 0x0000000087400000, 0x0000000087400000|100%| O|  |TAMS 0x0000000087300000, 0x0000000087300000| Untracked 
| 116|0x0000000087400000, 0x0000000087500000, 0x0000000087500000|100%| O|  |TAMS 0x0000000087400000, 0x0000000087400000| Untracked 
| 117|0x0000000087500000, 0x0000000087600000, 0x0000000087600000|100%| O|  |TAMS 0x0000000087600000, 0x0000000087500000| Untracked 
| 118|0x0000000087600000, 0x0000000087700000, 0x0000000087700000|100%| O|  |TAMS 0x0000000087600000, 0x0000000087600000| Untracked 
| 119|0x0000000087700000, 0x0000000087800000, 0x0000000087800000|100%| O|  |TAMS 0x0000000087700000, 0x0000000087700000| Untracked 
| 120|0x0000000087800000, 0x0000000087900000, 0x0000000087900000|100%| O|  |TAMS 0x0000000087800000, 0x0000000087800000| Untracked 
| 121|0x0000000087900000, 0x0000000087a00000, 0x0000000087a00000|100%| O|  |TAMS 0x0000000087900000, 0x0000000087900000| Untracked 
| 122|0x0000000087a00000, 0x0000000087b00000, 0x0000000087b00000|100%| O|  |TAMS 0x0000000087b00000, 0x0000000087a00000| Untracked 
| 123|0x0000000087b00000, 0x0000000087c00000, 0x0000000087c00000|100%| O|  |TAMS 0x0000000087b00000, 0x0000000087b00000| Untracked 
| 124|0x0000000087c00000, 0x0000000087d00000, 0x0000000087d00000|100%| O|  |TAMS 0x0000000087c00000, 0x0000000087c00000| Untracked 
| 125|0x0000000087d00000, 0x0000000087e00000, 0x0000000087e00000|100%| O|  |TAMS 0x0000000087d00000, 0x0000000087d00000| Untracked 
| 126|0x0000000087e00000, 0x0000000087f00000, 0x0000000087f00000|100%| O|  |TAMS 0x0000000087e00000, 0x0000000087e00000| Untracked 
| 127|0x0000000087f00000, 0x0000000088000000, 0x0000000088000000|100%| O|  |TAMS 0x0000000088000000, 0x0000000087f00000| Untracked 
| 128|0x0000000088000000, 0x0000000088100000, 0x0000000088100000|100%| O|  |TAMS 0x0000000088000000, 0x0000000088000000| Untracked 
| 129|0x0000000088100000, 0x0000000088200000, 0x0000000088200000|100%| O|  |TAMS 0x0000000088200000, 0x0000000088100000| Untracked 
| 130|0x0000000088200000, 0x0000000088300000, 0x0000000088300000|100%| O|  |TAMS 0x0000000088200000, 0x0000000088200000| Untracked 
| 131|0x0000000088300000, 0x0000000088400000, 0x0000000088400000|100%| O|  |TAMS 0x0000000088300000, 0x0000000088300000| Untracked 
| 132|0x0000000088400000, 0x0000000088500000, 0x0000000088500000|100%| O|  |TAMS 0x0000000088400000, 0x0000000088400000| Untracked 
| 133|0x0000000088500000, 0x0000000088600000, 0x0000000088600000|100%| O|  |TAMS 0x0000000088500000, 0x0000000088500000| Untracked 
| 134|0x0000000088600000, 0x0000000088700000, 0x0000000088700000|100%| O|  |TAMS 0x0000000088600000, 0x0000000088600000| Untracked 
| 135|0x0000000088700000, 0x000000008879a000, 0x0000000088800000| 60%| O|  |TAMS 0x0000000088700000, 0x0000000088700000| Untracked 
| 136|0x0000000088800000, 0x0000000088800000, 0x0000000088900000|  0%| F|  |TAMS 0x0000000088800000, 0x0000000088800000| Untracked 
| 137|0x0000000088900000, 0x0000000088900000, 0x0000000088a00000|  0%| F|  |TAMS 0x0000000088900000, 0x0000000088900000| Untracked 
| 138|0x0000000088a00000, 0x0000000088a00000, 0x0000000088b00000|  0%| F|  |TAMS 0x0000000088a00000, 0x0000000088a00000| Untracked 
| 139|0x0000000088b00000, 0x0000000088b00000, 0x0000000088c00000|  0%| F|  |TAMS 0x0000000088b00000, 0x0000000088b00000| Untracked 
| 140|0x0000000088c00000, 0x0000000088c00000, 0x0000000088d00000|  0%| F|  |TAMS 0x0000000088c00000, 0x0000000088c00000| Untracked 
| 141|0x0000000088d00000, 0x0000000088d00000, 0x0000000088e00000|  0%| F|  |TAMS 0x0000000088d00000, 0x0000000088d00000| Untracked 
| 142|0x0000000088e00000, 0x0000000088e00000, 0x0000000088f00000|  0%| F|  |TAMS 0x0000000088e00000, 0x0000000088e00000| Untracked 
| 143|0x0000000088f00000, 0x0000000088f00000, 0x0000000089000000|  0%| F|  |TAMS 0x0000000088f00000, 0x0000000088f00000| Untracked 
| 144|0x0000000089000000, 0x0000000089000000, 0x0000000089100000|  0%| F|  |TAMS 0x0000000089000000, 0x0000000089000000| Untracked 
| 145|0x0000000089100000, 0x0000000089100000, 0x0000000089200000|  0%| F|  |TAMS 0x0000000089100000, 0x0000000089100000| Untracked 
| 146|0x0000000089200000, 0x0000000089200000, 0x0000000089300000|  0%| F|  |TAMS 0x0000000089200000, 0x0000000089200000| Untracked 
| 147|0x0000000089300000, 0x0000000089300000, 0x0000000089400000|  0%| F|  |TAMS 0x0000000089300000, 0x0000000089300000| Untracked 
| 148|0x0000000089400000, 0x0000000089400000, 0x0000000089500000|  0%| F|  |TAMS 0x0000000089400000, 0x0000000089400000| Untracked 
| 149|0x0000000089500000, 0x0000000089500000, 0x0000000089600000|  0%| F|  |TAMS 0x0000000089500000, 0x0000000089500000| Untracked 
| 150|0x0000000089600000, 0x0000000089600000, 0x0000000089700000|  0%| F|  |TAMS 0x0000000089600000, 0x0000000089600000| Untracked 
| 151|0x0000000089700000, 0x0000000089700000, 0x0000000089800000|  0%| F|  |TAMS 0x0000000089700000, 0x0000000089700000| Untracked 
| 152|0x0000000089800000, 0x0000000089800000, 0x0000000089900000|  0%| F|  |TAMS 0x0000000089800000, 0x0000000089800000| Untracked 
| 153|0x0000000089900000, 0x0000000089900000, 0x0000000089a00000|  0%| F|  |TAMS 0x0000000089900000, 0x0000000089900000| Untracked 
| 154|0x0000000089a00000, 0x0000000089a00000, 0x0000000089b00000|  0%| F|  |TAMS 0x0000000089a00000, 0x0000000089a00000| Untracked 
| 155|0x0000000089b00000, 0x0000000089b00000, 0x0000000089c00000|  0%| F|  |TAMS 0x0000000089b00000, 0x0000000089b00000| Untracked 
| 156|0x0000000089c00000, 0x0000000089c00000, 0x0000000089d00000|  0%| F|  |TAMS 0x0000000089c00000, 0x0000000089c00000| Untracked 
| 157|0x0000000089d00000, 0x0000000089d00000, 0x0000000089e00000|  0%| F|  |TAMS 0x0000000089d00000, 0x0000000089d00000| Untracked 
| 158|0x0000000089e00000, 0x0000000089e00000, 0x0000000089f00000|  0%| F|  |TAMS 0x0000000089e00000, 0x0000000089e00000| Untracked 
| 159|0x0000000089f00000, 0x0000000089f00000, 0x000000008a000000|  0%| F|  |TAMS 0x0000000089f00000, 0x0000000089f00000| Untracked 
| 160|0x000000008a000000, 0x000000008a000000, 0x000000008a100000|  0%| F|  |TAMS 0x000000008a000000, 0x000000008a000000| Untracked 
| 161|0x000000008a100000, 0x000000008a100000, 0x000000008a200000|  0%| F|  |TAMS 0x000000008a100000, 0x000000008a100000| Untracked 
| 162|0x000000008a200000, 0x000000008a200000, 0x000000008a300000|  0%| F|  |TAMS 0x000000008a200000, 0x000000008a200000| Untracked 
| 163|0x000000008a300000, 0x000000008a300000, 0x000000008a400000|  0%| F|  |TAMS 0x000000008a300000, 0x000000008a300000| Untracked 
| 164|0x000000008a400000, 0x000000008a400000, 0x000000008a500000|  0%| F|  |TAMS 0x000000008a400000, 0x000000008a400000| Untracked 
| 165|0x000000008a500000, 0x000000008a500000, 0x000000008a600000|  0%| F|  |TAMS 0x000000008a500000, 0x000000008a500000| Untracked 
| 166|0x000000008a600000, 0x000000008a600000, 0x000000008a700000|  0%| F|  |TAMS 0x000000008a600000, 0x000000008a600000| Untracked 
| 167|0x000000008a700000, 0x000000008a700000, 0x000000008a800000|  0%| F|  |TAMS 0x000000008a700000, 0x000000008a700000| Untracked 
| 168|0x000000008a800000, 0x000000008a800000, 0x000000008a900000|  0%| F|  |TAMS 0x000000008a800000, 0x000000008a800000| Untracked 
| 169|0x000000008a900000, 0x000000008aa00000, 0x000000008aa00000|100%| S|CS|TAMS 0x000000008a900000, 0x000000008a900000| Complete 
| 170|0x000000008aa00000, 0x000000008ab00000, 0x000000008ab00000|100%| S|CS|TAMS 0x000000008aa00000, 0x000000008aa00000| Complete 
| 171|0x000000008ab00000, 0x000000008ac00000, 0x000000008ac00000|100%| S|CS|TAMS 0x000000008ab00000, 0x000000008ab00000| Complete 
| 172|0x000000008ac00000, 0x000000008ad00000, 0x000000008ad00000|100%| S|CS|TAMS 0x000000008ac00000, 0x000000008ac00000| Complete 
| 173|0x000000008ad00000, 0x000000008ae00000, 0x000000008ae00000|100%| S|CS|TAMS 0x000000008ad00000, 0x000000008ad00000| Complete 
| 174|0x000000008ae00000, 0x000000008af00000, 0x000000008af00000|100%| S|CS|TAMS 0x000000008ae00000, 0x000000008ae00000| Complete 
| 175|0x000000008af00000, 0x000000008af00000, 0x000000008b000000|  0%| F|  |TAMS 0x000000008af00000, 0x000000008af00000| Untracked 
| 176|0x000000008b000000, 0x000000008b000000, 0x000000008b100000|  0%| F|  |TAMS 0x000000008b000000, 0x000000008b000000| Untracked 
| 177|0x000000008b100000, 0x000000008b100000, 0x000000008b200000|  0%| F|  |TAMS 0x000000008b100000, 0x000000008b100000| Untracked 
| 178|0x000000008b200000, 0x000000008b200000, 0x000000008b300000|  0%| F|  |TAMS 0x000000008b200000, 0x000000008b200000| Untracked 
| 179|0x000000008b300000, 0x000000008b300000, 0x000000008b400000|  0%| F|  |TAMS 0x000000008b300000, 0x000000008b300000| Untracked 
| 180|0x000000008b400000, 0x000000008b400000, 0x000000008b500000|  0%| F|  |TAMS 0x000000008b400000, 0x000000008b400000| Untracked 
| 181|0x000000008b500000, 0x000000008b500000, 0x000000008b600000|  0%| F|  |TAMS 0x000000008b500000, 0x000000008b500000| Untracked 
| 182|0x000000008b600000, 0x000000008b600000, 0x000000008b700000|  0%| F|  |TAMS 0x000000008b600000, 0x000000008b600000| Untracked 
| 183|0x000000008b700000, 0x000000008b700000, 0x000000008b800000|  0%| F|  |TAMS 0x000000008b700000, 0x000000008b700000| Untracked 
| 184|0x000000008b800000, 0x000000008b800000, 0x000000008b900000|  0%| F|  |TAMS 0x000000008b800000, 0x000000008b800000| Untracked 
| 185|0x000000008b900000, 0x000000008b900000, 0x000000008ba00000|  0%| F|  |TAMS 0x000000008b900000, 0x000000008b900000| Untracked 
| 186|0x000000008ba00000, 0x000000008ba00000, 0x000000008bb00000|  0%| F|  |TAMS 0x000000008ba00000, 0x000000008ba00000| Untracked 
| 187|0x000000008bb00000, 0x000000008bb00000, 0x000000008bc00000|  0%| F|  |TAMS 0x000000008bb00000, 0x000000008bb00000| Untracked 
| 188|0x000000008bc00000, 0x000000008bc00000, 0x000000008bd00000|  0%| F|  |TAMS 0x000000008bc00000, 0x000000008bc00000| Untracked 
| 189|0x000000008bd00000, 0x000000008bd00000, 0x000000008be00000|  0%| F|  |TAMS 0x000000008bd00000, 0x000000008bd00000| Untracked 
| 190|0x000000008be00000, 0x000000008be00000, 0x000000008bf00000|  0%| F|  |TAMS 0x000000008be00000, 0x000000008be00000| Untracked 
| 191|0x000000008bf00000, 0x000000008bf00000, 0x000000008c000000|  0%| F|  |TAMS 0x000000008bf00000, 0x000000008bf00000| Untracked 
| 192|0x000000008c000000, 0x000000008c000000, 0x000000008c100000|  0%| F|  |TAMS 0x000000008c000000, 0x000000008c000000| Untracked 
| 193|0x000000008c100000, 0x000000008c100000, 0x000000008c200000|  0%| F|  |TAMS 0x000000008c100000, 0x000000008c100000| Untracked 
| 194|0x000000008c200000, 0x000000008c200000, 0x000000008c300000|  0%| F|  |TAMS 0x000000008c200000, 0x000000008c200000| Untracked 
| 195|0x000000008c300000, 0x000000008c300000, 0x000000008c400000|  0%| F|  |TAMS 0x000000008c300000, 0x000000008c300000| Untracked 
| 196|0x000000008c400000, 0x000000008c400000, 0x000000008c500000|  0%| F|  |TAMS 0x000000008c400000, 0x000000008c400000| Untracked 
| 197|0x000000008c500000, 0x000000008c500000, 0x000000008c600000|  0%| F|  |TAMS 0x000000008c500000, 0x000000008c500000| Untracked 
| 198|0x000000008c600000, 0x000000008c600000, 0x000000008c700000|  0%| F|  |TAMS 0x000000008c600000, 0x000000008c600000| Untracked 
| 199|0x000000008c700000, 0x000000008c700000, 0x000000008c800000|  0%| F|  |TAMS 0x000000008c700000, 0x000000008c700000| Untracked 
| 200|0x000000008c800000, 0x000000008c800000, 0x000000008c900000|  0%| F|  |TAMS 0x000000008c800000, 0x000000008c800000| Untracked 
| 201|0x000000008c900000, 0x000000008c900000, 0x000000008ca00000|  0%| F|  |TAMS 0x000000008c900000, 0x000000008c900000| Untracked 
| 202|0x000000008ca00000, 0x000000008ca00000, 0x000000008cb00000|  0%| F|  |TAMS 0x000000008ca00000, 0x000000008ca00000| Untracked 
| 203|0x000000008cb00000, 0x000000008cb00000, 0x000000008cc00000|  0%| F|  |TAMS 0x000000008cb00000, 0x000000008cb00000| Untracked 
| 204|0x000000008cc00000, 0x000000008cc00000, 0x000000008cd00000|  0%| F|  |TAMS 0x000000008cc00000, 0x000000008cc00000| Untracked 
| 205|0x000000008cd00000, 0x000000008cd00000, 0x000000008ce00000|  0%| F|  |TAMS 0x000000008cd00000, 0x000000008cd00000| Untracked 
| 206|0x000000008ce00000, 0x000000008ce00000, 0x000000008cf00000|  0%| F|  |TAMS 0x000000008ce00000, 0x000000008ce00000| Untracked 
| 207|0x000000008cf00000, 0x000000008cf00000, 0x000000008d000000|  0%| F|  |TAMS 0x000000008cf00000, 0x000000008cf00000| Untracked 
| 208|0x000000008d000000, 0x000000008d000000, 0x000000008d100000|  0%| F|  |TAMS 0x000000008d000000, 0x000000008d000000| Untracked 
| 209|0x000000008d100000, 0x000000008d100000, 0x000000008d200000|  0%| F|  |TAMS 0x000000008d100000, 0x000000008d100000| Untracked 
| 210|0x000000008d200000, 0x000000008d200000, 0x000000008d300000|  0%| F|  |TAMS 0x000000008d200000, 0x000000008d200000| Untracked 
| 211|0x000000008d300000, 0x000000008d300000, 0x000000008d400000|  0%| F|  |TAMS 0x000000008d300000, 0x000000008d300000| Untracked 
| 212|0x000000008d400000, 0x000000008d400000, 0x000000008d500000|  0%| F|  |TAMS 0x000000008d400000, 0x000000008d400000| Untracked 
| 213|0x000000008d500000, 0x000000008d500000, 0x000000008d600000|  0%| F|  |TAMS 0x000000008d500000, 0x000000008d500000| Untracked 
| 214|0x000000008d600000, 0x000000008d600000, 0x000000008d700000|  0%| F|  |TAMS 0x000000008d600000, 0x000000008d600000| Untracked 

Card table byte_map: [0x000001e9f3370000,0x000001e9f3770000] _byte_map_base: 0x000001e9f2f70000

Marking Bits (Prev, Next): (CMBitMap*) 0x000001e9eebcadd0, (CMBitMap*) 0x000001e9eebcad98
 Prev Bits: [0x000001e9f5b70000, 0x000001e9f7b70000)
 Next Bits: [0x000001e9f3b70000, 0x000001e9f5b70000)

Polling page: 0x000001e9ed2d0000

Metaspace:

Usage:
  Non-class:    113.00 MB capacity,   110.93 MB ( 98%) used,     1.74 MB (  2%) free+waste,   339.06 KB ( <1%) overhead. 
      Class:     16.67 MB capacity,    15.61 MB ( 94%) used,   936.77 KB (  5%) free+waste,   152.06 KB ( <1%) overhead. 
       Both:    129.67 MB capacity,   126.54 MB ( 98%) used,     2.65 MB (  2%) free+waste,   491.13 KB ( <1%) overhead. 

Virtual space:
  Non-class space:      114.00 MB reserved,     113.12 MB (>99%) committed 
      Class space:        1.00 GB reserved,      16.74 MB (  2%) committed 
             Both:        1.11 GB reserved,     129.86 MB ( 11%) committed 

Chunk freelists:
   Non-Class:  61.00 KB
       Class:  15.00 KB
        Both:  76.00 KB

MaxMetaspaceSize: 17179869184.00 GB
CompressedClassSpaceSize: 1.00 GB

CodeHeap 'non-profiled nmethods': size=120000Kb used=11215Kb max_used=11531Kb free=108784Kb
 bounds [0x000001e987ad0000, 0x000001e988620000, 0x000001e98f000000]
CodeHeap 'profiled nmethods': size=120000Kb used=34727Kb max_used=35067Kb free=85272Kb
 bounds [0x000001e9805a0000, 0x000001e982860000, 0x000001e987ad0000]
CodeHeap 'non-nmethods': size=5760Kb used=2388Kb max_used=2441Kb free=3371Kb
 bounds [0x000001e980000000, 0x000001e980270000, 0x000001e9805a0000]
 total_blobs=16692 nmethods=15689 adapters=913
 compilation: enabled
              stopped_count=0, restarted_count=0
 full_count=0

Compilation events (20 events):
Event: 97.857 Thread 0x000001e9fa5cd000 nmethod 17845% 0x000001e987d49a90 code [0x000001e987d49da0, 0x000001e987d4ccc0]
Event: 97.857 Thread 0x000001e9fa5d0800 nmethod 18024 0x000001e980e21f90 code [0x000001e980e22140, 0x000001e980e22278]
Event: 97.857 Thread 0x000001e9fa5d0800 18025       2       com.android.tools.r8.graph.n0::get (2 bytes)
Event: 97.857 Thread 0x000001e9fa5cd000 18007       4       com.android.tools.r8.utils.a0::d (147 bytes)
Event: 97.857 Thread 0x000001e9fa5d0800 nmethod 18025 0x000001e980e2cc10 code [0x000001e980e2cdc0, 0x000001e980e2ceb8]
Event: 97.857 Thread 0x000001e9fa5d0800 18026       1       com.android.tools.r8.v.b.o0::H0 (5 bytes)
Event: 97.857 Thread 0x000001e9fa5d0800 nmethod 18026 0x000001e987d2e290 code [0x000001e987d2e440, 0x000001e987d2e4f8]
Event: 97.858 Thread 0x000001e9fa5cd000 nmethod 18007 0x000001e987d2df90 code [0x000001e987d2e120, 0x000001e987d2e1b8]
Event: 97.858 Thread 0x000001e9fa5cd000 17939 %     4       com.android.tools.r8.C.a.a.f::<init> @ 106 (383 bytes)
Event: 97.858 Thread 0x000001e9fa5d0800 18027       3       com.android.tools.r8.w.a.a.a.f.J::a (26 bytes)
Event: 97.858 Thread 0x000001e9fa5d0800 nmethod 18027 0x000001e980e38d10 code [0x000001e980e38ec0, 0x000001e980e38fd8]
Event: 97.858 Thread 0x000001e9fa5d0800 18028       3       com.android.tools.r8.graph.p::s (8 bytes)
Event: 97.859 Thread 0x000001e9fa5d0800 nmethod 18028 0x000001e980fa6290 code [0x000001e980fa64e0, 0x000001e980fa6e78]
Event: 97.859 Thread 0x000001e9fa5d0800 18029       1       com.android.tools.r8.v.b.X::u (5 bytes)
Event: 97.859 Thread 0x000001e9fa5d0800 nmethod 18029 0x000001e987d2dc90 code [0x000001e987d2de40, 0x000001e987d2def8]
Event: 97.860 Thread 0x000001e9fa5d0800 18030       3       com.android.tools.r8.graph.g1::a (44 bytes)
Event: 97.861 Thread 0x000001e9fa5d0800 nmethod 18030 0x000001e980fe3090 code [0x000001e980fe33a0, 0x000001e980fe44e8]
Event: 97.861 Thread 0x000001e9fa5d0800 18037       3       com.android.tools.r8.C.a.a.f::a (6058 bytes)
Event: 97.865 Thread 0x000001e9fa5cd000 nmethod 17939% 0x000001e987d49110 code [0x000001e987d492c0, 0x000001e987d49768]
Event: 97.865 Thread 0x000001e9fa5cd000 17958       4       com.android.tools.r8.s.a.a.b.M0::hasNext (217 bytes)

GC Heap History (20 events):
Event: 93.543 GC heap after
{Heap after GC invocations=65 (full 0):
 garbage-first heap   total 183296K, used 130545K [0x0000000080000000, 0x0000000100000000)
  region size 1024K, 1 young (1024K), 1 survivors (1024K)
 Metaspace       used 117874K, capacity 120718K, committed 120944K, reserved 1155072K
  class space    used 14453K, capacity 15460K, committed 15604K, reserved 1048576K
}
Event: 93.731 GC heap before
{Heap before GC invocations=65 (full 0):
 garbage-first heap   total 183296K, used 137713K [0x0000000080000000, 0x0000000100000000)
  region size 1024K, 8 young (8192K), 1 survivors (1024K)
 Metaspace       used 117886K, capacity 120719K, committed 120944K, reserved 1155072K
  class space    used 14453K, capacity 15460K, committed 15604K, reserved 1048576K
}
Event: 93.734 GC heap after
{Heap after GC invocations=66 (full 0):
 garbage-first heap   total 183296K, used 112841K [0x0000000080000000, 0x0000000100000000)
  region size 1024K, 1 young (1024K), 1 survivors (1024K)
 Metaspace       used 117886K, capacity 120719K, committed 120944K, reserved 1155072K
  class space    used 14453K, capacity 15460K, committed 15604K, reserved 1048576K
}
Event: 93.817 GC heap before
{Heap before GC invocations=66 (full 0):
 garbage-first heap   total 183296K, used 123081K [0x0000000080000000, 0x0000000100000000)
  region size 1024K, 8 young (8192K), 1 survivors (1024K)
 Metaspace       used 117888K, capacity 120719K, committed 120944K, reserved 1155072K
  class space    used 14453K, capacity 15460K, committed 15604K, reserved 1048576K
}
Event: 93.823 GC heap after
{Heap after GC invocations=67 (full 0):
 garbage-first heap   total 183296K, used 106448K [0x0000000080000000, 0x0000000100000000)
  region size 1024K, 1 young (1024K), 1 survivors (1024K)
 Metaspace       used 117888K, capacity 120719K, committed 120944K, reserved 1155072K
  class space    used 14453K, capacity 15460K, committed 15604K, reserved 1048576K
}
Event: 94.858 GC heap before
{Heap before GC invocations=67 (full 0):
 garbage-first heap   total 183296K, used 139216K [0x0000000080000000, 0x0000000100000000)
  region size 1024K, 34 young (34816K), 1 survivors (1024K)
 Metaspace       used 118811K, capacity 121645K, committed 121712K, reserved 1155072K
  class space    used 14554K, capacity 15570K, committed 15604K, reserved 1048576K
}
Event: 94.863 GC heap after
{Heap after GC invocations=68 (full 0):
 garbage-first heap   total 220160K, used 107477K [0x0000000080000000, 0x0000000100000000)
  region size 1024K, 2 young (2048K), 2 survivors (2048K)
 Metaspace       used 118811K, capacity 121645K, committed 121712K, reserved 1155072K
  class space    used 14554K, capacity 15570K, committed 15604K, reserved 1048576K
}
Event: 95.604 GC heap before
{Heap before GC invocations=68 (full 0):
 garbage-first heap   total 220160K, used 159701K [0x0000000080000000, 0x0000000100000000)
  region size 1024K, 54 young (55296K), 2 survivors (2048K)
 Metaspace       used 122592K, capacity 125512K, committed 125808K, reserved 1159168K
  class space    used 15019K, capacity 16004K, committed 16116K, reserved 1048576K
}
Event: 95.610 GC heap after
{Heap after GC invocations=69 (full 0):
 garbage-first heap   total 220160K, used 110131K [0x0000000080000000, 0x0000000100000000)
  region size 1024K, 5 young (5120K), 5 survivors (5120K)
 Metaspace       used 122592K, capacity 125512K, committed 125808K, reserved 1159168K
  class space    used 15019K, capacity 16004K, committed 16116K, reserved 1048576K
}
Event: 96.436 GC heap before
{Heap before GC invocations=69 (full 0):
 garbage-first heap   total 220160K, used 164403K [0x0000000080000000, 0x0000000100000000)
  region size 1024K, 59 young (60416K), 5 survivors (5120K)
 Metaspace       used 123669K, capacity 126651K, committed 126960K, reserved 1161216K
  class space    used 15150K, capacity 16170K, committed 16244K, reserved 1048576K
}
Event: 96.444 GC heap after
{Heap after GC invocations=70 (full 0):
 garbage-first heap   total 220160K, used 112969K [0x0000000080000000, 0x0000000100000000)
  region size 1024K, 7 young (7168K), 7 survivors (7168K)
 Metaspace       used 123669K, capacity 126651K, committed 126960K, reserved 1161216K
  class space    used 15150K, capacity 16170K, committed 16244K, reserved 1048576K
}
Event: 96.816 GC heap before
{Heap before GC invocations=70 (full 0):
 garbage-first heap   total 220160K, used 169289K [0x0000000080000000, 0x0000000100000000)
  region size 1024K, 63 young (64512K), 7 survivors (7168K)
 Metaspace       used 123954K, capacity 126865K, committed 126960K, reserved 1161216K
  class space    used 15176K, capacity 16177K, committed 16244K, reserved 1048576K
}
Event: 96.823 GC heap after
{Heap after GC invocations=71 (full 0):
 garbage-first heap   total 220160K, used 114898K [0x0000000080000000, 0x0000000100000000)
  region size 1024K, 5 young (5120K), 5 survivors (5120K)
 Metaspace       used 123954K, capacity 126865K, committed 126960K, reserved 1161216K
  class space    used 15176K, capacity 16177K, committed 16244K, reserved 1048576K
}
Event: 97.070 GC heap before
{Heap before GC invocations=71 (full 0):
 garbage-first heap   total 220160K, used 174290K [0x0000000080000000, 0x0000000100000000)
  region size 1024K, 62 young (63488K), 5 survivors (5120K)
 Metaspace       used 124797K, capacity 127821K, committed 128112K, reserved 1161216K
  class space    used 15295K, capacity 16324K, committed 16372K, reserved 1048576K
}
Event: 97.079 GC heap after
{Heap after GC invocations=72 (full 0):
 garbage-first heap   total 220160K, used 121236K [0x0000000080000000, 0x0000000100000000)
  region size 1024K, 7 young (7168K), 7 survivors (7168K)
 Metaspace       used 124797K, capacity 127821K, committed 128112K, reserved 1161216K
  class space    used 15295K, capacity 16324K, committed 16372K, reserved 1048576K
}
Event: 97.548 GC heap before
{Heap before GC invocations=72 (full 0):
 garbage-first heap   total 220160K, used 179604K [0x0000000080000000, 0x0000000100000000)
  region size 1024K, 62 young (63488K), 7 survivors (7168K)
 Metaspace       used 127511K, capacity 130572K, committed 130800K, reserved 1163264K
  class space    used 15697K, capacity 16731K, committed 16756K, reserved 1048576K
}
Event: 97.555 GC heap after
{Heap after GC invocations=73 (full 0):
 garbage-first heap   total 220160K, used 126880K [0x0000000080000000, 0x0000000100000000)
  region size 1024K, 6 young (6144K), 6 survivors (6144K)
 Metaspace       used 127511K, capacity 130572K, committed 130800K, reserved 1163264K
  class space    used 15697K, capacity 16731K, committed 16756K, reserved 1048576K
}
Event: 97.740 GC heap before
{Heap before GC invocations=73 (full 0):
 garbage-first heap   total 220160K, used 179104K [0x0000000080000000, 0x0000000100000000)
  region size 1024K, 58 young (59392K), 6 survivors (6144K)
 Metaspace       used 128502K, capacity 131606K, committed 131696K, reserved 1165312K
  class space    used 15823K, capacity 16874K, committed 16884K, reserved 1048576K
}
Event: 97.748 GC heap after
{Heap after GC invocations=74 (full 0):
 garbage-first heap   total 220160K, used 138169K [0x0000000080000000, 0x0000000100000000)
  region size 1024K, 8 young (8192K), 8 survivors (8192K)
 Metaspace       used 128502K, capacity 131606K, committed 131696K, reserved 1165312K
  class space    used 15823K, capacity 16874K, committed 16884K, reserved 1048576K
}
Event: 97.878 GC heap before
{Heap before GC invocations=74 (full 0):
 garbage-first heap   total 220160K, used 178105K [0x0000000080000000, 0x0000000100000000)
  region size 1024K, 48 young (49152K), 8 survivors (8192K)
 Metaspace       used 129578K, capacity 132784K, committed 132976K, reserved 1165312K
  class space    used 15984K, capacity 17073K, committed 17140K, reserved 1048576K
}

Deoptimization events (20 events):
Event: 97.757 Thread 0x000001e9910c7000 Uncommon trap: trap_request=0xffffff4d fr.pc=0x000001e987f39408 relative=0x0000000000000148
Event: 97.757 Thread 0x000001e9910c7000 Uncommon trap: reason=unstable_if action=reinterpret pc=0x000001e987f39408 method=java.lang.StringCoding.decode(Ljava/nio/charset/Charset;[BII)Ljava/lang/StringCoding$Result; @ 4 c2
Event: 97.757 Thread 0x000001e9910c7000 DEOPT PACKING pc=0x000001e987f39408 sp=0x0000001ec59fda60
Event: 97.757 Thread 0x000001e9910c7000 DEOPT UNPACKING pc=0x000001e98000822f sp=0x0000001ec59fd8f8 mode 2
Event: 97.757 Thread 0x000001e98fb79800 Uncommon trap: trap_request=0xffffff45 fr.pc=0x000001e987d520dc relative=0x000000000000071c
Event: 97.757 Thread 0x000001e98fb79800 Uncommon trap: reason=unstable_fused_if action=reinterpret pc=0x000001e987d520dc method=com.android.tools.r8.utils.V.e(Ljava/lang/String;)[Ljava/lang/String; @ 27 c2
Event: 97.757 Thread 0x000001e98fb79800 DEOPT PACKING pc=0x000001e987d520dc sp=0x0000001ebe4fa260
Event: 97.757 Thread 0x000001e98fb79800 DEOPT UNPACKING pc=0x000001e98000822f sp=0x0000001ebe4fa260 mode 2
Event: 97.758 Thread 0x000001e9910c7000 Uncommon trap: trap_request=0xffffff4d fr.pc=0x000001e987eed89c relative=0x00000000000001dc
Event: 97.758 Thread 0x000001e9910c7000 Uncommon trap: reason=unstable_if action=reinterpret pc=0x000001e987eed89c method=java.lang.StringCoding.decode(Ljava/nio/charset/Charset;[BII)Ljava/lang/StringCoding$Result; @ 4 c2
Event: 97.758 Thread 0x000001e9910c7000 DEOPT PACKING pc=0x000001e987eed89c sp=0x0000001ec59fd9d0
Event: 97.758 Thread 0x000001e9910c7000 DEOPT UNPACKING pc=0x000001e98000822f sp=0x0000001ec59fd8f8 mode 2
Event: 97.762 Thread 0x000001e9910c7000 Uncommon trap: trap_request=0xffffff4d fr.pc=0x000001e987eedda0 relative=0x0000000000000060
Event: 97.762 Thread 0x000001e9910c7000 Uncommon trap: reason=unstable_if action=reinterpret pc=0x000001e987eedda0 method=java.lang.StringCoding.decode(Ljava/nio/charset/Charset;[BII)Ljava/lang/StringCoding$Result; @ 4 c2
Event: 97.762 Thread 0x000001e9910c7000 DEOPT PACKING pc=0x000001e987eedda0 sp=0x0000001ec59fd980
Event: 97.762 Thread 0x000001e9910c7000 DEOPT UNPACKING pc=0x000001e98000822f sp=0x0000001ec59fd8f8 mode 2
Event: 97.802 Thread 0x000001e9fd425000 Uncommon trap: trap_request=0xffffff4d fr.pc=0x000001e9885dc820 relative=0x0000000000000080
Event: 97.802 Thread 0x000001e9fd425000 Uncommon trap: reason=unstable_if action=reinterpret pc=0x000001e9885dc820 method=com.android.tools.r8.utils.a0.d(I)Z @ 45 c2
Event: 97.802 Thread 0x000001e9fd425000 DEOPT PACKING pc=0x000001e9885dc820 sp=0x0000001ebe1fb1d0
Event: 97.802 Thread 0x000001e9fd425000 DEOPT UNPACKING pc=0x000001e98000822f sp=0x0000001ebe1fb160 mode 2

Classes redefined (0 events):
No events

Internal exceptions (20 events):
Event: 96.366 Thread 0x000001e9fd421000 Exception <a 'sun/nio/fs/WindowsException'{0x000000008a4e0788}> (0x000000008a4e0788) thrown at [./src/hotspot/share/prims/jni.cpp, line 615]
Event: 96.904 Thread 0x000001e98fb77800 Exception <a 'sun/nio/fs/WindowsException'{0x000000008c664c18}> (0x000000008c664c18) thrown at [./src/hotspot/share/prims/jni.cpp, line 615]
Event: 97.112 Thread 0x000001e98fb77800 Exception <a 'java/lang/NoSuchMethodError'{0x000000008cf74300}: 'java.lang.Object java.lang.invoke.DirectMethodHandle$Holder.invokeStatic(java.lang.Object, long)'> (0x000000008cf74300) thrown at [./src/hotspot/share/interpreter/linkResolver.cpp, line 773]
Event: 97.112 Thread 0x000001e98fb77800 Exception <a 'java/lang/NoSuchMethodError'{0x000000008cf7abd0}: 'java.lang.Object java.lang.invoke.Invokers$Holder.linkToTargetMethod(long, java.lang.Object)'> (0x000000008cf7abd0) thrown at [./src/hotspot/share/interpreter/linkResolver.cpp, line 773]
Event: 97.141 Thread 0x000001e98fb77800 Exception <a 'java/lang/NoSuchMethodError'{0x000000008cbc3448}: 'long java.lang.invoke.DirectMethodHandle$Holder.invokeStatic(java.lang.Object, java.lang.Object)'> (0x000000008cbc3448) thrown at [./src/hotspot/share/interpreter/linkResolver.cpp, line 773]
Event: 97.246 Thread 0x000001e9910c7000 Exception <a 'java/lang/NoSuchMethodError'{0x000000008c0b4968}: 'java.lang.Object java.lang.invoke.DirectMethodHandle$Holder.invokeVirtual(java.lang.Object, java.lang.Object, int)'> (0x000000008c0b4968) thrown at [./src/hotspot/share/interpreter/linkResolver.cpp, line 773]
Event: 97.249 Thread 0x000001e9910c7000 Exception <a 'java/lang/NoSuchMethodError'{0x000000008c0d27e0}: 'void java.lang.invoke.DirectMethodHandle$Holder.invokeStatic(java.lang.Object, java.lang.Object, java.lang.Object, int)'> (0x000000008c0d27e0) thrown at [./src/hotspot/share/interpreter/linkResolver.cpp, line 773]
Event: 97.304 Thread 0x000001e98fb77800 Exception <a 'java/lang/NoSuchMethodError'{0x000000008bbdf278}: 'java.lang.Object java.lang.invoke.DirectMethodHandle$Holder.newInvokeSpecial(java.lang.Object, int)'> (0x000000008bbdf278) thrown at [./src/hotspot/share/interpreter/linkResolver.cpp, line 773]
Event: 97.336 Thread 0x000001e98fb77800 Exception <a 'java/lang/IncompatibleClassChangeError'{0x000000008b68d6f0}: Found class java.lang.Object, but interface was expected> (0x000000008b68d6f0) thrown at [./src/hotspot/share/interpreter/linkResolver.cpp, line 839]
Event: 97.452 Thread 0x000001e98fb77800 Exception <a 'java/lang/NoSuchMethodError'{0x000000008a446540}: 'void java.lang.invoke.DirectMethodHandle$Holder.invokeSpecial(java.lang.Object, java.lang.Object, int, java.lang.Object)'> (0x000000008a446540) thrown at [./src/hotspot/share/interpreter/linkResolver.cpp, line 773]
Event: 97.494 Thread 0x000001e98fb77800 Exception <a 'java/lang/NoSuchMethodError'{0x000000008a244258}: 'int java.lang.invoke.DirectMethodHandle$Holder.invokeSpecial(java.lang.Object, java.lang.Object, java.lang.Object, java.lang.Object, java.lang.Object)'> (0x000000008a244258) thrown at [./src/hotspot/share/interpreter/linkResolver.cpp, line 773]
Event: 97.584 Thread 0x000001e98fb77800 Exception <a 'java/lang/NoSuchMethodError'{0x000000008d3f0638}: 'java.lang.Object java.lang.invoke.DirectMethodHandle$Holder.invokeVirtual(java.lang.Object, java.lang.Object, int, java.lang.Object)'> (0x000000008d3f0638) thrown at [./src/hotspot/share/interpreter/linkResolver.cpp, line 773]
Event: 97.596 Thread 0x000001e9fd425000 Exception <a 'sun/nio/fs/WindowsException'{0x000000008cce5468}> (0x000000008cce5468) thrown at [./src/hotspot/share/prims/jni.cpp, line 615]
Event: 97.613 Thread 0x000001e98fb77800 Exception <a 'java/lang/NoSuchMethodError'{0x000000008c9b8f20}: 'void java.lang.invoke.DirectMethodHandle$Holder.invokeVirtual(java.lang.Object, java.lang.Object, int, java.lang.Object)'> (0x000000008c9b8f20) thrown at [./src/hotspot/share/interpreter/linkResolver.cpp, line 773]
Event: 97.638 Thread 0x000001e9fd422800 Exception <a 'sun/nio/fs/WindowsException'{0x000000008bf7e210}> (0x000000008bf7e210) thrown at [./src/hotspot/share/prims/jni.cpp, line 615]
Event: 97.664 Thread 0x000001e98fb79800 Exception <a 'sun/nio/fs/WindowsException'{0x000000008b955848}> (0x000000008b955848) thrown at [./src/hotspot/share/prims/jni.cpp, line 615]
Event: 97.727 Thread 0x000001e9fd421000 Exception <a 'sun/nio/fs/WindowsException'{0x000000008a723778}> (0x000000008a723778) thrown at [./src/hotspot/share/prims/jni.cpp, line 615]
Event: 97.816 Thread 0x000001e9fd427800 Exception <a 'sun/nio/fs/WindowsException'{0x000000008cc3c158}> (0x000000008cc3c158) thrown at [./src/hotspot/share/prims/jni.cpp, line 615]
Event: 97.845 Thread 0x000001e98fb77800 Exception <a 'java/lang/NoSuchMethodError'{0x000000008b5772e0}: 'java.lang.Object java.lang.invoke.DirectMethodHandle$Holder.invokeSpecial(java.lang.Object, java.lang.Object, java.lang.Object, java.lang.Object, java.lang.Object, java.lang.Object, java.lang.Object, java.lang.Object, java.lang.Object, java.lang.Object)'> (0x000000008b5772e0) thrown at [./src/hotspot/share/interpreter/linkResolver.cpp, line 773]
Event: 97.846 Thread 0x000001e98fb77800 Exception <a 'java/lang/NoSuchMethodError'{0x000000008b57b920}: 'java.lang.Object java.lang.invoke.Invokers$Holder.linkToTargetMethod(java.lang.Object, java.lang.Object, java.lang.Object, java.lang.Object, java.lang.Object, java.lang.Object, java.lang.Object, java.lang.Object, java.lang.Object)'> (0x000000008b57b920) thrown at [./src/hotspot/share/interpreter/linkResolver.cpp, line 773]

Events (20 events):
Event: 97.869 loading class com/android/tools/r8/code/d0 done
Event: 97.870 loading class com/android/tools/r8/code/T0
Event: 97.870 loading class com/android/tools/r8/code/T0 done
Event: 97.870 loading class com/android/tools/r8/code/e0
Event: 97.870 loading class com/android/tools/r8/code/e0 done
Event: 97.870 loading class com/android/tools/r8/code/J
Event: 97.870 loading class com/android/tools/r8/code/J done
Event: 97.870 loading class com/android/tools/r8/code/U
Event: 97.870 loading class com/android/tools/r8/code/U done
Event: 97.870 loading class com/android/tools/r8/v/b/g1
Event: 97.870 loading class com/android/tools/r8/v/b/g1 done
Event: 97.871 loading class com/android/tools/r8/code/E0
Event: 97.871 loading class com/android/tools/r8/code/E0 done
Event: 97.871 loading class com/android/tools/r8/code/T
Event: 97.871 loading class com/android/tools/r8/code/T done
Event: 97.871 loading class com/android/tools/r8/code/X
Event: 97.871 loading class com/android/tools/r8/code/X done
Event: 97.871 loading class com/android/tools/r8/code/V
Event: 97.871 loading class com/android/tools/r8/code/V done
Event: 97.872 Executing VM operation: G1CollectForAllocation


Dynamic libraries:
0x00007ff6ed500000 - 0x00007ff6ed50a000 	C:\Program Files\Android\Android Studio1\jre\bin\java.exe
0x00007ffa99910000 - 0x00007ffa99b05000 	C:\Windows\SYSTEM32\ntdll.dll
0x00007ffa986a0000 - 0x00007ffa9875d000 	C:\Windows\System32\KERNEL32.DLL
0x00007ffa97470000 - 0x00007ffa97739000 	C:\Windows\System32\KERNELBASE.dll
0x00007ffa97740000 - 0x00007ffa97840000 	C:\Windows\System32\ucrtbase.dll
0x00007ffa923d0000 - 0x00007ffa923e7000 	C:\Program Files\Android\Android Studio1\jre\bin\VCRUNTIME140.dll
0x00007ffa7c900000 - 0x00007ffa7c919000 	C:\Program Files\Android\Android Studio1\jre\bin\jli.dll
0x00007ffa98d70000 - 0x00007ffa98f10000 	C:\Windows\System32\USER32.dll
0x00007ffa97440000 - 0x00007ffa97462000 	C:\Windows\System32\win32u.dll
0x00007ffa99030000 - 0x00007ffa9905a000 	C:\Windows\System32\GDI32.dll
0x00007ffa97840000 - 0x00007ffa9794b000 	C:\Windows\System32\gdi32full.dll
0x00007ffa97100000 - 0x00007ffa9719d000 	C:\Windows\System32\msvcp_win.dll
0x00007ffa73910000 - 0x00007ffa73baa000 	C:\Windows\WinSxS\amd64_microsoft.windows.common-controls_6595b64144ccf1df_6.0.19041.1110_none_60b5254171f9507e\COMCTL32.dll
0x00007ffa97a30000 - 0x00007ffa97ace000 	C:\Windows\System32\msvcrt.dll
0x00007ffa98280000 - 0x00007ffa982b0000 	C:\Windows\System32\IMM32.DLL
0x00007ffa688c0000 - 0x00007ffa6895d000 	C:\Program Files\Android\Android Studio1\jre\bin\msvcp140.dll
0x00007ffa416e0000 - 0x00007ffa4219c000 	C:\Program Files\Android\Android Studio1\jre\bin\server\jvm.dll
0x00007ffa993b0000 - 0x00007ffa9945c000 	C:\Windows\System32\ADVAPI32.dll
0x00007ffa98b20000 - 0x00007ffa98bbb000 	C:\Windows\System32\sechost.dll
0x00007ffa989f0000 - 0x00007ffa98b1a000 	C:\Windows\System32\RPCRT4.dll
0x00007ffa98690000 - 0x00007ffa98698000 	C:\Windows\System32\PSAPI.DLL
0x00007ffa87e50000 - 0x00007ffa87e5a000 	C:\Windows\SYSTEM32\VERSION.dll
0x00007ffa8a400000 - 0x00007ffa8a427000 	C:\Windows\SYSTEM32\WINMM.dll
0x00007ffa81ca0000 - 0x00007ffa81ca9000 	C:\Windows\SYSTEM32\WSOCK32.dll
0x00007ffa99340000 - 0x00007ffa993ab000 	C:\Windows\System32\WS2_32.dll
0x00007ffa95910000 - 0x00007ffa95922000 	C:\Windows\SYSTEM32\kernel.appcore.dll
0x00007ffa7c680000 - 0x00007ffa7c691000 	C:\Program Files\Android\Android Studio1\jre\bin\verify.dll
0x00007ffa94e70000 - 0x00007ffa95054000 	C:\Windows\SYSTEM32\DBGHELP.DLL
0x00007ffa8a0f0000 - 0x00007ffa8a11c000 	C:\Windows\SYSTEM32\dbgcore.DLL
0x00007ffa973b0000 - 0x00007ffa97433000 	C:\Windows\System32\bcryptPrimitives.dll
0x00007ffa65960000 - 0x00007ffa65989000 	C:\Program Files\Android\Android Studio1\jre\bin\java.dll
0x00007ffa923b0000 - 0x00007ffa923bb000 	C:\Program Files\Android\Android Studio1\jre\bin\jimage.dll
0x00007ffa73070000 - 0x00007ffa73088000 	C:\Program Files\Android\Android Studio1\jre\bin\zip.dll
0x00007ffa97b40000 - 0x00007ffa9827f000 	C:\Windows\System32\SHELL32.dll
0x00007ffa95060000 - 0x00007ffa957f1000 	C:\Windows\SYSTEM32\windows.storage.dll
0x00007ffa98330000 - 0x00007ffa98685000 	C:\Windows\System32\combase.dll
0x00007ffa96ac0000 - 0x00007ffa96aec000 	C:\Windows\SYSTEM32\Wldp.dll
0x00007ffa99290000 - 0x00007ffa9933e000 	C:\Windows\System32\SHCORE.dll
0x00007ffa98760000 - 0x00007ffa987b5000 	C:\Windows\System32\shlwapi.dll
0x00007ffa96f90000 - 0x00007ffa96faf000 	C:\Windows\SYSTEM32\profapi.dll
0x00007ffa72b80000 - 0x00007ffa72b9a000 	C:\Program Files\Android\Android Studio1\jre\bin\net.dll
0x00007ffa90d20000 - 0x00007ffa90e2a000 	C:\Windows\SYSTEM32\WINHTTP.dll
0x00007ffa96820000 - 0x00007ffa9688a000 	C:\Windows\system32\mswsock.dll
0x00007ffa72690000 - 0x00007ffa726a4000 	C:\Program Files\Android\Android Studio1\jre\bin\nio.dll
0x00007ffa923f0000 - 0x00007ffa92417000 	C:\Users\ksm\.gradle\native\fdc75f09e3144964f2cf3f50f0aa648679c211496f362492102eb8c894070792\windows-amd64\native-platform.dll
0x00007ffa67960000 - 0x00007ffa67af6000 	C:\Users\ksm\.gradle\native\12488b8bf47d2d4c9fbf2f6322a914ad602e24e48041cd04a747c6da556b65c4\windows-amd64\native-platform-file-events.dll
0x00007ffa8a350000 - 0x00007ffa8a35a000 	C:\Program Files\Android\Android Studio1\jre\bin\management.dll
0x00007ffa88ea0000 - 0x00007ffa88eac000 	C:\Program Files\Android\Android Studio1\jre\bin\management_ext.dll
0x00007ffa96a00000 - 0x00007ffa96a18000 	C:\Windows\SYSTEM32\CRYPTSP.dll
0x00007ffa96150000 - 0x00007ffa96184000 	C:\Windows\system32\rsaenh.dll
0x00007ffa97950000 - 0x00007ffa97977000 	C:\Windows\System32\bcrypt.dll
0x00007ffa96f10000 - 0x00007ffa96f3e000 	C:\Windows\SYSTEM32\USERENV.dll
0x00007ffa96a20000 - 0x00007ffa96a2c000 	C:\Windows\SYSTEM32\CRYPTBASE.dll
0x00007ffa964c0000 - 0x00007ffa964fb000 	C:\Windows\SYSTEM32\IPHLPAPI.DLL
0x00007ffa97ad0000 - 0x00007ffa97ad8000 	C:\Windows\System32\NSI.dll
0x00007ffa87e30000 - 0x00007ffa87e47000 	C:\Windows\SYSTEM32\dhcpcsvc6.DLL
0x00007ffa87fa0000 - 0x00007ffa87fbd000 	C:\Windows\SYSTEM32\dhcpcsvc.DLL
0x00007ffa96500000 - 0x00007ffa965cc000 	C:\Windows\SYSTEM32\DNSAPI.dll
0x00007ffa916c0000 - 0x00007ffa916cb000 	C:\Windows\SYSTEM32\WINNSI.DLL
0x00007ffa65930000 - 0x00007ffa65957000 	C:\Program Files\Android\Android Studio1\jre\bin\sunec.dll
0x00007ffa89db0000 - 0x00007ffa89dba000 	C:\Windows\System32\rasadhlp.dll
0x00007ffa87320000 - 0x00007ffa8739f000 	C:\Windows\System32\fwpuclnt.dll

dbghelp: loaded successfully - version: 4.0.5 - missing functions: none
symbol engine: initialized successfully - sym options: 0x614 - pdb path: .;C:\Program Files\Android\Android Studio1\jre\bin;C:\Windows\SYSTEM32;C:\Windows\WinSxS\amd64_microsoft.windows.common-controls_6595b64144ccf1df_6.0.19041.1110_none_60b5254171f9507e;C:\Program Files\Android\Android Studio1\jre\bin\server;C:\Users\ksm\.gradle\native\fdc75f09e3144964f2cf3f50f0aa648679c211496f362492102eb8c894070792\windows-amd64;C:\Users\ksm\.gradle\native\12488b8bf47d2d4c9fbf2f6322a914ad602e24e48041cd04a747c6da556b65c4\windows-amd64

VM Arguments:
jvm_args: --add-opens=java.base/java.util=ALL-UNNAMED --add-opens=java.base/java.lang=ALL-UNNAMED --add-opens=java.base/java.lang.invoke=ALL-UNNAMED --add-opens=java.prefs/java.util.prefs=ALL-UNNAMED -Xmx2048m -Dfile.encoding=UTF-8 -Duser.country=KR -Duser.language=ko -Duser.variant 
java_command: org.gradle.launcher.daemon.bootstrap.GradleDaemon 6.7.1
java_class_path (initial): C:\Users\ksm\.gradle\wrapper\dists\gradle-6.7.1-bin\bwlcbys1h7rz3272sye1xwiv6\gradle-6.7.1\lib\gradle-launcher-6.7.1.jar
Launcher Type: SUN_STANDARD

[Global flags]
     intx CICompilerCount                          = 4                                         {product} {ergonomic}
     uint ConcGCThreads                            = 2                                         {product} {ergonomic}
     uint G1ConcRefinementThreads                  = 8                                         {product} {ergonomic}
   size_t G1HeapRegionSize                         = 1048576                                   {product} {ergonomic}
    uintx GCDrainStackTargetSize                   = 64                                        {product} {ergonomic}
   size_t InitialHeapSize                          = 130023424                                 {product} {ergonomic}
   size_t MarkStackSize                            = 4194304                                   {product} {ergonomic}
   size_t MaxHeapSize                              = 2147483648                                {product} {command line}
   size_t MaxNewSize                               = 1287651328                                {product} {ergonomic}
   size_t MinHeapDeltaBytes                        = 1048576                                   {product} {ergonomic}
    uintx NonNMethodCodeHeapSize                   = 5836300                                {pd product} {ergonomic}
    uintx NonProfiledCodeHeapSize                  = 122910970                              {pd product} {ergonomic}
    uintx ProfiledCodeHeapSize                     = 122910970                              {pd product} {ergonomic}
    uintx ReservedCodeCacheSize                    = 251658240                              {pd product} {ergonomic}
     bool SegmentedCodeCache                       = true                                      {product} {ergonomic}
     bool UseCompressedClassPointers               = true                                 {lp64_product} {ergonomic}
     bool UseCompressedOops                        = true                                 {lp64_product} {ergonomic}
     bool UseG1GC                                  = true                                      {product} {ergonomic}
     bool UseLargePagesIndividualAllocation        = false                                  {pd product} {ergonomic}

Logging:
Log output configuration:
 #0: stdout all=warning uptime,level,tags
 #1: stderr all=off uptime,level,tags

Environment Variables:
PATH=C:\Program Files\Common Files\Oracle\Java\javapath;C:\Program Files\MySQL\MySQL Workbench 8.0;C:\Program Files\dotnet\;C:\Program Files (x86)\dotnet\;D:\Git\cmd;C:\Users\ksm\AppData\Local\Microsoft\WindowsApps;C:\Users\ksm\.dotnet\tools;C:\Users\ksm\AppData\Local\Android\Sdk\tools;C:\Users\ksm\AppData\Local\Android\Sdk\platform-tools;;C:\Users\ksm\AppData\Local\Programs\Microsoft VS Code\bin;C:\Program Files (x86)\ESTsoft\ALSee\x64
USERNAME=ksm
OS=Windows_NT
PROCESSOR_IDENTIFIER=Intel64 Family 6 Model 140 Stepping 1, GenuineIntel



---------------  S Y S T E M  ---------------

OS: Windows 10 , 64 bit Build 19041 (10.0.19041.1023)
OS uptime: 0 days 11:34 hours

CPU:total 8 (initial active 8) (4 cores per cpu, 2 threads per core) family 6 model 140 stepping 1, cmov, cx8, fxsr, mmx, sse, sse2, sse3, ssse3, sse4.1, sse4.2, popcnt, avx, avx2, aes, clmul, erms, 3dnowpref, lzcnt, ht, tsc, tscinvbit, bmi1, bmi2, adx, evex, sha, fma

Memory: 4k page, system-wide physical 7900M (484M free)
TotalPageFile size 9815M (AvailPageFile size 0M)
current process WorkingSet (physical memory assigned to process): 614M, peak: 614M
current process commit charge ("private bytes"): 661M, peak: 704M

vm_info: OpenJDK 64-Bit Server VM (11.0.8+10-b944.6842174) for windows-amd64 JRE (11.0.8+10-b944.6842174), built on Sep 19 2020 01:11:42 by "builder" with MS VC++ 14.0 (VS2015)

END.
