#
# There is insufficient memory for the Java Runtime Environment to continue.
# Native memory allocation (malloc) failed to allocate 32744 bytes for ChunkPool::allocate
# Possible reasons:
#   The system is out of physical RAM or swap space
#   The process is running with CompressedOops enabled, and the Java Heap may be blocking the growth of the native heap
# Possible solutions:
#   Reduce memory load on the system
#   Increase physical memory or swap space
#   Check if swap backing store is full
#   Decrease Java heap size (-Xmx/-Xms)
#   Decrease number of Java threads
#   Decrease Java thread stack sizes (-Xss)
#   Set larger code cache with -XX:ReservedCodeCacheSize=
#   JVM is running with Unscaled Compressed Oops mode in which the Java heap is
#     placed in the first 4GB address space. The Java Heap base address is the
#     maximum limit for the native heap growth. Please use -XX:HeapBaseMinAddress
#     to set the Java Heap base and to place the Java Heap above 4GB virtual address.
# This output file may be truncated or incomplete.
#
#  Out of Memory Error (./src/hotspot/share/memory/arena.cpp:81), pid=20240, tid=14692
#
# JRE version: OpenJDK Runtime Environment (11.0.8+10) (build 11.0.8+10-b944.6842174)
# Java VM: OpenJDK 64-Bit Server VM (11.0.8+10-b944.6842174, mixed mode, tiered, compressed oops, g1 gc, windows-amd64)
# No core dump will be written. Minidumps are not enabled by default on client versions of Windows
#

---------------  S U M M A R Y ------------

Command Line: --add-opens=java.base/java.util=ALL-UNNAMED --add-opens=java.base/java.lang=ALL-UNNAMED --add-opens=java.base/java.lang.invoke=ALL-UNNAMED --add-opens=java.prefs/java.util.prefs=ALL-UNNAMED -Xmx2048m -Dfile.encoding=UTF-8 -Duser.country=KR -Duser.language=ko -Duser.variant org.gradle.launcher.daemon.bootstrap.GradleDaemon 6.7.1

Host: 11th Gen Intel(R) Core(TM) i5-1135G7 @ 2.40GHz, 8 cores, 7G,  Windows 10 , 64 bit Build 19041 (10.0.19041.1151)
Time: Thu Aug 19 21:35:11 2021 대한민국 표준시 elapsed time: 178 seconds (0d 0h 2m 58s)

---------------  T H R E A D  ---------------

Current thread (0x00000195b0535800):  JavaThread "C2 CompilerThread2" daemon [_thread_in_native, id=14692, stack(0x000000929bc00000,0x000000929bd00000)]


Current CompileTask:
C2: 178024 17299       4       jdk.internal.loader.URLClassPath::getResource (74 bytes)

Stack: [0x000000929bc00000,0x000000929bd00000]
Native frames: (J=compiled Java code, j=interpreted, Vv=VM code, C=native code)
V  [jvm.dll+0x5de50a]
V  [jvm.dll+0x7122f5]
V  [jvm.dll+0x71384d]
V  [jvm.dll+0x713f03]
V  [jvm.dll+0x23e728]
V  [jvm.dll+0xb8beb]
V  [jvm.dll+0xb8e9c]
V  [jvm.dll+0x355b56]
V  [jvm.dll+0x3553d1]
V  [jvm.dll+0x355414]
V  [jvm.dll+0x4e5bf4]
V  [jvm.dll+0x4e6619]
V  [jvm.dll+0x31ded2]
V  [jvm.dll+0x31d39a]
V  [jvm.dll+0x1f7702]
V  [jvm.dll+0x1f68d4]
V  [jvm.dll+0x17f32c]
V  [jvm.dll+0x205047]
V  [jvm.dll+0x203891]
V  [jvm.dll+0x6dad3f]
V  [jvm.dll+0x6d3895]
V  [jvm.dll+0x5dd4a6]
C  [ucrtbase.dll+0x21bb2]
C  [KERNEL32.DLL+0x17034]
C  [ntdll.dll+0x52651]


---------------  P R O C E S S  ---------------

Threads class SMR info:
_java_thread_list=0x00000195b0ada260, length=164, elements={
0x0000019595720000, 0x00000195afa2f000, 0x00000195afa3a800, 0x00000195afa4e000,
0x00000195b02b8800, 0x00000195b02b9800, 0x00000195b02be000, 0x00000195b02bf000,
0x00000195b0429000, 0x00000195b047c000, 0x00000195b1c95000, 0x00000195b2b18800,
0x00000195b2692000, 0x00000195b3652800, 0x00000195b3657000, 0x00000195b3658000,
0x00000195b3655800, 0x00000195b2bcf000, 0x00000195b22c0800, 0x00000195b22c1800,
0x00000195b2bcc800, 0x00000195b2bd0000, 0x00000195b2bcd800, 0x00000195b2bd1000,
0x00000195b2bcb000, 0x00000195b2bd2800, 0x00000195b2bd3000, 0x00000195b2bd1800,
0x00000195b2bd4000, 0x00000195b2bce800, 0x00000195b2bd6800, 0x00000195b2bd7800,
0x00000195b2bd8000, 0x00000195b2bd9000, 0x00000195b2bda000, 0x00000195b2bd5000,
0x00000195b2bd5800, 0x00000195b22bc800, 0x00000195b22ba000, 0x00000195b22bb800,
0x00000195b22bd800, 0x00000195b22bb000, 0x00000195b22be000, 0x00000195b22bf000,
0x00000195b22b9800, 0x00000195b22c2800, 0x00000195b22c0000, 0x00000195b22c8000,
0x00000195b22c7000, 0x00000195b22c3000, 0x00000195b22c4000, 0x00000195b22c5800,
0x00000195b3659000, 0x00000195b3653000, 0x00000195b3656800, 0x00000195b3654000,
0x00000195b3654800, 0x00000195b3a50000, 0x00000195b3a4e000, 0x00000195b3a4f000,
0x00000195b3a50800, 0x00000195b3a51800, 0x00000195b3a4d800, 0x00000195b3a56800,
0x00000195b3a55800, 0x00000195b3a58000, 0x00000195b3a52800, 0x00000195b3a57000,
0x00000195b3a54000, 0x00000195b3a59000, 0x00000195b3a53000, 0x00000195b3a5a800,
0x00000195b3a59800, 0x00000195b3a55000, 0x00000195b3a5b800, 0x00000195b3a5c000,
0x00000195b5ce9000, 0x00000195b5cec800, 0x00000195b5cea000, 0x00000195b5ce8800,
0x00000195b5ceb000, 0x00000195b5ceb800, 0x00000195b5ce6800, 0x00000195b5ce7800,
0x00000195b5ced800, 0x00000195b5893000, 0x00000195b5890000, 0x00000195b5894000,
0x00000195b5895000, 0x00000195b5891800, 0x00000195b5891000, 0x00000195b588f000,
0x00000195b5895800, 0x00000195b5892800, 0x00000195b5896800, 0x00000195b5899000,
0x00000195b5898000, 0x00000195b589b800, 0x00000195b5899800, 0x00000195b589a800,
0x00000195b589c000, 0x00000195b589d000, 0x00000195b5897800, 0x00000195b589e000,
0x00000195b6c2a800, 0x00000195b6c29800, 0x00000195b6c2b000, 0x00000195b6c2c000,
0x00000195b6c2c800, 0x00000195b6c27000, 0x00000195b6c2d800, 0x00000195b6c28000,
0x00000195b6c2e800, 0x00000195b6c28800, 0x00000195b6c30000, 0x00000195b6c35000,
0x00000195b6c31800, 0x00000195b6c32800, 0x00000195b6c31000, 0x00000195b6c2f000,
0x00000195b6c35800, 0x00000195b6c33800, 0x00000195b6c34000, 0x00000195b60d4000,
0x00000195b60d6800, 0x00000195b60d7800, 0x00000195b60d8000, 0x00000195b60da800,
0x00000195b60da000, 0x00000195b60d5800, 0x00000195b60d9000, 0x00000195b60d5000,
0x00000195b60e1000, 0x00000195b60dd000, 0x00000195b60e0800, 0x00000195b60db800,
0x00000195b60df800, 0x00000195b60dc000, 0x00000195b60de000, 0x00000195b60de800,
0x00000195b60e3000, 0x00000195b41d3800, 0x00000195b41d5000, 0x00000195b41d4000,
0x00000195b41d1000, 0x00000195b41d0000, 0x00000195b41d7800, 0x00000195b41d2800,
0x00000195b41d8000, 0x00000195b41d9000, 0x00000195b41da000, 0x00000195b41da800,
0x00000195b41db800, 0x00000195b41d6800, 0x00000195b41d1800, 0x00000195b988b000,
0x00000195b0535800, 0x00000195b41de000, 0x00000195b3881800, 0x00000195b3884800,
0x00000195b387f800, 0x00000195b387f000, 0x00000195b3882000, 0x00000195b3885800
}

Java Threads: ( => current thread )
  0x0000019595720000 JavaThread "main" [_thread_blocked, id=15652, stack(0x0000009292800000,0x0000009292900000)]
  0x00000195afa2f000 JavaThread "Reference Handler" daemon [_thread_blocked, id=12792, stack(0x0000009292f00000,0x0000009293000000)]
  0x00000195afa3a800 JavaThread "Finalizer" daemon [_thread_blocked, id=10304, stack(0x0000009293000000,0x0000009293100000)]
  0x00000195afa4e000 JavaThread "Signal Dispatcher" daemon [_thread_blocked, id=17196, stack(0x0000009293100000,0x0000009293200000)]
  0x00000195b02b8800 JavaThread "Attach Listener" daemon [_thread_blocked, id=6848, stack(0x0000009293200000,0x0000009293300000)]
  0x00000195b02b9800 JavaThread "C2 CompilerThread0" daemon [_thread_in_native, id=6692, stack(0x0000009293300000,0x0000009293400000)]
  0x00000195b02be000 JavaThread "C1 CompilerThread0" daemon [_thread_in_native, id=17972, stack(0x0000009293400000,0x0000009293500000)]
  0x00000195b02bf000 JavaThread "Sweeper thread" daemon [_thread_blocked, id=1084, stack(0x0000009293500000,0x0000009293600000)]
  0x00000195b0429000 JavaThread "Common-Cleaner" daemon [_thread_blocked, id=17636, stack(0x0000009293600000,0x0000009293700000)]
  0x00000195b047c000 JavaThread "Service Thread" daemon [_thread_blocked, id=18172, stack(0x0000009293700000,0x0000009293800000)]
  0x00000195b1c95000 JavaThread "Daemon health stats" [_thread_blocked, id=1644, stack(0x0000009293c00000,0x0000009293d00000)]
  0x00000195b2b18800 JavaThread "Incoming local TCP Connector on port 57845" [_thread_in_native, id=10752, stack(0x0000009293d00000,0x0000009293e00000)]
  0x00000195b2692000 JavaThread "Daemon periodic checks" [_thread_blocked, id=16196, stack(0x0000009293e00000,0x0000009293f00000)]
  0x00000195b3652800 JavaThread "Cache worker for file hash cache (C:\Users\ksm\.gradle\caches\6.7.1\fileHashes)" [_thread_blocked, id=10176, stack(0x0000009294d00000,0x0000009294e00000)]
  0x00000195b3657000 JavaThread "File lock request listener" [_thread_in_native, id=19368, stack(0x0000009294e00000,0x0000009294f00000)]
  0x00000195b3658000 JavaThread "Cache worker for journal cache (C:\Users\ksm\.gradle\caches\journal-1)" [_thread_blocked, id=9560, stack(0x0000009295000000,0x0000009295100000)]
  0x00000195b3655800 JavaThread "Cache worker for execution history cache (C:\Users\ksm\.gradle\caches\6.7.1\executionHistory)" [_thread_blocked, id=2720, stack(0x0000009295600000,0x0000009295700000)]
  0x00000195b2bcf000 JavaThread "Cache worker for file content cache (C:\Users\ksm\.gradle\caches\6.7.1\fileContent)" [_thread_blocked, id=15416, stack(0x0000009295800000,0x0000009295900000)]
  0x00000195b22c0800 JavaThread "Memory manager" [_thread_blocked, id=10456, stack(0x000000929c200000,0x000000929c300000)]
  0x00000195b22c1800 JavaThread "pool-3-thread-1" [_thread_blocked, id=5984, stack(0x000000929c400000,0x000000929c500000)]
  0x00000195b2bcc800 JavaThread "Daemon Thread 2" [_thread_blocked, id=9064, stack(0x0000009292500000,0x0000009292600000)]
  0x00000195b2bd0000 JavaThread "Handler for socket connection from /127.0.0.1:57845 to /127.0.0.1:57928" [_thread_in_native, id=10692, stack(0x0000009292600000,0x0000009292700000)]
  0x00000195b2bcd800 JavaThread "Cancel handler" [_thread_blocked, id=7052, stack(0x0000009292700000,0x0000009292800000)]
  0x00000195b2bd1000 JavaThread "Daemon worker Thread 2" [_thread_blocked, id=19600, stack(0x0000009293900000,0x0000009293a00000)]
  0x00000195b2bcb000 JavaThread "Asynchronous log dispatcher for DefaultDaemonConnection: socket connection from /127.0.0.1:57845 to /127.0.0.1:57928" [_thread_blocked, id=13728, stack(0x0000009293b00000,0x0000009293c00000)]
  0x00000195b2bd2800 JavaThread "Stdin handler" [_thread_blocked, id=17788, stack(0x0000009293f00000,0x0000009294000000)]
  0x00000195b2bd3000 JavaThread "Thread-143" [_thread_blocked, id=7556, stack(0x0000009294000000,0x0000009294100000)]
  0x00000195b2bd1800 JavaThread "Cache worker for file hash cache (D:\ad\DaelimMap\.gradle\6.7.1\fileHashes)" [_thread_blocked, id=9932, stack(0x0000009294100000,0x0000009294200000)]
  0x00000195b2bd4000 JavaThread "Cache worker for checksums cache (D:\ad\DaelimMap\.gradle\checksums)" [_thread_blocked, id=3068, stack(0x0000009294200000,0x0000009294300000)]
  0x00000195b2bce800 JavaThread "Cache worker for cache directory md-supplier (C:\Users\ksm\.gradle\caches\6.7.1\md-supplier)" [_thread_blocked, id=8308, stack(0x0000009294300000,0x0000009294400000)]
  0x00000195b2bd6800 JavaThread "Cache worker for cache directory md-rule (C:\Users\ksm\.gradle\caches\6.7.1\md-rule)" [_thread_blocked, id=10784, stack(0x0000009294400000,0x0000009294500000)]
  0x00000195b2bd7800 JavaThread "Cache worker for Build Output Cleanup Cache (D:\ad\DaelimMap\.gradle\buildOutputCleanup)" [_thread_blocked, id=16244, stack(0x0000009294600000,0x0000009294700000)]
  0x00000195b2bd8000 JavaThread "Build operations" [_thread_blocked, id=14508, stack(0x0000009295100000,0x0000009295200000)]
  0x00000195b2bd9000 JavaThread "Build operations Thread 2" [_thread_blocked, id=13724, stack(0x0000009295200000,0x0000009295300000)]
  0x00000195b2bda000 JavaThread "Build operations Thread 3" [_thread_blocked, id=3928, stack(0x0000009295300000,0x0000009295400000)]
  0x00000195b2bd5000 JavaThread "Build operations Thread 4" [_thread_blocked, id=20072, stack(0x0000009295400000,0x0000009295500000)]
  0x00000195b2bd5800 JavaThread "Build operations Thread 5" [_thread_blocked, id=2116, stack(0x0000009295500000,0x0000009295600000)]
  0x00000195b22bc800 JavaThread "Build operations Thread 6" [_thread_blocked, id=18668, stack(0x0000009295700000,0x0000009295800000)]
  0x00000195b22ba000 JavaThread "Build operations Thread 7" [_thread_blocked, id=18160, stack(0x0000009295900000,0x0000009295a00000)]
  0x00000195b22bb800 JavaThread "Build operations Thread 8" [_thread_blocked, id=1904, stack(0x0000009295a00000,0x0000009295b00000)]
  0x00000195b22bd800 JavaThread "jar transforms Thread 98" [_thread_blocked, id=17304, stack(0x0000009295b00000,0x0000009295c00000)]
  0x00000195b22bb000 JavaThread "jar transforms Thread 99" [_thread_blocked, id=17960, stack(0x0000009295c00000,0x0000009295d00000)]
  0x00000195b22be000 JavaThread "jar transforms Thread 100" [_thread_blocked, id=10568, stack(0x0000009295d00000,0x0000009295e00000)]
  0x00000195b22bf000 JavaThread "jar transforms Thread 101" [_thread_blocked, id=3164, stack(0x0000009295e00000,0x0000009295f00000)]
  0x00000195b22b9800 JavaThread "jar transforms Thread 102" [_thread_blocked, id=17096, stack(0x0000009295f00000,0x0000009296000000)]
  0x00000195b22c2800 JavaThread "jar transforms Thread 103" [_thread_blocked, id=17708, stack(0x0000009296000000,0x0000009296100000)]
  0x00000195b22c0000 JavaThread "jar transforms Thread 104" [_thread_blocked, id=18316, stack(0x0000009296100000,0x0000009296200000)]
  0x00000195b22c8000 JavaThread "jar transforms Thread 105" [_thread_blocked, id=16260, stack(0x0000009296200000,0x0000009296300000)]
  0x00000195b22c7000 JavaThread "jar transforms Thread 106" [_thread_blocked, id=16912, stack(0x0000009296300000,0x0000009296400000)]
  0x00000195b22c3000 JavaThread "jar transforms Thread 107" [_thread_blocked, id=6616, stack(0x0000009296400000,0x0000009296500000)]
  0x00000195b22c4000 JavaThread "jar transforms Thread 108" [_thread_blocked, id=17984, stack(0x0000009296500000,0x0000009296600000)]
  0x00000195b22c5800 JavaThread "jar transforms Thread 109" [_thread_blocked, id=20356, stack(0x0000009296600000,0x0000009296700000)]
  0x00000195b3659000 JavaThread "jar transforms Thread 110" [_thread_blocked, id=12668, stack(0x0000009296700000,0x0000009296800000)]
  0x00000195b3653000 JavaThread "jar transforms Thread 111" [_thread_blocked, id=1872, stack(0x0000009296800000,0x0000009296900000)]
  0x00000195b3656800 JavaThread "jar transforms Thread 112" [_thread_blocked, id=10940, stack(0x0000009296900000,0x0000009296a00000)]
  0x00000195b3654000 JavaThread "jar transforms Thread 113" [_thread_blocked, id=11640, stack(0x0000009296a00000,0x0000009296b00000)]
  0x00000195b3654800 JavaThread "jar transforms Thread 114" [_thread_blocked, id=11620, stack(0x0000009296b00000,0x0000009296c00000)]
  0x00000195b3a50000 JavaThread "jar transforms Thread 115" [_thread_blocked, id=9276, stack(0x0000009296c00000,0x0000009296d00000)]
  0x00000195b3a4e000 JavaThread "jar transforms Thread 116" [_thread_blocked, id=9160, stack(0x0000009296d00000,0x0000009296e00000)]
  0x00000195b3a4f000 JavaThread "jar transforms Thread 117" [_thread_blocked, id=3012, stack(0x0000009296e00000,0x0000009296f00000)]
  0x00000195b3a50800 JavaThread "jar transforms Thread 118" [_thread_blocked, id=19916, stack(0x0000009296f00000,0x0000009297000000)]
  0x00000195b3a51800 JavaThread "jar transforms Thread 119" [_thread_blocked, id=19572, stack(0x0000009297000000,0x0000009297100000)]
  0x00000195b3a4d800 JavaThread "jar transforms Thread 120" [_thread_blocked, id=13440, stack(0x0000009297100000,0x0000009297200000)]
  0x00000195b3a56800 JavaThread "jar transforms Thread 121" [_thread_blocked, id=13304, stack(0x0000009297200000,0x0000009297300000)]
  0x00000195b3a55800 JavaThread "jar transforms Thread 122" [_thread_blocked, id=9444, stack(0x0000009297300000,0x0000009297400000)]
  0x00000195b3a58000 JavaThread "jar transforms Thread 123" [_thread_blocked, id=8860, stack(0x0000009297400000,0x0000009297500000)]
  0x00000195b3a52800 JavaThread "jar transforms Thread 124" [_thread_blocked, id=6536, stack(0x0000009297500000,0x0000009297600000)]
  0x00000195b3a57000 JavaThread "jar transforms Thread 125" [_thread_blocked, id=8264, stack(0x0000009297600000,0x0000009297700000)]
  0x00000195b3a54000 JavaThread "jar transforms Thread 126" [_thread_blocked, id=17684, stack(0x0000009297700000,0x0000009297800000)]
  0x00000195b3a59000 JavaThread "jar transforms Thread 127" [_thread_blocked, id=13648, stack(0x0000009297800000,0x0000009297900000)]
  0x00000195b3a53000 JavaThread "jar transforms Thread 128" [_thread_blocked, id=4320, stack(0x0000009297900000,0x0000009297a00000)]
  0x00000195b3a5a800 JavaThread "jar transforms Thread 129" [_thread_blocked, id=13772, stack(0x0000009297a00000,0x0000009297b00000)]
  0x00000195b3a59800 JavaThread "jar transforms Thread 130" [_thread_blocked, id=1196, stack(0x0000009297b00000,0x0000009297c00000)]
  0x00000195b3a55000 JavaThread "jar transforms Thread 131" [_thread_blocked, id=19204, stack(0x0000009297c00000,0x0000009297d00000)]
  0x00000195b3a5b800 JavaThread "jar transforms Thread 132" [_thread_blocked, id=13504, stack(0x0000009297d00000,0x0000009297e00000)]
  0x00000195b3a5c000 JavaThread "jar transforms Thread 133" [_thread_blocked, id=5356, stack(0x0000009297e00000,0x0000009297f00000)]
  0x00000195b5ce9000 JavaThread "jar transforms Thread 134" [_thread_blocked, id=18496, stack(0x0000009297f00000,0x0000009298000000)]
  0x00000195b5cec800 JavaThread "jar transforms Thread 135" [_thread_blocked, id=18572, stack(0x0000009298000000,0x0000009298100000)]
  0x00000195b5cea000 JavaThread "jar transforms Thread 136" [_thread_blocked, id=11796, stack(0x0000009298100000,0x0000009298200000)]
  0x00000195b5ce8800 JavaThread "jar transforms Thread 137" [_thread_blocked, id=6624, stack(0x0000009298200000,0x0000009298300000)]
  0x00000195b5ceb000 JavaThread "jar transforms Thread 138" [_thread_blocked, id=1856, stack(0x0000009298300000,0x0000009298400000)]
  0x00000195b5ceb800 JavaThread "jar transforms Thread 139" [_thread_blocked, id=4044, stack(0x0000009298400000,0x0000009298500000)]
  0x00000195b5ce6800 JavaThread "jar transforms Thread 140" [_thread_blocked, id=19704, stack(0x0000009298500000,0x0000009298600000)]
  0x00000195b5ce7800 JavaThread "jar transforms Thread 141" [_thread_blocked, id=1684, stack(0x0000009298600000,0x0000009298700000)]
  0x00000195b5ced800 JavaThread "jar transforms Thread 142" [_thread_blocked, id=12016, stack(0x0000009298700000,0x0000009298800000)]
  0x00000195b5893000 JavaThread "jar transforms Thread 143" [_thread_blocked, id=15684, stack(0x0000009298800000,0x0000009298900000)]
  0x00000195b5890000 JavaThread "jar transforms Thread 144" [_thread_blocked, id=14280, stack(0x0000009298900000,0x0000009298a00000)]
  0x00000195b5894000 JavaThread "jar transforms Thread 145" [_thread_blocked, id=9408, stack(0x0000009298a00000,0x0000009298b00000)]
  0x00000195b5895000 JavaThread "jar transforms Thread 146" [_thread_blocked, id=19960, stack(0x0000009298b00000,0x0000009298c00000)]
  0x00000195b5891800 JavaThread "jar transforms Thread 147" [_thread_blocked, id=7876, stack(0x0000009298c00000,0x0000009298d00000)]
  0x00000195b5891000 JavaThread "jar transforms Thread 148" [_thread_blocked, id=10920, stack(0x0000009298d00000,0x0000009298e00000)]
  0x00000195b588f000 JavaThread "jar transforms Thread 149" [_thread_blocked, id=8524, stack(0x0000009298e00000,0x0000009298f00000)]
  0x00000195b5895800 JavaThread "jar transforms Thread 150" [_thread_blocked, id=16628, stack(0x0000009298f00000,0x0000009299000000)]
  0x00000195b5892800 JavaThread "jar transforms Thread 151" [_thread_blocked, id=2248, stack(0x0000009299000000,0x0000009299100000)]
  0x00000195b5896800 JavaThread "jar transforms Thread 152" [_thread_blocked, id=4812, stack(0x0000009299100000,0x0000009299200000)]
  0x00000195b5899000 JavaThread "jar transforms Thread 153" [_thread_blocked, id=14120, stack(0x0000009299200000,0x0000009299300000)]
  0x00000195b5898000 JavaThread "jar transforms Thread 154" [_thread_blocked, id=2236, stack(0x0000009299300000,0x0000009299400000)]
  0x00000195b589b800 JavaThread "jar transforms Thread 155" [_thread_blocked, id=17000, stack(0x0000009299400000,0x0000009299500000)]
  0x00000195b5899800 JavaThread "jar transforms Thread 156" [_thread_blocked, id=12636, stack(0x0000009299500000,0x0000009299600000)]
  0x00000195b589a800 JavaThread "jar transforms Thread 157" [_thread_blocked, id=2760, stack(0x0000009299600000,0x0000009299700000)]
  0x00000195b589c000 JavaThread "jar transforms Thread 158" [_thread_blocked, id=9004, stack(0x0000009299700000,0x0000009299800000)]
  0x00000195b589d000 JavaThread "jar transforms Thread 159" [_thread_blocked, id=10732, stack(0x0000009299800000,0x0000009299900000)]
  0x00000195b5897800 JavaThread "jar transforms Thread 160" [_thread_blocked, id=18996, stack(0x0000009299900000,0x0000009299a00000)]
  0x00000195b589e000 JavaThread "jar transforms Thread 161" [_thread_blocked, id=9436, stack(0x0000009299a00000,0x0000009299b00000)]
  0x00000195b6c2a800 JavaThread "jar transforms Thread 162" [_thread_blocked, id=9664, stack(0x0000009299b00000,0x0000009299c00000)]
  0x00000195b6c29800 JavaThread "jar transforms Thread 163" [_thread_blocked, id=17116, stack(0x0000009299c00000,0x0000009299d00000)]
  0x00000195b6c2b000 JavaThread "jar transforms Thread 164" [_thread_blocked, id=17024, stack(0x0000009299d00000,0x0000009299e00000)]
  0x00000195b6c2c000 JavaThread "jar transforms Thread 165" [_thread_blocked, id=11292, stack(0x0000009299e00000,0x0000009299f00000)]
  0x00000195b6c2c800 JavaThread "jar transforms Thread 166" [_thread_blocked, id=5996, stack(0x0000009299f00000,0x000000929a000000)]
  0x00000195b6c27000 JavaThread "jar transforms Thread 167" [_thread_blocked, id=13632, stack(0x000000929a000000,0x000000929a100000)]
  0x00000195b6c2d800 JavaThread "jar transforms Thread 168" [_thread_blocked, id=13656, stack(0x000000929a100000,0x000000929a200000)]
  0x00000195b6c28000 JavaThread "jar transforms Thread 169" [_thread_blocked, id=9384, stack(0x000000929a200000,0x000000929a300000)]
  0x00000195b6c2e800 JavaThread "jar transforms Thread 170" [_thread_blocked, id=20340, stack(0x000000929a300000,0x000000929a400000)]
  0x00000195b6c28800 JavaThread "jar transforms Thread 171" [_thread_blocked, id=8072, stack(0x000000929a400000,0x000000929a500000)]
  0x00000195b6c30000 JavaThread "jar transforms Thread 172" [_thread_blocked, id=16572, stack(0x000000929a500000,0x000000929a600000)]
  0x00000195b6c35000 JavaThread "jar transforms Thread 173" [_thread_blocked, id=13660, stack(0x000000929a600000,0x000000929a700000)]
  0x00000195b6c31800 JavaThread "jar transforms Thread 174" [_thread_blocked, id=12360, stack(0x000000929a700000,0x000000929a800000)]
  0x00000195b6c32800 JavaThread "jar transforms Thread 175" [_thread_blocked, id=6892, stack(0x000000929a800000,0x000000929a900000)]
  0x00000195b6c31000 JavaThread "jar transforms Thread 176" [_thread_blocked, id=14752, stack(0x000000929a900000,0x000000929aa00000)]
  0x00000195b6c2f000 JavaThread "jar transforms Thread 177" [_thread_blocked, id=19436, stack(0x000000929aa00000,0x000000929ab00000)]
  0x00000195b6c35800 JavaThread "jar transforms Thread 178" [_thread_blocked, id=1580, stack(0x000000929ab00000,0x000000929ac00000)]
  0x00000195b6c33800 JavaThread "jar transforms Thread 179" [_thread_blocked, id=1768, stack(0x000000929ac00000,0x000000929ad00000)]
  0x00000195b6c34000 JavaThread "jar transforms Thread 180" [_thread_blocked, id=11768, stack(0x000000929ad00000,0x000000929ae00000)]
  0x00000195b60d4000 JavaThread "jar transforms Thread 181" [_thread_blocked, id=16880, stack(0x000000929ae00000,0x000000929af00000)]
  0x00000195b60d6800 JavaThread "jar transforms Thread 182" [_thread_blocked, id=6564, stack(0x000000929af00000,0x000000929b000000)]
  0x00000195b60d7800 JavaThread "jar transforms Thread 183" [_thread_blocked, id=19344, stack(0x000000929b000000,0x000000929b100000)]
  0x00000195b60d8000 JavaThread "jar transforms Thread 184" [_thread_blocked, id=17264, stack(0x000000929b100000,0x000000929b200000)]
  0x00000195b60da800 JavaThread "jar transforms Thread 185" [_thread_blocked, id=2200, stack(0x000000929b200000,0x000000929b300000)]
  0x00000195b60da000 JavaThread "jar transforms Thread 186" [_thread_blocked, id=12892, stack(0x000000929b300000,0x000000929b400000)]
  0x00000195b60d5800 JavaThread "jar transforms Thread 187" [_thread_blocked, id=13420, stack(0x000000929b400000,0x000000929b500000)]
  0x00000195b60d9000 JavaThread "jar transforms Thread 188" [_thread_blocked, id=14172, stack(0x000000929b500000,0x000000929b600000)]
  0x00000195b60d5000 JavaThread "jar transforms Thread 189" [_thread_blocked, id=16460, stack(0x000000929b600000,0x000000929b700000)]
  0x00000195b60e1000 JavaThread "jar transforms Thread 190" [_thread_blocked, id=11700, stack(0x000000929b700000,0x000000929b800000)]
  0x00000195b60dd000 JavaThread "jar transforms Thread 191" [_thread_blocked, id=18084, stack(0x000000929b800000,0x000000929b900000)]
  0x00000195b60e0800 JavaThread "jar transforms Thread 192" [_thread_blocked, id=19824, stack(0x000000929b900000,0x000000929ba00000)]
  0x00000195b60db800 JavaThread "jar transforms Thread 193" [_thread_blocked, id=2808, stack(0x000000929ba00000,0x000000929bb00000)]
  0x00000195b60df800 JavaThread "jar transforms Thread 194" [_thread_blocked, id=15144, stack(0x000000929bb00000,0x000000929bc00000)]
  0x00000195b60dc000 JavaThread "build event listener" [_thread_blocked, id=18196, stack(0x000000929bd00000,0x000000929be00000)]
  0x00000195b60de000 JavaThread "pool-7-thread-1" [_thread_blocked, id=10056, stack(0x000000929be00000,0x000000929bf00000)]
  0x00000195b60de800 JavaThread "build event listener" [_thread_blocked, id=14840, stack(0x000000929bf00000,0x000000929c000000)]
  0x00000195b60e3000 JavaThread "Execution worker for ':'" [_thread_blocked, id=15324, stack(0x000000929c000000,0x000000929c100000)]
  0x00000195b41d3800 JavaThread "Execution worker for ':' Thread 2" [_thread_blocked, id=1920, stack(0x000000929c100000,0x000000929c200000)]
  0x00000195b41d5000 JavaThread "Execution worker for ':' Thread 3" [_thread_blocked, id=3616, stack(0x000000929c300000,0x000000929c400000)]
  0x00000195b41d4000 JavaThread "Execution worker for ':' Thread 4" [_thread_blocked, id=1492, stack(0x000000929c500000,0x000000929c600000)]
  0x00000195b41d1000 JavaThread "Execution worker for ':' Thread 5" [_thread_blocked, id=1912, stack(0x000000929c600000,0x000000929c700000)]
  0x00000195b41d0000 JavaThread "Execution worker for ':' Thread 6" [_thread_blocked, id=10908, stack(0x000000929c700000,0x000000929c800000)]
  0x00000195b41d7800 JavaThread "Execution worker for ':' Thread 7" [_thread_blocked, id=12676, stack(0x000000929c800000,0x000000929c900000)]
  0x00000195b41d2800 JavaThread "Cache worker for execution history cache (D:\ad\DaelimMap\.gradle\6.7.1\executionHistory)" [_thread_blocked, id=17472, stack(0x000000929c900000,0x000000929ca00000)]
  0x00000195b41d8000 JavaThread "WorkerExecutor Queue Thread 2" [_thread_blocked, id=13460, stack(0x000000929cb00000,0x000000929cc00000)]
  0x00000195b41d9000 JavaThread "WorkerExecutor Queue Thread 3" [_thread_blocked, id=1220, stack(0x000000929cc00000,0x000000929cd00000)]
  0x00000195b41da000 JavaThread "pool-8-thread-1" [_thread_blocked, id=11880, stack(0x000000929cd00000,0x000000929ce00000)]
  0x00000195b41da800 JavaThread "stderr" [_thread_in_native, id=2476, stack(0x000000929d100000,0x000000929d200000)]
  0x00000195b41db800 JavaThread "stdout" [_thread_in_native, id=20304, stack(0x000000929d200000,0x000000929d300000)]
  0x00000195b41d6800 JavaThread "Cache worker for Java compile cache (C:\Users\ksm\.gradle\caches\6.7.1\javaCompile)" [_thread_blocked, id=18748, stack(0x000000929ca00000,0x000000929cb00000)]
  0x00000195b41d1800 JavaThread "Cache worker for Java compile cache (D:\ad\DaelimMap\.gradle\6.7.1\javaCompile)" [_thread_blocked, id=1280, stack(0x000000929d300000,0x000000929d400000)]
  0x00000195b988b000 JavaThread "C2 CompilerThread1" daemon [_thread_in_native, id=9832, stack(0x0000009294500000,0x0000009294600000)]
=>0x00000195b0535800 JavaThread "C2 CompilerThread2" daemon [_thread_in_native, id=14692, stack(0x000000929bc00000,0x000000929bd00000)]
  0x00000195b41de000 JavaThread "WorkerExecutor Queue Thread 4" [_thread_blocked, id=14948, stack(0x000000929d400000,0x000000929d500000)]
  0x00000195b3881800 JavaThread "WorkerExecutor Queue Thread 5" [_thread_blocked, id=15540, stack(0x000000929d500000,0x000000929d600000)]
  0x00000195b3884800 JavaThread "WorkerExecutor Queue Thread 6" [_thread_blocked, id=6180, stack(0x000000929d600000,0x000000929d700000)]
  0x00000195b387f800 JavaThread "WorkerExecutor Queue Thread 7" [_thread_blocked, id=11020, stack(0x000000929d700000,0x000000929d800000)]
  0x00000195b387f000 JavaThread "WorkerExecutor Queue Thread 8" [_thread_in_native, id=14368, stack(0x000000929d800000,0x000000929d900000)]
  0x00000195b3882000 JavaThread "WorkerExecutor Queue Thread 9" [_thread_blocked, id=17612, stack(0x000000929d900000,0x000000929da00000)]
  0x00000195b3885800 JavaThread "WorkerExecutor Queue Thread 10" [_thread_blocked, id=8340, stack(0x000000929da00000,0x000000929db00000)]

Other Threads:
  0x00000195afa2d000 VMThread "VM Thread" [stack: 0x0000009292e00000,0x0000009292f00000] [id=7172]
  0x00000195b0481800 WatcherThread [stack: 0x0000009293800000,0x0000009293900000] [id=18656]
  0x0000019595732800 GCTaskThread "GC Thread#0" [stack: 0x0000009292900000,0x0000009292a00000] [id=16588]
  0x00000195b0e30000 GCTaskThread "GC Thread#1" [stack: 0x0000009293a00000,0x0000009293b00000] [id=6276]
  0x00000195b143e000 GCTaskThread "GC Thread#2" [stack: 0x0000009294700000,0x0000009294800000] [id=18120]
  0x00000195b24a5000 GCTaskThread "GC Thread#3" [stack: 0x0000009294800000,0x0000009294900000] [id=8612]
  0x00000195b22af800 GCTaskThread "GC Thread#4" [stack: 0x0000009294900000,0x0000009294a00000] [id=12092]
  0x00000195b2af6000 GCTaskThread "GC Thread#5" [stack: 0x0000009294a00000,0x0000009294b00000] [id=1484]
  0x00000195b2602000 GCTaskThread "GC Thread#6" [stack: 0x0000009294b00000,0x0000009294c00000] [id=18568]
  0x00000195b3aa4800 GCTaskThread "GC Thread#7" [stack: 0x0000009294c00000,0x0000009294d00000] [id=7044]
  0x0000019595765000 ConcurrentGCThread "G1 Main Marker" [stack: 0x0000009292a00000,0x0000009292b00000] [id=3572]
  0x0000019595767800 ConcurrentGCThread "G1 Conc#0" [stack: 0x0000009292b00000,0x0000009292c00000] [id=14696]
  0x00000195b2568800 ConcurrentGCThread "G1 Conc#1" [stack: 0x0000009294f00000,0x0000009295000000] [id=1996]
  0x00000195af88f800 ConcurrentGCThread "G1 Refine#0" [stack: 0x0000009292c00000,0x0000009292d00000] [id=12932]
  0x00000195b7882800 ConcurrentGCThread "G1 Refine#1" [stack: 0x000000929ce00000,0x000000929cf00000] [id=12108]
  0x00000195b78c7800 ConcurrentGCThread "G1 Refine#2" [stack: 0x000000929cf00000,0x000000929d000000] [id=5728]
  0x00000195b5e58000 ConcurrentGCThread "G1 Refine#3" [stack: 0x000000929d000000,0x000000929d100000] [id=11204]
  0x00000195af890000 ConcurrentGCThread "G1 Young RemSet Sampling" [stack: 0x0000009292d00000,0x0000009292e00000] [id=13408]

Threads with active compile tasks:
C2 CompilerThread0 178047 17203 %     4       org.gradle.internal.instantiation.generator.AbstractClassGenerator::inspectType @ 77 (560 bytes)
C1 CompilerThread0 178047 17318   !   3       sun.nio.ch.FileChannelImpl::readInternal (253 bytes)
C2 CompilerThread1 178047 17190       4       java.io.ObjectOutputStream::writeClassDesc (60 bytes)
C2 CompilerThread2 178048 17299       4       jdk.internal.loader.URLClassPath::getResource (74 bytes)

VM state:not at safepoint (normal execution)

VM Mutex/Monitor currently owned by a thread: None

Heap address: 0x0000000080000000, size: 2048 MB, Compressed Oops mode: 32-bit
Narrow klass base: 0x0000000000000000, Narrow klass shift: 3
Compressed class space size: 1073741824 Address: 0x0000000100000000

Heap:
 garbage-first heap   total 187392K, used 121915K [0x0000000080000000, 0x0000000100000000)
  region size 1024K, 27 young (27648K), 3 survivors (3072K)
 Metaspace       used 112320K, capacity 115299K, committed 115404K, reserved 1148928K
  class space    used 14145K, capacity 15205K, committed 15308K, reserved 1048576K
Heap Regions: E=young(eden), S=young(survivor), O=old, HS=humongous(starts), HC=humongous(continues), CS=collection set, F=free, A=archive, TAMS=top-at-mark-start (previous, next)
|   0|0x0000000080000000, 0x0000000080100000, 0x0000000080100000|100%| O|  |TAMS 0x0000000080100000, 0x0000000080000000| Untracked 
|   1|0x0000000080100000, 0x0000000080200000, 0x0000000080200000|100%| O|  |TAMS 0x0000000080200000, 0x0000000080100000| Untracked 
|   2|0x0000000080200000, 0x0000000080300000, 0x0000000080300000|100%| O|  |TAMS 0x0000000080300000, 0x0000000080200000| Untracked 
|   3|0x0000000080300000, 0x0000000080400000, 0x0000000080400000|100%|HS|  |TAMS 0x0000000080400000, 0x0000000080300000| Complete 
|   4|0x0000000080400000, 0x0000000080500000, 0x0000000080500000|100%|HC|  |TAMS 0x0000000080500000, 0x0000000080400000| Complete 
|   5|0x0000000080500000, 0x0000000080600000, 0x0000000080600000|100%|HC|  |TAMS 0x0000000080600000, 0x0000000080500000| Complete 
|   6|0x0000000080600000, 0x0000000080700000, 0x0000000080700000|100%| O|  |TAMS 0x0000000080700000, 0x0000000080600000| Untracked 
|   7|0x0000000080700000, 0x0000000080800000, 0x0000000080800000|100%| O|  |TAMS 0x0000000080800000, 0x0000000080700000| Untracked 
|   8|0x0000000080800000, 0x0000000080900000, 0x0000000080900000|100%| O|  |TAMS 0x0000000080900000, 0x0000000080800000| Untracked 
|   9|0x0000000080900000, 0x0000000080a00000, 0x0000000080a00000|100%| O|  |TAMS 0x0000000080a00000, 0x0000000080900000| Untracked 
|  10|0x0000000080a00000, 0x0000000080b00000, 0x0000000080b00000|100%| O|  |TAMS 0x0000000080b00000, 0x0000000080a00000| Untracked 
|  11|0x0000000080b00000, 0x0000000080c00000, 0x0000000080c00000|100%| O|  |TAMS 0x0000000080c00000, 0x0000000080b00000| Untracked 
|  12|0x0000000080c00000, 0x0000000080d00000, 0x0000000080d00000|100%| O|  |TAMS 0x0000000080d00000, 0x0000000080c00000| Untracked 
|  13|0x0000000080d00000, 0x0000000080e00000, 0x0000000080e00000|100%| O|  |TAMS 0x0000000080e00000, 0x0000000080d00000| Untracked 
|  14|0x0000000080e00000, 0x0000000080f00000, 0x0000000080f00000|100%| O|  |TAMS 0x0000000080f00000, 0x0000000080e00000| Untracked 
|  15|0x0000000080f00000, 0x0000000081000000, 0x0000000081000000|100%| O|  |TAMS 0x0000000081000000, 0x0000000080f00000| Untracked 
|  16|0x0000000081000000, 0x0000000081100000, 0x0000000081100000|100%| O|  |TAMS 0x0000000081100000, 0x0000000081000000| Untracked 
|  17|0x0000000081100000, 0x0000000081200000, 0x0000000081200000|100%| O|  |TAMS 0x0000000081200000, 0x0000000081100000| Untracked 
|  18|0x0000000081200000, 0x0000000081300000, 0x0000000081300000|100%|HS|  |TAMS 0x0000000081300000, 0x0000000081200000| Complete 
|  19|0x0000000081300000, 0x0000000081400000, 0x0000000081400000|100%| O|  |TAMS 0x0000000081400000, 0x0000000081300000| Untracked 
|  20|0x0000000081400000, 0x0000000081500000, 0x0000000081500000|100%| O|  |TAMS 0x0000000081500000, 0x0000000081400000| Untracked 
|  21|0x0000000081500000, 0x0000000081600000, 0x0000000081600000|100%| O|  |TAMS 0x0000000081600000, 0x0000000081500000| Untracked 
|  22|0x0000000081600000, 0x0000000081700000, 0x0000000081700000|100%| O|  |TAMS 0x0000000081700000, 0x0000000081600000| Untracked 
|  23|0x0000000081700000, 0x0000000081800000, 0x0000000081800000|100%|HS|  |TAMS 0x0000000081800000, 0x0000000081700000| Complete 
|  24|0x0000000081800000, 0x0000000081900000, 0x0000000081900000|100%|HC|  |TAMS 0x0000000081900000, 0x0000000081800000| Complete 
|  25|0x0000000081900000, 0x0000000081a00000, 0x0000000081a00000|100%| O|  |TAMS 0x0000000081a00000, 0x0000000081900000| Untracked 
|  26|0x0000000081a00000, 0x0000000081b00000, 0x0000000081b00000|100%| O|  |TAMS 0x0000000081b00000, 0x0000000081a00000| Untracked 
|  27|0x0000000081b00000, 0x0000000081c00000, 0x0000000081c00000|100%| O|  |TAMS 0x0000000081c00000, 0x0000000081b00000| Untracked 
|  28|0x0000000081c00000, 0x0000000081d00000, 0x0000000081d00000|100%| O|  |TAMS 0x0000000081d00000, 0x0000000081c00000| Untracked 
|  29|0x0000000081d00000, 0x0000000081e00000, 0x0000000081e00000|100%| O|  |TAMS 0x0000000081e00000, 0x0000000081d00000| Untracked 
|  30|0x0000000081e00000, 0x0000000081f00000, 0x0000000081f00000|100%| O|  |TAMS 0x0000000081f00000, 0x0000000081e00000| Untracked 
|  31|0x0000000081f00000, 0x0000000082000000, 0x0000000082000000|100%| O|  |TAMS 0x0000000082000000, 0x0000000081f00000| Untracked 
|  32|0x0000000082000000, 0x0000000082100000, 0x0000000082100000|100%| O|  |TAMS 0x0000000082100000, 0x0000000082000000| Untracked 
|  33|0x0000000082100000, 0x0000000082200000, 0x0000000082200000|100%|HS|  |TAMS 0x0000000082100000, 0x0000000082100000| Complete 
|  34|0x0000000082200000, 0x0000000082300000, 0x0000000082300000|100%| O|  |TAMS 0x0000000082300000, 0x0000000082200000| Untracked 
|  35|0x0000000082300000, 0x0000000082400000, 0x0000000082400000|100%| O|  |TAMS 0x0000000082400000, 0x0000000082300000| Untracked 
|  36|0x0000000082400000, 0x0000000082500000, 0x0000000082500000|100%| O|  |TAMS 0x0000000082500000, 0x0000000082400000| Untracked 
|  37|0x0000000082500000, 0x0000000082600000, 0x0000000082600000|100%| O|  |TAMS 0x0000000082600000, 0x0000000082500000| Untracked 
|  38|0x0000000082600000, 0x0000000082700000, 0x0000000082700000|100%| O|  |TAMS 0x0000000082700000, 0x0000000082600000| Untracked 
|  39|0x0000000082700000, 0x0000000082800000, 0x0000000082800000|100%| O|  |TAMS 0x0000000082800000, 0x0000000082700000| Untracked 
|  40|0x0000000082800000, 0x0000000082900000, 0x0000000082900000|100%| O|  |TAMS 0x0000000082900000, 0x0000000082800000| Untracked 
|  41|0x0000000082900000, 0x0000000082a00000, 0x0000000082a00000|100%| O|  |TAMS 0x0000000082a00000, 0x0000000082900000| Untracked 
|  42|0x0000000082a00000, 0x0000000082b00000, 0x0000000082b00000|100%| O|  |TAMS 0x0000000082b00000, 0x0000000082a00000| Untracked 
|  43|0x0000000082b00000, 0x0000000082c00000, 0x0000000082c00000|100%| O|  |TAMS 0x0000000082c00000, 0x0000000082b00000| Untracked 
|  44|0x0000000082c00000, 0x0000000082d00000, 0x0000000082d00000|100%| O|  |TAMS 0x0000000082d00000, 0x0000000082c00000| Untracked 
|  45|0x0000000082d00000, 0x0000000082e00000, 0x0000000082e00000|100%|HS|  |TAMS 0x0000000082d00000, 0x0000000082d00000| Complete 
|  46|0x0000000082e00000, 0x0000000082f00000, 0x0000000082f00000|100%| O|  |TAMS 0x0000000082f00000, 0x0000000082e00000| Untracked 
|  47|0x0000000082f00000, 0x0000000083000000, 0x0000000083000000|100%| O|  |TAMS 0x0000000083000000, 0x0000000082f00000| Untracked 
|  48|0x0000000083000000, 0x0000000083100000, 0x0000000083100000|100%| O|  |TAMS 0x0000000083000000, 0x0000000083000000| Untracked 
|  49|0x0000000083100000, 0x0000000083200000, 0x0000000083200000|100%| O|  |TAMS 0x0000000083200000, 0x0000000083100000| Untracked 
|  50|0x0000000083200000, 0x0000000083300000, 0x0000000083300000|100%| O|  |TAMS 0x0000000083300000, 0x0000000083200000| Untracked 
|  51|0x0000000083300000, 0x0000000083400000, 0x0000000083400000|100%| O|  |TAMS 0x0000000083400000, 0x0000000083300000| Untracked 
|  52|0x0000000083400000, 0x0000000083500000, 0x0000000083500000|100%| O|  |TAMS 0x0000000083500000, 0x0000000083400000| Untracked 
|  53|0x0000000083500000, 0x0000000083600000, 0x0000000083600000|100%| O|  |TAMS 0x0000000083500000, 0x0000000083500000| Untracked 
|  54|0x0000000083600000, 0x0000000083700000, 0x0000000083700000|100%| O|  |TAMS 0x0000000083700000, 0x0000000083600000| Untracked 
|  55|0x0000000083700000, 0x0000000083800000, 0x0000000083800000|100%| O|  |TAMS 0x0000000083800000, 0x0000000083700000| Untracked 
|  56|0x0000000083800000, 0x0000000083800000, 0x0000000083900000|  0%| F|  |TAMS 0x0000000083800000, 0x0000000083800000| Untracked 
|  57|0x0000000083900000, 0x0000000083a00000, 0x0000000083a00000|100%| O|  |TAMS 0x0000000083a00000, 0x0000000083900000| Untracked 
|  58|0x0000000083a00000, 0x0000000083b00000, 0x0000000083b00000|100%| O|  |TAMS 0x0000000083b00000, 0x0000000083a00000| Untracked 
|  59|0x0000000083b00000, 0x0000000083c00000, 0x0000000083c00000|100%| O|  |TAMS 0x0000000083c00000, 0x0000000083b00000| Untracked 
|  60|0x0000000083c00000, 0x0000000083d00000, 0x0000000083d00000|100%| O|  |TAMS 0x0000000083d00000, 0x0000000083c00000| Untracked 
|  61|0x0000000083d00000, 0x0000000083e00000, 0x0000000083e00000|100%| O|  |TAMS 0x0000000083e00000, 0x0000000083d00000| Untracked 
|  62|0x0000000083e00000, 0x0000000083f00000, 0x0000000083f00000|100%| O|  |TAMS 0x0000000083f00000, 0x0000000083e00000| Untracked 
|  63|0x0000000083f00000, 0x0000000084000000, 0x0000000084000000|100%| O|  |TAMS 0x0000000084000000, 0x0000000083f00000| Untracked 
|  64|0x0000000084000000, 0x0000000084100000, 0x0000000084100000|100%| O|  |TAMS 0x0000000084100000, 0x0000000084000000| Untracked 
|  65|0x0000000084100000, 0x0000000084200000, 0x0000000084200000|100%| O|  |TAMS 0x0000000084200000, 0x0000000084100000| Untracked 
|  66|0x0000000084200000, 0x0000000084300000, 0x0000000084300000|100%| O|  |TAMS 0x0000000084200000, 0x0000000084200000| Untracked 
|  67|0x0000000084300000, 0x0000000084300000, 0x0000000084400000|  0%| F|  |TAMS 0x0000000084300000, 0x0000000084300000| Untracked 
|  68|0x0000000084400000, 0x0000000084400000, 0x0000000084500000|  0%| F|  |TAMS 0x0000000084400000, 0x0000000084400000| Untracked 
|  69|0x0000000084500000, 0x0000000084600000, 0x0000000084600000|100%| O|  |TAMS 0x0000000084500000, 0x0000000084500000| Untracked 
|  70|0x0000000084600000, 0x0000000084700000, 0x0000000084700000|100%| O|  |TAMS 0x0000000084700000, 0x0000000084600000| Untracked 
|  71|0x0000000084700000, 0x0000000084800000, 0x0000000084800000|100%| O|  |TAMS 0x0000000084800000, 0x0000000084700000| Untracked 
|  72|0x0000000084800000, 0x0000000084900000, 0x0000000084900000|100%| O|  |TAMS 0x0000000084900000, 0x0000000084800000| Untracked 
|  73|0x0000000084900000, 0x0000000084a00000, 0x0000000084a00000|100%| O|  |TAMS 0x0000000084900000, 0x0000000084900000| Untracked 
|  74|0x0000000084a00000, 0x0000000084b00000, 0x0000000084b00000|100%| O|  |TAMS 0x0000000084a00000, 0x0000000084a00000| Untracked 
|  75|0x0000000084b00000, 0x0000000084c00000, 0x0000000084c00000|100%| O|  |TAMS 0x0000000084c00000, 0x0000000084b00000| Untracked 
|  76|0x0000000084c00000, 0x0000000084d00000, 0x0000000084d00000|100%| O|  |TAMS 0x0000000084c00000, 0x0000000084c00000| Untracked 
|  77|0x0000000084d00000, 0x0000000084e00000, 0x0000000084e00000|100%| O|  |TAMS 0x0000000084d00000, 0x0000000084d00000| Untracked 
|  78|0x0000000084e00000, 0x0000000084ea0e00, 0x0000000084f00000| 62%| O|  |TAMS 0x0000000084e00000, 0x0000000084e00000| Untracked 
|  79|0x0000000084f00000, 0x0000000084f00000, 0x0000000085000000|  0%| F|  |TAMS 0x0000000084f00000, 0x0000000084f00000| Untracked 
|  80|0x0000000085000000, 0x0000000085100000, 0x0000000085100000|100%| O|  |TAMS 0x0000000085100000, 0x0000000085000000| Untracked 
|  81|0x0000000085100000, 0x0000000085200000, 0x0000000085200000|100%| O|  |TAMS 0x0000000085200000, 0x0000000085100000| Untracked 
|  82|0x0000000085200000, 0x0000000085300000, 0x0000000085300000|100%| O|  |TAMS 0x0000000085300000, 0x0000000085200000| Untracked 
|  83|0x0000000085300000, 0x0000000085400000, 0x0000000085400000|100%| O|  |TAMS 0x0000000085400000, 0x0000000085300000| Untracked 
|  84|0x0000000085400000, 0x0000000085400000, 0x0000000085500000|  0%| F|  |TAMS 0x0000000085400000, 0x0000000085400000| Untracked 
|  85|0x0000000085500000, 0x0000000085500000, 0x0000000085600000|  0%| F|  |TAMS 0x0000000085500000, 0x0000000085500000| Untracked 
|  86|0x0000000085600000, 0x0000000085600000, 0x0000000085700000|  0%| F|  |TAMS 0x0000000085600000, 0x0000000085600000| Untracked 
|  87|0x0000000085700000, 0x0000000085700000, 0x0000000085800000|  0%| F|  |TAMS 0x0000000085700000, 0x0000000085700000| Untracked 
|  88|0x0000000085800000, 0x0000000085900000, 0x0000000085900000|100%| O|  |TAMS 0x0000000085900000, 0x0000000085800000| Untracked 
|  89|0x0000000085900000, 0x0000000085900000, 0x0000000085a00000|  0%| F|  |TAMS 0x0000000085900000, 0x0000000085900000| Untracked 
|  90|0x0000000085a00000, 0x0000000085a00000, 0x0000000085b00000|  0%| F|  |TAMS 0x0000000085a00000, 0x0000000085a00000| Untracked 
|  91|0x0000000085b00000, 0x0000000085b00000, 0x0000000085c00000|  0%| F|  |TAMS 0x0000000085b00000, 0x0000000085b00000| Untracked 
|  92|0x0000000085c00000, 0x0000000085c00000, 0x0000000085d00000|  0%| F|  |TAMS 0x0000000085c00000, 0x0000000085c00000| Untracked 
|  93|0x0000000085d00000, 0x0000000085d00000, 0x0000000085e00000|  0%| F|  |TAMS 0x0000000085d00000, 0x0000000085d00000| Untracked 
|  94|0x0000000085e00000, 0x0000000085e00000, 0x0000000085f00000|  0%| F|  |TAMS 0x0000000085e00000, 0x0000000085e00000| Untracked 
|  95|0x0000000085f00000, 0x0000000085f00000, 0x0000000086000000|  0%| F|  |TAMS 0x0000000085f00000, 0x0000000085f00000| Untracked 
|  96|0x0000000086000000, 0x0000000086100000, 0x0000000086100000|100%| O|  |TAMS 0x0000000086100000, 0x0000000086000000| Untracked 
|  97|0x0000000086100000, 0x0000000086200000, 0x0000000086200000|100%| O|  |TAMS 0x0000000086200000, 0x0000000086100000| Untracked 
|  98|0x0000000086200000, 0x0000000086200000, 0x0000000086300000|  0%| F|  |TAMS 0x0000000086200000, 0x0000000086200000| Untracked 
|  99|0x0000000086300000, 0x0000000086300000, 0x0000000086400000|  0%| F|  |TAMS 0x0000000086300000, 0x0000000086300000| Untracked 
| 100|0x0000000086400000, 0x0000000086400000, 0x0000000086500000|  0%| F|  |TAMS 0x0000000086400000, 0x0000000086400000| Untracked 
| 101|0x0000000086500000, 0x0000000086500000, 0x0000000086600000|  0%| F|  |TAMS 0x0000000086500000, 0x0000000086500000| Untracked 
| 102|0x0000000086600000, 0x0000000086600000, 0x0000000086700000|  0%| F|  |TAMS 0x0000000086600000, 0x0000000086600000| Untracked 
| 103|0x0000000086700000, 0x0000000086700000, 0x0000000086800000|  0%| F|  |TAMS 0x0000000086700000, 0x0000000086700000| Untracked 
| 104|0x0000000086800000, 0x0000000086800000, 0x0000000086900000|  0%| F|  |TAMS 0x0000000086800000, 0x0000000086800000| Untracked 
| 105|0x0000000086900000, 0x0000000086900000, 0x0000000086a00000|  0%| F|  |TAMS 0x0000000086900000, 0x0000000086900000| Untracked 
| 106|0x0000000086a00000, 0x0000000086a00000, 0x0000000086b00000|  0%| F|  |TAMS 0x0000000086a00000, 0x0000000086a00000| Untracked 
| 107|0x0000000086b00000, 0x0000000086b00000, 0x0000000086c00000|  0%| F|  |TAMS 0x0000000086b00000, 0x0000000086b00000| Untracked 
| 108|0x0000000086c00000, 0x0000000086c00000, 0x0000000086d00000|  0%| F|  |TAMS 0x0000000086c00000, 0x0000000086c00000| Untracked 
| 109|0x0000000086d00000, 0x0000000086e00000, 0x0000000086e00000|100%| O|  |TAMS 0x0000000086e00000, 0x0000000086d00000| Untracked 
| 110|0x0000000086e00000, 0x0000000086e00000, 0x0000000086f00000|  0%| F|  |TAMS 0x0000000086e00000, 0x0000000086e00000| Untracked 
| 111|0x0000000086f00000, 0x0000000087000000, 0x0000000087000000|100%| O|  |TAMS 0x0000000087000000, 0x0000000086f00000| Untracked 
| 112|0x0000000087000000, 0x0000000087100000, 0x0000000087100000|100%| O|  |TAMS 0x0000000087100000, 0x0000000087000000| Untracked 
| 113|0x0000000087100000, 0x0000000087200000, 0x0000000087200000|100%| O|  |TAMS 0x0000000087200000, 0x0000000087100000| Untracked 
| 114|0x0000000087200000, 0x0000000087300000, 0x0000000087300000|100%| O|  |TAMS 0x0000000087300000, 0x0000000087200000| Untracked 
| 115|0x0000000087300000, 0x0000000087400000, 0x0000000087400000|100%| O|  |TAMS 0x0000000087400000, 0x0000000087300000| Untracked 
| 116|0x0000000087400000, 0x0000000087500000, 0x0000000087500000|100%| O|  |TAMS 0x0000000087500000, 0x0000000087400000| Untracked 
| 117|0x0000000087500000, 0x0000000087600000, 0x0000000087600000|100%| O|  |TAMS 0x0000000087600000, 0x0000000087500000| Untracked 
| 118|0x0000000087600000, 0x0000000087700000, 0x0000000087700000|100%| O|  |TAMS 0x0000000087700000, 0x0000000087600000| Untracked 
| 119|0x0000000087700000, 0x0000000087800000, 0x0000000087800000|100%| O|  |TAMS 0x0000000087800000, 0x0000000087700000| Untracked 
| 120|0x0000000087800000, 0x0000000087800000, 0x0000000087900000|  0%| F|  |TAMS 0x0000000087800000, 0x0000000087800000| Untracked 
| 121|0x0000000087900000, 0x0000000087a00000, 0x0000000087a00000|100%| O|  |TAMS 0x0000000087900000, 0x0000000087900000| Untracked 
| 122|0x0000000087a00000, 0x0000000087a00000, 0x0000000087b00000|  0%| F|  |TAMS 0x0000000087a00000, 0x0000000087a00000| Untracked 
| 123|0x0000000087b00000, 0x0000000087b00000, 0x0000000087c00000|  0%| F|  |TAMS 0x0000000087b00000, 0x0000000087b00000| Untracked 
| 124|0x0000000087c00000, 0x0000000087c00000, 0x0000000087d00000|  0%| F|  |TAMS 0x0000000087c00000, 0x0000000087c00000| Untracked 
| 125|0x0000000087d00000, 0x0000000087d00000, 0x0000000087e00000|  0%| F|  |TAMS 0x0000000087d00000, 0x0000000087d00000| Untracked 
| 126|0x0000000087e00000, 0x0000000087e00000, 0x0000000087f00000|  0%| F|  |TAMS 0x0000000087e00000, 0x0000000087e00000| Untracked 
| 127|0x0000000087f00000, 0x0000000087f00000, 0x0000000088000000|  0%| F|  |TAMS 0x0000000087f00000, 0x0000000087f00000| Untracked 
| 128|0x0000000088000000, 0x0000000088000000, 0x0000000088100000|  0%| F|  |TAMS 0x0000000088000000, 0x0000000088000000| Untracked 
| 129|0x0000000088100000, 0x0000000088100000, 0x0000000088200000|  0%| F|  |TAMS 0x0000000088100000, 0x0000000088100000| Untracked 
| 130|0x0000000088200000, 0x0000000088200000, 0x0000000088300000|  0%| F|  |TAMS 0x0000000088200000, 0x0000000088200000| Untracked 
| 131|0x0000000088300000, 0x0000000088300000, 0x0000000088400000|  0%| F|  |TAMS 0x0000000088300000, 0x0000000088300000| Untracked 
| 132|0x0000000088400000, 0x0000000088400000, 0x0000000088500000|  0%| F|  |TAMS 0x0000000088400000, 0x0000000088400000| Untracked 
| 133|0x0000000088500000, 0x0000000088500000, 0x0000000088600000|  0%| F|  |TAMS 0x0000000088500000, 0x0000000088500000| Untracked 
| 134|0x0000000088600000, 0x0000000088600000, 0x0000000088700000|  0%| F|  |TAMS 0x0000000088600000, 0x0000000088600000| Untracked 
| 135|0x0000000088700000, 0x0000000088700000, 0x0000000088800000|  0%| F|  |TAMS 0x0000000088700000, 0x0000000088700000| Untracked 
| 136|0x0000000088800000, 0x0000000088800000, 0x0000000088900000|  0%| F|  |TAMS 0x0000000088800000, 0x0000000088800000| Untracked 
| 137|0x0000000088900000, 0x0000000088900000, 0x0000000088a00000|  0%| F|  |TAMS 0x0000000088900000, 0x0000000088900000| Untracked 
| 138|0x0000000088a00000, 0x0000000088a00000, 0x0000000088b00000|  0%| F|  |TAMS 0x0000000088a00000, 0x0000000088a00000| Untracked 
| 139|0x0000000088b00000, 0x0000000088b00000, 0x0000000088c00000|  0%| F|  |TAMS 0x0000000088b00000, 0x0000000088b00000| Untracked 
| 140|0x0000000088c00000, 0x0000000088c00000, 0x0000000088d00000|  0%| F|  |TAMS 0x0000000088c00000, 0x0000000088c00000| Untracked 
| 141|0x0000000088d00000, 0x0000000088d00000, 0x0000000088e00000|  0%| F|  |TAMS 0x0000000088d00000, 0x0000000088d00000| Untracked 
| 142|0x0000000088e00000, 0x0000000088e00000, 0x0000000088f00000|  0%| F|  |TAMS 0x0000000088e00000, 0x0000000088e00000| Untracked 
| 143|0x0000000088f00000, 0x0000000088f6de10, 0x0000000089000000| 42%| S|CS|TAMS 0x0000000088f00000, 0x0000000088f00000| Complete 
| 144|0x0000000089000000, 0x0000000089100000, 0x0000000089100000|100%| S|CS|TAMS 0x0000000089000000, 0x0000000089000000| Complete 
| 145|0x0000000089100000, 0x0000000089200000, 0x0000000089200000|100%| S|CS|TAMS 0x0000000089100000, 0x0000000089100000| Complete 
| 146|0x0000000089200000, 0x0000000089200000, 0x0000000089300000|  0%| F|  |TAMS 0x0000000089200000, 0x0000000089200000| Untracked 
| 147|0x0000000089300000, 0x0000000089300000, 0x0000000089400000|  0%| F|  |TAMS 0x0000000089300000, 0x0000000089300000| Untracked 
| 148|0x0000000089400000, 0x0000000089400000, 0x0000000089500000|  0%| F|  |TAMS 0x0000000089400000, 0x0000000089400000| Untracked 
| 149|0x0000000089500000, 0x0000000089500000, 0x0000000089600000|  0%| F|  |TAMS 0x0000000089500000, 0x0000000089500000| Untracked 
| 150|0x0000000089600000, 0x0000000089600000, 0x0000000089700000|  0%| F|  |TAMS 0x0000000089600000, 0x0000000089600000| Untracked 
| 151|0x0000000089700000, 0x0000000089700000, 0x0000000089800000|  0%| F|  |TAMS 0x0000000089700000, 0x0000000089700000| Untracked 
| 152|0x0000000089800000, 0x0000000089800000, 0x0000000089900000|  0%| F|  |TAMS 0x0000000089800000, 0x0000000089800000| Untracked 
| 153|0x0000000089900000, 0x0000000089900000, 0x0000000089a00000|  0%| F|  |TAMS 0x0000000089900000, 0x0000000089900000| Untracked 
| 154|0x0000000089a00000, 0x0000000089a00000, 0x0000000089b00000|  0%| F|  |TAMS 0x0000000089a00000, 0x0000000089a00000| Untracked 
| 155|0x0000000089b00000, 0x0000000089b00000, 0x0000000089c00000|  0%| F|  |TAMS 0x0000000089b00000, 0x0000000089b00000| Untracked 
| 156|0x0000000089c00000, 0x0000000089c00000, 0x0000000089d00000|  0%| F|  |TAMS 0x0000000089c00000, 0x0000000089c00000| Untracked 
| 157|0x0000000089d00000, 0x0000000089d00000, 0x0000000089e00000|  0%| F|  |TAMS 0x0000000089d00000, 0x0000000089d00000| Untracked 
| 158|0x0000000089e00000, 0x0000000089e4f840, 0x0000000089f00000| 31%| E|  |TAMS 0x0000000089e00000, 0x0000000089e00000| Complete 
| 159|0x0000000089f00000, 0x000000008a000000, 0x000000008a000000|100%| E|CS|TAMS 0x0000000089f00000, 0x0000000089f00000| Complete 
| 160|0x000000008a000000, 0x000000008a100000, 0x000000008a100000|100%| E|CS|TAMS 0x000000008a000000, 0x000000008a000000| Complete 
| 161|0x000000008a100000, 0x000000008a200000, 0x000000008a200000|100%| E|CS|TAMS 0x000000008a100000, 0x000000008a100000| Complete 
| 162|0x000000008a200000, 0x000000008a300000, 0x000000008a300000|100%| E|CS|TAMS 0x000000008a200000, 0x000000008a200000| Complete 
| 163|0x000000008a300000, 0x000000008a400000, 0x000000008a400000|100%| E|CS|TAMS 0x000000008a300000, 0x000000008a300000| Complete 
| 164|0x000000008a400000, 0x000000008a500000, 0x000000008a500000|100%| E|CS|TAMS 0x000000008a400000, 0x000000008a400000| Complete 
| 165|0x000000008a500000, 0x000000008a600000, 0x000000008a600000|100%| E|CS|TAMS 0x000000008a500000, 0x000000008a500000| Complete 
| 166|0x000000008a600000, 0x000000008a700000, 0x000000008a700000|100%| E|CS|TAMS 0x000000008a600000, 0x000000008a600000| Complete 
| 167|0x000000008a700000, 0x000000008a800000, 0x000000008a800000|100%| E|CS|TAMS 0x000000008a700000, 0x000000008a700000| Complete 
| 168|0x000000008a800000, 0x000000008a900000, 0x000000008a900000|100%| E|CS|TAMS 0x000000008a800000, 0x000000008a800000| Complete 
| 169|0x000000008a900000, 0x000000008aa00000, 0x000000008aa00000|100%| E|CS|TAMS 0x000000008a900000, 0x000000008a900000| Complete 
| 170|0x000000008aa00000, 0x000000008ab00000, 0x000000008ab00000|100%| E|CS|TAMS 0x000000008aa00000, 0x000000008aa00000| Complete 
| 171|0x000000008ab00000, 0x000000008ac00000, 0x000000008ac00000|100%| E|CS|TAMS 0x000000008ab00000, 0x000000008ab00000| Complete 
| 172|0x000000008ac00000, 0x000000008ad00000, 0x000000008ad00000|100%| E|CS|TAMS 0x000000008ac00000, 0x000000008ac00000| Complete 
| 173|0x000000008ad00000, 0x000000008ae00000, 0x000000008ae00000|100%| E|CS|TAMS 0x000000008ad00000, 0x000000008ad00000| Complete 
| 174|0x000000008ae00000, 0x000000008af00000, 0x000000008af00000|100%| E|CS|TAMS 0x000000008ae00000, 0x000000008ae00000| Complete 
| 175|0x000000008af00000, 0x000000008b000000, 0x000000008b000000|100%| E|CS|TAMS 0x000000008af00000, 0x000000008af00000| Complete 
| 176|0x000000008b000000, 0x000000008b100000, 0x000000008b100000|100%| E|CS|TAMS 0x000000008b000000, 0x000000008b000000| Complete 
| 177|0x000000008b100000, 0x000000008b200000, 0x000000008b200000|100%| E|CS|TAMS 0x000000008b100000, 0x000000008b100000| Complete 
| 178|0x000000008b200000, 0x000000008b300000, 0x000000008b300000|100%| E|CS|TAMS 0x000000008b200000, 0x000000008b200000| Complete 
| 179|0x000000008b300000, 0x000000008b400000, 0x000000008b400000|100%| E|CS|TAMS 0x000000008b300000, 0x000000008b300000| Complete 
| 180|0x000000008b400000, 0x000000008b500000, 0x000000008b500000|100%| E|CS|TAMS 0x000000008b400000, 0x000000008b400000| Complete 
| 181|0x000000008b500000, 0x000000008b600000, 0x000000008b600000|100%| E|CS|TAMS 0x000000008b500000, 0x000000008b500000| Complete 
| 182|0x000000008b600000, 0x000000008b700000, 0x000000008b700000|100%| E|CS|TAMS 0x000000008b600000, 0x000000008b600000| Complete 

Card table byte_map: [0x00000195a87d0000,0x00000195a8bd0000] _byte_map_base: 0x00000195a83d0000

Marking Bits (Prev, Next): (CMBitMap*) 0x000001959575a5b0, (CMBitMap*) 0x000001959575a578
 Prev Bits: [0x00000195aafd0000, 0x00000195acfd0000)
 Next Bits: [0x00000195a8fd0000, 0x00000195aafd0000)

Polling page: 0x0000019593530000

Metaspace:

Usage:
  Non-class:     97.75 MB capacity,    95.87 MB ( 98%) used,     1.54 MB (  2%) free+waste,   341.00 KB ( <1%) overhead. 
      Class:     14.85 MB capacity,    13.81 MB ( 93%) used,   903.73 KB (  6%) free+waste,   156.19 KB (  1%) overhead. 
       Both:    112.60 MB capacity,   109.69 MB ( 97%) used,     2.42 MB (  2%) free+waste,   497.19 KB ( <1%) overhead. 

Virtual space:
  Non-class space:       98.00 MB reserved,      97.75 MB (>99%) committed 
      Class space:        1.00 GB reserved,      14.95 MB (  1%) committed 
             Both:        1.10 GB reserved,     112.70 MB ( 10%) committed 

Chunk freelists:
   Non-Class:  2.00 KB
       Class:  0 bytes
        Both:  2.00 KB

MaxMetaspaceSize: 17179869184.00 GB
CompressedClassSpaceSize: 1.00 GB

CodeHeap 'non-profiled nmethods': size=120000Kb used=11111Kb max_used=11347Kb free=108888Kb
 bounds [0x00000195a0b70000, 0x00000195a1690000, 0x00000195a80a0000]
CodeHeap 'profiled nmethods': size=120000Kb used=33155Kb max_used=35322Kb free=86844Kb
 bounds [0x0000019599640000, 0x000001959b8d0000, 0x00000195a0b70000]
CodeHeap 'non-nmethods': size=5760Kb used=2330Kb max_used=2399Kb free=3429Kb
 bounds [0x00000195990a0000, 0x0000019599310000, 0x0000019599640000]
 total_blobs=16735 nmethods=15801 adapters=844
 compilation: enabled
              stopped_count=0, restarted_count=0
 full_count=0

Compilation events (20 events):
Event: 178.019 Thread 0x00000195b02be000 nmethod 17307 0x00000195a0d86410 code [0x00000195a0d865c0, 0x00000195a0d86678]
Event: 178.019 Thread 0x00000195b02be000 17316       3       com.android.zipflinger.Ints::uintToLong (7 bytes)
Event: 178.019 Thread 0x00000195b02be000 nmethod 17316 0x00000195996e2910 code [0x00000195996e2ac0, 0x00000195996e2bb8]
Event: 178.019 Thread 0x00000195b02be000 17308       1       com.android.zipflinger.Entry::setCompressionFlag (6 bytes)
Event: 178.019 Thread 0x00000195b02be000 nmethod 17308 0x00000195a0d86110 code [0x00000195a0d862c0, 0x00000195a0d86378]
Event: 178.019 Thread 0x00000195b02be000 17309       1       com.android.zipflinger.Entry::setCrc (6 bytes)
Event: 178.019 Thread 0x00000195b02be000 nmethod 17309 0x00000195a0d85e10 code [0x00000195a0d85fc0, 0x00000195a0d86078]
Event: 178.019 Thread 0x00000195b02be000 17310       1       com.android.zipflinger.Entry::setCompressedSize (6 bytes)
Event: 178.019 Thread 0x00000195b02be000 nmethod 17310 0x00000195a0d85b10 code [0x00000195a0d85cc0, 0x00000195a0d85d78]
Event: 178.019 Thread 0x00000195b02be000 17311       1       com.android.zipflinger.Entry::setUncompressedSize (6 bytes)
Event: 178.019 Thread 0x00000195b02be000 nmethod 17311 0x00000195a0d85810 code [0x00000195a0d859c0, 0x00000195a0d85a78]
Event: 178.019 Thread 0x00000195b02be000 17312       1       com.android.zipflinger.Entry::setExternalAttributes (6 bytes)
Event: 178.019 Thread 0x00000195b02be000 nmethod 17312 0x00000195a0d87910 code [0x00000195a0d87ac0, 0x00000195a0d87b78]
Event: 178.019 Thread 0x00000195b02be000 17313       1       com.android.zipflinger.Entry::setPayloadLocation (6 bytes)
Event: 178.019 Thread 0x00000195b02be000 nmethod 17313 0x00000195a0d87610 code [0x00000195a0d877c0, 0x00000195a0d878b8]
Event: 178.019 Thread 0x00000195b02be000 17314       1       com.android.zipflinger.Entry::setCdLocation (6 bytes)
Event: 178.019 Thread 0x00000195b02be000 nmethod 17314 0x00000195a0d87310 code [0x00000195a0d874c0, 0x00000195a0d875b8]
Event: 178.019 Thread 0x00000195b02be000 17317   !   3       sun.nio.ch.FileChannelImpl::read (105 bytes)
Event: 178.020 Thread 0x00000195b02be000 nmethod 17317 0x0000019599790590 code [0x0000019599790800, 0x0000019599791198]
Event: 178.020 Thread 0x00000195b02be000 17318   !   3       sun.nio.ch.FileChannelImpl::readInternal (253 bytes)

GC Heap History (20 events):
Event: 176.400 GC heap before
{Heap before GC invocations=52 (full 0):
 garbage-first heap   total 155648K, used 131568K [0x0000000080000000, 0x0000000100000000)
  region size 1024K, 20 young (20480K), 3 survivors (3072K)
 Metaspace       used 103177K, capacity 105676K, committed 105932K, reserved 1140736K
  class space    used 12852K, capacity 13671K, committed 13772K, reserved 1048576K
}
Event: 176.405 GC heap after
{Heap after GC invocations=53 (full 0):
 garbage-first heap   total 155648K, used 119654K [0x0000000080000000, 0x0000000100000000)
  region size 1024K, 3 young (3072K), 3 survivors (3072K)
 Metaspace       used 103177K, capacity 105676K, committed 105932K, reserved 1140736K
  class space    used 12852K, capacity 13671K, committed 13772K, reserved 1048576K
}
Event: 176.439 GC heap before
{Heap before GC invocations=53 (full 0):
 garbage-first heap   total 155648K, used 130918K [0x0000000080000000, 0x0000000100000000)
  region size 1024K, 15 young (15360K), 3 survivors (3072K)
 Metaspace       used 103711K, capacity 106228K, committed 106444K, reserved 1142784K
  class space    used 12916K, capacity 13749K, committed 13772K, reserved 1048576K
}
Event: 176.445 GC heap after
{Heap after GC invocations=54 (full 0):
 garbage-first heap   total 155648K, used 123144K [0x0000000080000000, 0x0000000100000000)
  region size 1024K, 2 young (2048K), 2 survivors (2048K)
 Metaspace       used 103711K, capacity 106228K, committed 106444K, reserved 1142784K
  class space    used 12916K, capacity 13749K, committed 13772K, reserved 1048576K
}
Event: 176.526 GC heap before
{Heap before GC invocations=54 (full 0):
 garbage-first heap   total 155648K, used 132360K [0x0000000080000000, 0x0000000100000000)
  region size 1024K, 11 young (11264K), 2 survivors (2048K)
 Metaspace       used 105380K, capacity 108101K, committed 108236K, reserved 1142784K
  class space    used 13209K, capacity 14151K, committed 14284K, reserved 1048576K
}
Event: 176.530 GC heap after
{Heap after GC invocations=55 (full 0):
 garbage-first heap   total 155648K, used 124619K [0x0000000080000000, 0x0000000100000000)
  region size 1024K, 1 young (1024K), 1 survivors (1024K)
 Metaspace       used 105380K, capacity 108101K, committed 108236K, reserved 1142784K
  class space    used 13209K, capacity 14151K, committed 14284K, reserved 1048576K
}
Event: 176.624 GC heap before
{Heap before GC invocations=55 (full 0):
 garbage-first heap   total 155648K, used 132811K [0x0000000080000000, 0x0000000100000000)
  region size 1024K, 9 young (9216K), 1 survivors (1024K)
 Metaspace       used 107228K, capacity 110045K, committed 110412K, reserved 1144832K
  class space    used 13527K, capacity 14554K, committed 14668K, reserved 1048576K
}
Event: 176.627 GC heap after
{Heap after GC invocations=56 (full 0):
 garbage-first heap   total 155648K, used 124796K [0x0000000080000000, 0x0000000100000000)
  region size 1024K, 2 young (2048K), 2 survivors (2048K)
 Metaspace       used 107228K, capacity 110045K, committed 110412K, reserved 1144832K
  class space    used 13527K, capacity 14554K, committed 14668K, reserved 1048576K
}
Event: 176.699 GC heap before
{Heap before GC invocations=56 (full 0):
 garbage-first heap   total 155648K, used 132988K [0x0000000080000000, 0x0000000100000000)
  region size 1024K, 10 young (10240K), 2 survivors (2048K)
 Metaspace       used 107410K, capacity 110241K, committed 110412K, reserved 1144832K
  class space    used 13527K, capacity 14554K, committed 14668K, reserved 1048576K
}
Event: 176.702 GC heap after
{Heap after GC invocations=57 (full 0):
 garbage-first heap   total 155648K, used 125673K [0x0000000080000000, 0x0000000100000000)
  region size 1024K, 2 young (2048K), 2 survivors (2048K)
 Metaspace       used 107410K, capacity 110241K, committed 110412K, reserved 1144832K
  class space    used 13527K, capacity 14554K, committed 14668K, reserved 1048576K
}
Event: 176.791 GC heap before
{Heap before GC invocations=58 (full 0):
 garbage-first heap   total 155648K, used 128745K [0x0000000080000000, 0x0000000100000000)
  region size 1024K, 10 young (10240K), 2 survivors (2048K)
 Metaspace       used 107340K, capacity 110084K, committed 110668K, reserved 1144832K
  class space    used 13467K, capacity 14429K, committed 14668K, reserved 1048576K
}
Event: 176.794 GC heap after
{Heap after GC invocations=59 (full 0):
 garbage-first heap   total 155648K, used 121856K [0x0000000080000000, 0x0000000100000000)
  region size 1024K, 2 young (2048K), 2 survivors (2048K)
 Metaspace       used 107340K, capacity 110084K, committed 110668K, reserved 1144832K
  class space    used 13467K, capacity 14429K, committed 14668K, reserved 1048576K
}
Event: 176.826 GC heap before
{Heap before GC invocations=59 (full 0):
 garbage-first heap   total 155648K, used 126976K [0x0000000080000000, 0x0000000100000000)
  region size 1024K, 7 young (7168K), 2 survivors (2048K)
 Metaspace       used 107755K, capacity 110525K, committed 110924K, reserved 1144832K
  class space    used 13523K, capacity 14513K, committed 14668K, reserved 1048576K
}
Event: 176.829 GC heap after
{Heap after GC invocations=60 (full 0):
 garbage-first heap   total 155648K, used 104912K [0x0000000080000000, 0x0000000100000000)
  region size 1024K, 1 young (1024K), 1 survivors (1024K)
 Metaspace       used 107755K, capacity 110525K, committed 110924K, reserved 1144832K
  class space    used 13523K, capacity 14513K, committed 14668K, reserved 1048576K
}
Event: 176.858 GC heap before
{Heap before GC invocations=60 (full 0):
 garbage-first heap   total 155648K, used 111056K [0x0000000080000000, 0x0000000100000000)
  region size 1024K, 7 young (7168K), 1 survivors (1024K)
 Metaspace       used 108010K, capacity 110774K, committed 111180K, reserved 1146880K
  class space    used 13556K, capacity 14532K, committed 14668K, reserved 1048576K
}
Event: 176.868 GC heap after
{Heap after GC invocations=61 (full 0):
 garbage-first heap   total 187392K, used 94277K [0x0000000080000000, 0x0000000100000000)
  region size 1024K, 1 young (1024K), 1 survivors (1024K)
 Metaspace       used 108010K, capacity 110774K, committed 111180K, reserved 1146880K
  class space    used 13556K, capacity 14532K, committed 14668K, reserved 1048576K
}
Event: 177.174 GC heap before
{Heap before GC invocations=61 (full 0):
 garbage-first heap   total 187392K, used 127045K [0x0000000080000000, 0x0000000100000000)
  region size 1024K, 33 young (33792K), 1 survivors (1024K)
 Metaspace       used 109251K, capacity 112064K, committed 112332K, reserved 1146880K
  class space    used 13678K, capacity 14683K, committed 14796K, reserved 1048576K
}
Event: 177.178 GC heap after
{Heap after GC invocations=62 (full 0):
 garbage-first heap   total 187392K, used 94923K [0x0000000080000000, 0x0000000100000000)
  region size 1024K, 2 young (2048K), 2 survivors (2048K)
 Metaspace       used 109251K, capacity 112064K, committed 112332K, reserved 1146880K
  class space    used 13678K, capacity 14683K, committed 14796K, reserved 1048576K
}
Event: 177.599 GC heap before
{Heap before GC invocations=62 (full 0):
 garbage-first heap   total 187392K, used 131787K [0x0000000080000000, 0x0000000100000000)
  region size 1024K, 37 young (37888K), 2 survivors (2048K)
 Metaspace       used 110609K, capacity 113432K, committed 113612K, reserved 1148928K
  class space    used 13922K, capacity 14950K, committed 15052K, reserved 1048576K
}
Event: 177.603 GC heap after
{Heap after GC invocations=63 (full 0):
 garbage-first heap   total 187392K, used 97339K [0x0000000080000000, 0x0000000100000000)
  region size 1024K, 3 young (3072K), 3 survivors (3072K)
 Metaspace       used 110609K, capacity 113432K, committed 113612K, reserved 1148928K
  class space    used 13922K, capacity 14950K, committed 15052K, reserved 1048576K
}

Deoptimization events (20 events):
Event: 177.868 Thread 0x00000195b387f000 Uncommon trap: trap_request=0xffffff4d fr.pc=0x00000195a120d9ec relative=0x00000000000001ac
Event: 177.868 Thread 0x00000195b387f000 Uncommon trap: reason=unstable_if action=reinterpret pc=0x00000195a120d9ec method=java.util.regex.Pattern$GroupTail.match(Ljava/util/regex/Matcher;ILjava/lang/CharSequence;)Z @ 13 c2
Event: 177.868 Thread 0x00000195b387f000 DEOPT PACKING pc=0x00000195a120d9ec sp=0x000000929d8fd500
Event: 177.868 Thread 0x00000195b387f000 DEOPT UNPACKING pc=0x00000195990a822f sp=0x000000929d8fd4a8 mode 2
Event: 177.872 Thread 0x00000195b387f000 Uncommon trap: trap_request=0xffffffde fr.pc=0x00000195a13cff14 relative=0x0000000000000814
Event: 177.872 Thread 0x00000195b387f000 Uncommon trap: reason=class_check action=maybe_recompile pc=0x00000195a13cff14 method=com.google.common.collect.Iterables.castOrCopyToCollection(Ljava/lang/Iterable;)Ljava/util/Collection; @ 1 c2
Event: 177.872 Thread 0x00000195b387f000 DEOPT PACKING pc=0x00000195a13cff14 sp=0x000000929d8fdcd0
Event: 177.872 Thread 0x00000195b387f000 DEOPT UNPACKING pc=0x00000195990a822f sp=0x000000929d8fdbd0 mode 2
Event: 177.872 Thread 0x00000195b387f000 Uncommon trap: trap_request=0xffffffde fr.pc=0x00000195a13cff14 relative=0x0000000000000814
Event: 177.872 Thread 0x00000195b387f000 Uncommon trap: reason=class_check action=maybe_recompile pc=0x00000195a13cff14 method=com.google.common.collect.Iterables.castOrCopyToCollection(Ljava/lang/Iterable;)Ljava/util/Collection; @ 1 c2
Event: 177.872 Thread 0x00000195b387f000 DEOPT PACKING pc=0x00000195a13cff14 sp=0x000000929d8fdcd0
Event: 177.872 Thread 0x00000195b387f000 DEOPT UNPACKING pc=0x00000195990a822f sp=0x000000929d8fdbd0 mode 2
Event: 177.872 Thread 0x00000195b387f000 Uncommon trap: trap_request=0xffffffde fr.pc=0x00000195a13cff14 relative=0x0000000000000814
Event: 177.872 Thread 0x00000195b387f000 Uncommon trap: reason=class_check action=maybe_recompile pc=0x00000195a13cff14 method=com.google.common.collect.Iterables.castOrCopyToCollection(Ljava/lang/Iterable;)Ljava/util/Collection; @ 1 c2
Event: 177.872 Thread 0x00000195b387f000 DEOPT PACKING pc=0x00000195a13cff14 sp=0x000000929d8fdcd0
Event: 177.872 Thread 0x00000195b387f000 DEOPT UNPACKING pc=0x00000195990a822f sp=0x000000929d8fdbd0 mode 2
Event: 177.872 Thread 0x00000195b387f000 Uncommon trap: trap_request=0xffffffde fr.pc=0x00000195a13cff14 relative=0x0000000000000814
Event: 177.872 Thread 0x00000195b387f000 Uncommon trap: reason=class_check action=maybe_recompile pc=0x00000195a13cff14 method=com.google.common.collect.Iterables.castOrCopyToCollection(Ljava/lang/Iterable;)Ljava/util/Collection; @ 1 c2
Event: 177.872 Thread 0x00000195b387f000 DEOPT PACKING pc=0x00000195a13cff14 sp=0x000000929d8fdcd0
Event: 177.872 Thread 0x00000195b387f000 DEOPT UNPACKING pc=0x00000195990a822f sp=0x000000929d8fdbd0 mode 2

Classes redefined (0 events):
No events

Internal exceptions (20 events):
Event: 177.297 Thread 0x00000195b41de000 Exception <a 'java/lang/NoSuchMethodError'{0x000000008a78e7f0}: 'java.lang.Object java.lang.invoke.DirectMethodHandle$Holder.newInvokeSpecial(java.lang.Object, int)'> (0x000000008a78e7f0) thrown at [./src/hotspot/share/interpreter/linkResolver.cpp, line 773]
Event: 177.308 Thread 0x00000195b387f000 Exception <a 'sun/nio/fs/WindowsException'{0x000000008b63bff8}> (0x000000008b63bff8) thrown at [./src/hotspot/share/prims/jni.cpp, line 615]
Event: 177.310 Thread 0x00000195b41de000 Exception <a 'sun/nio/fs/WindowsException'{0x000000008a64f960}> (0x000000008a64f960) thrown at [./src/hotspot/share/prims/jni.cpp, line 615]
Event: 177.313 Thread 0x00000195b387f000 Exception <a 'sun/nio/fs/WindowsException'{0x000000008a67abc0}> (0x000000008a67abc0) thrown at [./src/hotspot/share/prims/jni.cpp, line 615]
Event: 177.317 Thread 0x00000195b3884800 Exception <a 'sun/nio/fs/WindowsException'{0x000000008a5440b8}> (0x000000008a5440b8) thrown at [./src/hotspot/share/prims/jni.cpp, line 615]
Event: 177.343 Thread 0x00000195b3885800 Exception <a 'sun/nio/fs/WindowsException'{0x000000008b30bcc8}> (0x000000008b30bcc8) thrown at [./src/hotspot/share/prims/jni.cpp, line 615]
Event: 177.349 Thread 0x00000195b3885800 Exception <a 'sun/nio/fs/WindowsException'{0x000000008a2ebd70}> (0x000000008a2ebd70) thrown at [./src/hotspot/share/prims/jni.cpp, line 615]
Event: 177.450 Thread 0x00000195b3881800 Exception <a 'sun/nio/fs/WindowsException'{0x0000000089dcc610}> (0x0000000089dcc610) thrown at [./src/hotspot/share/prims/jni.cpp, line 615]
Event: 177.465 Thread 0x00000195b3881800 Exception <a 'sun/nio/fs/WindowsException'{0x0000000089b89c70}> (0x0000000089b89c70) thrown at [./src/hotspot/share/prims/jni.cpp, line 615]
Event: 177.490 Thread 0x00000195b3882000 Exception <a 'sun/nio/fs/WindowsException'{0x000000008b6a3500}> (0x000000008b6a3500) thrown at [./src/hotspot/share/prims/jni.cpp, line 615]
Event: 177.513 Thread 0x00000195b3882000 Exception <a 'sun/nio/fs/WindowsException'{0x0000000089307b38}> (0x0000000089307b38) thrown at [./src/hotspot/share/prims/jni.cpp, line 615]
Event: 177.520 Thread 0x00000195b387f800 Exception <a 'sun/nio/fs/WindowsException'{0x0000000089371da0}> (0x0000000089371da0) thrown at [./src/hotspot/share/prims/jni.cpp, line 615]
Event: 177.521 Thread 0x00000195b41d8000 Exception <a 'sun/nio/fs/WindowsException'{0x00000000893627c8}> (0x00000000893627c8) thrown at [./src/hotspot/share/prims/jni.cpp, line 615]
Event: 177.530 Thread 0x00000195b387f800 Exception <a 'sun/nio/fs/WindowsException'{0x00000000892b3df0}> (0x00000000892b3df0) thrown at [./src/hotspot/share/prims/jni.cpp, line 615]
Event: 177.729 Thread 0x00000195b387f000 Exception <a 'sun/nio/fs/WindowsException'{0x000000008b02bdb0}> (0x000000008b02bdb0) thrown at [./src/hotspot/share/prims/jni.cpp, line 615]
Event: 177.736 Thread 0x00000195b387f000 Implicit null exception at 0x00000195a15574db to 0x00000195a155a630
Event: 177.821 Thread 0x00000195b387f000 Exception <a 'java/lang/NoSuchMethodError'{0x000000008acc38b8}: 'java.lang.Object java.lang.invoke.Invokers$Holder.linkToTargetMethod(java.lang.Object, java.lang.Object, java.lang.Object, java.lang.Object, int, java.lang.Object, java.lang.Object)'> (0x000000008acc38b8) thrown at [./src/hotspot/share/interpreter/linkResolver.cpp, line 773]
Event: 177.836 Thread 0x00000195b387f000 Exception <a 'java/lang/NoSuchMethodError'{0x000000008a8aa128}: 'java.lang.Object java.lang.invoke.DirectMethodHandle$Holder.invokeStatic(java.lang.Object, java.lang.Object, java.lang.Object, java.lang.Object, java.lang.Object, java.lang.Object, java.lang.Object, int)'> (0x000000008a8aa128) thrown at [./src/hotspot/share/interpreter/linkResolver.cpp, line 773]
Event: 177.836 Thread 0x00000195b387f000 Exception <a 'java/lang/NoSuchMethodError'{0x000000008a8ae560}: 'java.lang.Object java.lang.invoke.DirectMethodHandle$Holder.invokeSpecial(java.lang.Object, java.lang.Object, java.lang.Object, java.lang.Object, java.lang.Object, java.lang.Object, java.lang.Object, java.lang.Object, int)'> (0x000000008a8ae560) thrown at [./src/hotspot/share/interpreter/linkResolver.cpp, line 773]
Event: 177.836 Thread 0x00000195b387f000 Exception <a 'java/lang/NoSuchMethodError'{0x000000008a8b2318}: 'java.lang.Object java.lang.invoke.Invokers$Holder.linkToTargetMethod(java.lang.Object, java.lang.Object, java.lang.Object, java.lang.Object, java.lang.Object, java.lang.Object, int, java.lang.Object)'> (0x000000008a8b2318) thrown at [./src/hotspot/share/interpreter/linkResolver.cpp, line 773]

Events (20 events):
Event: 177.896 loading class com/android/signflinger/SignedApk
Event: 177.896 loading class com/android/signflinger/SignedApk done
Event: 177.896 loading class com/android/apksig/ApkSignerEngine
Event: 177.896 loading class com/android/apksig/ApkSignerEngine done
Event: 177.897 loading class java/security/SignatureException
Event: 177.897 loading class java/security/SignatureException done
Event: 177.897 loading class java/security/InvalidKeyException
Event: 177.897 loading class java/security/KeyException
Event: 177.897 loading class java/security/KeyException done
Event: 177.897 loading class java/security/InvalidKeyException done
Event: 177.897 loading class com/android/apksig/util/DataSource
Event: 177.897 loading class com/android/apksig/util/DataSource done
Event: 177.897 loading class com/android/apksig/apk/ApkFormatException
Event: 177.897 loading class com/android/apksig/apk/ApkFormatException done
Event: 178.015 loading class com/android/zipflinger/ZipMap
Event: 178.015 loading class com/android/zipflinger/ZipMap done
Event: 178.017 loading class com/android/zipflinger/Zip64Locator
Event: 178.017 loading class com/android/zipflinger/Zip64Locator done
Event: 178.018 loading class com/android/zipflinger/Entry
Event: 178.018 loading class com/android/zipflinger/Entry done


Dynamic libraries:
0x00007ff724bd0000 - 0x00007ff724bda000 	C:\Program Files\Android\Android Studio1\jre\bin\java.exe
0x00007ffae0cd0000 - 0x00007ffae0ec5000 	C:\Windows\SYSTEM32\ntdll.dll
0x00007ffadf190000 - 0x00007ffadf24d000 	C:\Windows\System32\KERNEL32.DLL
0x00007ffade6f0000 - 0x00007ffade9b9000 	C:\Windows\System32\KERNELBASE.dll
0x00007ffade560000 - 0x00007ffade660000 	C:\Windows\System32\ucrtbase.dll
0x00007ffad0d00000 - 0x00007ffad0d19000 	C:\Program Files\Android\Android Studio1\jre\bin\jli.dll
0x00007ffad0ce0000 - 0x00007ffad0cf7000 	C:\Program Files\Android\Android Studio1\jre\bin\VCRUNTIME140.dll
0x00007ffae0af0000 - 0x00007ffae0c90000 	C:\Windows\System32\USER32.dll
0x00007ffadea50000 - 0x00007ffadea72000 	C:\Windows\System32\win32u.dll
0x00007ffadf4b0000 - 0x00007ffadf4da000 	C:\Windows\System32\GDI32.dll
0x00007ffadec20000 - 0x00007ffaded2b000 	C:\Windows\System32\gdi32full.dll
0x00007ffadeb30000 - 0x00007ffadebcd000 	C:\Windows\System32\msvcp_win.dll
0x00007ffabb4e0000 - 0x00007ffabb77a000 	C:\Windows\WinSxS\amd64_microsoft.windows.common-controls_6595b64144ccf1df_6.0.19041.1110_none_60b5254171f9507e\COMCTL32.dll
0x00007ffaded90000 - 0x00007ffadee2e000 	C:\Windows\System32\msvcrt.dll
0x00007ffae0500000 - 0x00007ffae0530000 	C:\Windows\System32\IMM32.DLL
0x00007ffaadff0000 - 0x00007ffaae08d000 	C:\Program Files\Android\Android Studio1\jre\bin\msvcp140.dll
0x00007ffa7cbc0000 - 0x00007ffa7d67c000 	C:\Program Files\Android\Android Studio1\jre\bin\server\jvm.dll
0x00007ffae0450000 - 0x00007ffae04fc000 	C:\Windows\System32\ADVAPI32.dll
0x00007ffadf590000 - 0x00007ffadf62b000 	C:\Windows\System32\sechost.dll
0x00007ffae0950000 - 0x00007ffae0a7a000 	C:\Windows\System32\RPCRT4.dll
0x00007ffae0a80000 - 0x00007ffae0a88000 	C:\Windows\System32\PSAPI.DLL
0x00007ffacb2a0000 - 0x00007ffacb2c7000 	C:\Windows\SYSTEM32\WINMM.dll
0x00007ffac3d70000 - 0x00007ffac3d79000 	C:\Windows\SYSTEM32\WSOCK32.dll
0x00007ffad0f50000 - 0x00007ffad0f5a000 	C:\Windows\SYSTEM32\VERSION.dll
0x00007ffae05b0000 - 0x00007ffae061b000 	C:\Windows\System32\WS2_32.dll
0x00007ffadcc90000 - 0x00007ffadcca2000 	C:\Windows\SYSTEM32\kernel.appcore.dll
0x00007ffad2600000 - 0x00007ffad2611000 	C:\Program Files\Android\Android Studio1\jre\bin\verify.dll
0x00007ffadc9a0000 - 0x00007ffadcb84000 	C:\Windows\SYSTEM32\DBGHELP.DLL
0x00007fface580000 - 0x00007fface5ac000 	C:\Windows\SYSTEM32\dbgcore.DLL
0x00007ffade9c0000 - 0x00007ffadea43000 	C:\Windows\System32\bcryptPrimitives.dll
0x00007ffab0f70000 - 0x00007ffab0f99000 	C:\Program Files\Android\Android Studio1\jre\bin\java.dll
0x00007ffad63c0000 - 0x00007ffad63cb000 	C:\Program Files\Android\Android Studio1\jre\bin\jimage.dll
0x00007ffad2490000 - 0x00007ffad24a8000 	C:\Program Files\Android\Android Studio1\jre\bin\zip.dll
0x00007ffadf650000 - 0x00007ffadfd8f000 	C:\Windows\System32\SHELL32.dll
0x00007ffadc140000 - 0x00007ffadc8d0000 	C:\Windows\SYSTEM32\windows.storage.dll
0x00007ffadee30000 - 0x00007ffadf185000 	C:\Windows\System32\combase.dll
0x00007ffadde60000 - 0x00007ffadde8c000 	C:\Windows\SYSTEM32\Wldp.dll
0x00007ffae03a0000 - 0x00007ffae044e000 	C:\Windows\System32\SHCORE.dll
0x00007ffaded30000 - 0x00007ffaded85000 	C:\Windows\System32\shlwapi.dll
0x00007ffade340000 - 0x00007ffade35f000 	C:\Windows\SYSTEM32\profapi.dll
0x00007ffacb940000 - 0x00007ffacb95a000 	C:\Program Files\Android\Android Studio1\jre\bin\net.dll
0x00007ffad5780000 - 0x00007ffad5888000 	C:\Windows\SYSTEM32\WINHTTP.dll
0x00007ffaddbc0000 - 0x00007ffaddc2a000 	C:\Windows\system32\mswsock.dll
0x00007ffab0f50000 - 0x00007ffab0f64000 	C:\Program Files\Android\Android Studio1\jre\bin\nio.dll
0x00007ffad2580000 - 0x00007ffad25a7000 	C:\Users\ksm\.gradle\native\fdc75f09e3144964f2cf3f50f0aa648679c211496f362492102eb8c894070792\windows-amd64\native-platform.dll
0x00007ffaa42b0000 - 0x00007ffaa4446000 	C:\Users\ksm\.gradle\native\12488b8bf47d2d4c9fbf2f6322a914ad602e24e48041cd04a747c6da556b65c4\windows-amd64\native-platform-file-events.dll
0x00007ffad37e0000 - 0x00007ffad37ea000 	C:\Program Files\Android\Android Studio1\jre\bin\management.dll
0x00007ffad3600000 - 0x00007ffad360c000 	C:\Program Files\Android\Android Studio1\jre\bin\management_ext.dll
0x00007ffadddb0000 - 0x00007ffadddc8000 	C:\Windows\SYSTEM32\CRYPTSP.dll
0x00007ffadd4d0000 - 0x00007ffadd504000 	C:\Windows\system32\rsaenh.dll
0x00007ffade6c0000 - 0x00007ffade6e7000 	C:\Windows\System32\bcrypt.dll
0x00007ffade2c0000 - 0x00007ffade2ee000 	C:\Windows\SYSTEM32\USERENV.dll
0x00007ffadddd0000 - 0x00007ffaddddc000 	C:\Windows\SYSTEM32\CRYPTBASE.dll
0x00007ffadd860000 - 0x00007ffadd89b000 	C:\Windows\SYSTEM32\IPHLPAPI.DLL
0x00007ffadf4e0000 - 0x00007ffadf4e8000 	C:\Windows\System32\NSI.dll
0x00007ffad1750000 - 0x00007ffad1767000 	C:\Windows\SYSTEM32\dhcpcsvc6.DLL
0x00007ffad1b20000 - 0x00007ffad1b3d000 	C:\Windows\SYSTEM32\dhcpcsvc.DLL
0x00007ffadd8b0000 - 0x00007ffadd97c000 	C:\Windows\SYSTEM32\DNSAPI.dll
0x00007ffad5890000 - 0x00007ffad589b000 	C:\Windows\SYSTEM32\WINNSI.DLL
0x00007ffab0d00000 - 0x00007ffab0d27000 	C:\Program Files\Android\Android Studio1\jre\bin\sunec.dll

dbghelp: loaded successfully - version: 4.0.5 - missing functions: none
symbol engine: initialized successfully - sym options: 0x614 - pdb path: .;C:\Program Files\Android\Android Studio1\jre\bin;C:\Windows\SYSTEM32;C:\Windows\WinSxS\amd64_microsoft.windows.common-controls_6595b64144ccf1df_6.0.19041.1110_none_60b5254171f9507e;C:\Program Files\Android\Android Studio1\jre\bin\server;C:\Users\ksm\.gradle\native\fdc75f09e3144964f2cf3f50f0aa648679c211496f362492102eb8c894070792\windows-amd64;C:\Users\ksm\.gradle\native\12488b8bf47d2d4c9fbf2f6322a914ad602e24e48041cd04a747c6da556b65c4\windows-amd64

VM Arguments:
jvm_args: --add-opens=java.base/java.util=ALL-UNNAMED --add-opens=java.base/java.lang=ALL-UNNAMED --add-opens=java.base/java.lang.invoke=ALL-UNNAMED --add-opens=java.prefs/java.util.prefs=ALL-UNNAMED -Xmx2048m -Dfile.encoding=UTF-8 -Duser.country=KR -Duser.language=ko -Duser.variant 
java_command: org.gradle.launcher.daemon.bootstrap.GradleDaemon 6.7.1
java_class_path (initial): C:\Users\ksm\.gradle\wrapper\dists\gradle-6.7.1-bin\bwlcbys1h7rz3272sye1xwiv6\gradle-6.7.1\lib\gradle-launcher-6.7.1.jar
Launcher Type: SUN_STANDARD

[Global flags]
     intx CICompilerCount                          = 4                                         {product} {ergonomic}
     uint ConcGCThreads                            = 2                                         {product} {ergonomic}
     uint G1ConcRefinementThreads                  = 8                                         {product} {ergonomic}
   size_t G1HeapRegionSize                         = 1048576                                   {product} {ergonomic}
    uintx GCDrainStackTargetSize                   = 64                                        {product} {ergonomic}
   size_t InitialHeapSize                          = 130023424                                 {product} {ergonomic}
   size_t MarkStackSize                            = 4194304                                   {product} {ergonomic}
   size_t MaxHeapSize                              = 2147483648                                {product} {command line}
   size_t MaxNewSize                               = 1287651328                                {product} {ergonomic}
   size_t MinHeapDeltaBytes                        = 1048576                                   {product} {ergonomic}
    uintx NonNMethodCodeHeapSize                   = 5836300                                {pd product} {ergonomic}
    uintx NonProfiledCodeHeapSize                  = 122910970                              {pd product} {ergonomic}
    uintx ProfiledCodeHeapSize                     = 122910970                              {pd product} {ergonomic}
    uintx ReservedCodeCacheSize                    = 251658240                              {pd product} {ergonomic}
     bool SegmentedCodeCache                       = true                                      {product} {ergonomic}
     bool UseCompressedClassPointers               = true                                 {lp64_product} {ergonomic}
     bool UseCompressedOops                        = true                                 {lp64_product} {ergonomic}
     bool UseG1GC                                  = true                                      {product} {ergonomic}
     bool UseLargePagesIndividualAllocation        = false                                  {pd product} {ergonomic}

Logging:
Log output configuration:
 #0: stdout all=warning uptime,level,tags
 #1: stderr all=off uptime,level,tags

Environment Variables:
PATH=C:\Program Files\Common Files\Oracle\Java\javapath;C:\Program Files\MySQL\MySQL Workbench 8.0;C:\Program Files\dotnet\;C:\Program Files (x86)\dotnet\;D:\Git\cmd;C:\Users\ksm\AppData\Local\Microsoft\WindowsApps;C:\Users\ksm\.dotnet\tools;C:\Users\ksm\AppData\Local\Android\Sdk\tools;C:\Users\ksm\AppData\Local\Android\Sdk\platform-tools;;C:\Users\ksm\AppData\Local\Programs\Microsoft VS Code\bin;C:\Program Files (x86)\ESTsoft\ALSee\x64
USERNAME=ksm
OS=Windows_NT
PROCESSOR_IDENTIFIER=Intel64 Family 6 Model 140 Stepping 1, GenuineIntel



---------------  S Y S T E M  ---------------

OS: Windows 10 , 64 bit Build 19041 (10.0.19041.1151)
OS uptime: 1 days 21:52 hours

CPU:total 8 (initial active 8) (4 cores per cpu, 2 threads per core) family 6 model 140 stepping 1, cmov, cx8, fxsr, mmx, sse, sse2, sse3, ssse3, sse4.1, sse4.2, popcnt, avx, avx2, aes, clmul, erms, 3dnowpref, lzcnt, ht, tsc, tscinvbit, bmi1, bmi2, adx, evex, sha, fma

Memory: 4k page, system-wide physical 7900M (735M free)
TotalPageFile size 9815M (AvailPageFile size 4M)
current process WorkingSet (physical memory assigned to process): 529M, peak: 529M
current process commit charge ("private bytes"): 566M, peak: 567M

vm_info: OpenJDK 64-Bit Server VM (11.0.8+10-b944.6842174) for windows-amd64 JRE (11.0.8+10-b944.6842174), built on Sep 19 2020 01:11:42 by "builder" with MS VC++ 14.0 (VS2015)

END.
